Log file open, 10/23/17 22:05:43
LogWindows: Failed to load 'aqProf.dll' (GetLastError=126)
LogWindows: File 'aqProf.dll' does not exist
LogWindows: Failed to load 'VSPerf140.dll' (GetLastError=126)
LogWindows: File 'VSPerf140.dll' does not exist
LogWindows: Failed to load 'VtuneApi.dll' (GetLastError=126)
LogWindows: File 'VtuneApi.dll' does not exist
LogWindows: Failed to load 'VtuneApi32e.dll' (GetLastError=126)
LogWindows: File 'VtuneApi32e.dll' does not exist
LogInit: Display: Running engine for game: PoC_Ellie
LogPlatformFile: Not using cached read wrapper
LogInit: Display: RandInit(2079843861) SRandInit(2079843861).
LogTaskGraph: Started task graph with 5 named threads and 14 total threads with 3 sets of task threads.
LogStats: Stats thread started at 0.162954
LogD3D11RHI: Aftermath initialized
LogPluginManager: Mounting plugin Paper2D
LogPluginManager: Mounting plugin LightPropagationVolume
LogPluginManager: Mounting plugin CodeLiteSourceCodeAccess
LogPluginManager: Mounting plugin GitSourceControl
LogPluginManager: Mounting plugin KDevelopSourceCodeAccess
LogPluginManager: Mounting plugin NullSourceCodeAccess
LogPluginManager: Mounting plugin PerforceSourceControl
LogPluginManager: Mounting plugin SubversionSourceControl
LogPluginManager: Mounting plugin UObjectPlugin
LogPluginManager: Mounting plugin VisualStudioSourceCodeAccess
LogPluginManager: Mounting plugin XCodeSourceCodeAccess
LogPluginManager: Mounting plugin AssetManagerEditor
LogPluginManager: Mounting plugin AudioCapture
LogPluginManager: Mounting plugin FacialAnimation
LogPluginManager: Mounting plugin GameplayTagsEditor
LogPluginManager: Mounting plugin MobileLauncherProfileWizard
LogPluginManager: Mounting plugin PluginBrowser
LogPluginManager: Mounting plugin SpeedTreeImporter
LogPluginManager: Mounting plugin AlembicImporter
LogPluginManager: Mounting plugin CharacterAI
LogPluginManager: Mounting plugin HTML5Networking
LogPluginManager: Mounting plugin AndroidMedia
LogPluginManager: Mounting plugin AvfMedia
LogPluginManager: Mounting plugin MediaPlayerEditor
LogPluginManager: Mounting plugin WmfMedia
LogPluginManager: Mounting plugin TcpMessaging
LogPluginManager: Mounting plugin UdpMessaging
LogPluginManager: Mounting plugin LevelSequenceEditor
LogPluginManager: Mounting plugin MatineeToLevelSequence
LogPluginManager: Mounting plugin OnlineSubsystemGooglePlay
LogPluginManager: Mounting plugin OnlineSubsystemIOS
LogPluginManager: Mounting plugin OnlineSubsystem
LogPluginManager: Mounting plugin OnlineSubsystemNull
LogPluginManager: Mounting plugin OnlineSubsystemUtils
LogPluginManager: Mounting plugin AndroidDeviceProfileSelector
LogPluginManager: Mounting plugin AndroidMoviePlayer
LogPluginManager: Mounting plugin AndroidPermission
LogPluginManager: Mounting plugin AppleMoviePlayer
LogPluginManager: Mounting plugin ArchVisCharacter
LogPluginManager: Mounting plugin CableComponent
LogPluginManager: Mounting plugin CustomMeshComponent
LogPluginManager: Mounting plugin ExampleDeviceProfileSelector
LogPluginManager: Mounting plugin GoogleCloudMessaging
LogPluginManager: Mounting plugin ImmediatePhysics
LogPluginManager: Mounting plugin IOSDeviceProfileSelector
LogPluginManager: Mounting plugin LinuxDeviceProfileSelector
LogPluginManager: Mounting plugin LocationServicesBPLibrary
LogPluginManager: Mounting plugin MobilePatchingUtils
LogPluginManager: Mounting plugin OculusVR
LogPluginManager: Mounting plugin PhysXVehicles
LogPluginManager: Mounting plugin ProceduralMeshComponent
LogPluginManager: Mounting plugin RuntimePhysXCooking
LogPluginManager: Mounting plugin SteamVR
LogPluginManager: Mounting plugin WindowsMoviePlayer
LogInit: Using libcurl 7.47.1
LogInit:  - built for x86_64-pc-win32
LogInit:  - supports SSL with OpenSSL/1.0.2g
LogInit:  - supports HTTP deflate (compression) using libz 1.2.8
LogInit:  - other features:
LogInit:      CURL_VERSION_SSL
LogInit:      CURL_VERSION_LIBZ
LogInit:      CURL_VERSION_IPV6
LogInit:      CURL_VERSION_ASYNCHDNS
LogInit:      CURL_VERSION_LARGEFILE
LogInit:      CURL_VERSION_IDN
LogInit:  CurlRequestOptions (configurable via config and command line):
LogInit:  - bVerifyPeer = false  - Libcurl will NOT verify peer certificate
LogInit:  - bUseHttpProxy = false  - Libcurl will NOT use HTTP proxy
LogInit:  - bDontReuseConnections = false  - Libcurl will reuse connections
LogInit:  - CertBundlePath = nullptr  - Libcurl will use whatever was configured at build time.
LogInit: Build: ++UE4+Release-4.17-CL-3658906
LogInit: Engine Version: 4.17.2-3658906+++UE4+Release-4.17
LogInit: Compatible Engine Version: 4.17.0-3573198+++UE4+Release-4.17
LogInit: Net CL: 3573198
LogDevObjectVersion: Number of dev versions registered: 16
LogDevObjectVersion:   Dev-Blueprints (B0D832E4-1F89-4F0D-ACCF-7EB736FD4AA2): 10
LogDevObjectVersion:   Dev-Build (E1C64328-A22C-4D53-A36C-8E866417BD8C): 0
LogDevObjectVersion:   Dev-Core (375EC13C-06E4-48FB-B500-84F0262A717E): 2
LogDevObjectVersion:   Dev-Editor (E4B068ED-F494-42E9-A231-DA0B2E46BB41): 20
LogDevObjectVersion:   Dev-Framework (CFFC743F-43B0-4480-9391-14DF171D2073): 28
LogDevObjectVersion:   Dev-Mobile (B02B49B5-BB20-44E9-A304-32B752E40360): 0
LogDevObjectVersion:   Dev-Networking (A4E4105C-59A1-49B5-A7C5-40C4547EDFEE): 0
LogDevObjectVersion:   Dev-Online (39C831C9-5AE6-47DC-9A44-9C173E1C8E7C): 0
LogDevObjectVersion:   Dev-Physics (78F01B33-EBEA-4F98-B9B4-84EACCB95AA2): 0
LogDevObjectVersion:   Dev-Platform (6631380F-2D4D-43E0-8009-CF276956A95A): 0
LogDevObjectVersion:   Dev-Rendering (12F88B9F-8875-4AFC-A67C-D90C383ABD29): 19
LogDevObjectVersion:   Dev-Sequencer (7B5AE74C-D270-4C10-A958-57980B212A5A): 4
LogDevObjectVersion:   Dev-VR (D7296918-1DD6-4BDD-9DE2-64A83CC13884): 0
LogDevObjectVersion:   Dev-LoadTimes (C2A15278-BFE7-4AFE-6C17-90FF531DF755): 1
LogDevObjectVersion:   Private-Geometry (6EACA3D4-40EC-4CC1-B786-8BED09428FC5): 1
LogDevObjectVersion:   Dev-AnimPhys (29E575DD-E0A3-4627-9D10-D276232CDCEA): 7
LogInit: Compiled (64-bit): Sep 22 2017 13:47:16
LogInit: Compiled with Visual C++: 19.00.24215.01
LogInit: Build Configuration: Development
LogInit: Branch Name: ++UE4+Release-4.17
LogInit: Command line:  
LogInit: Base directory: C:/Program Files/Epic Games/UE_4.17/Engine/Binaries/Win64/
LogInit: Installed Engine Build: 1
LogInit: Presizing for max 8388607 objects, including 0 objects not considered by GC, pre-allocating 0 bytes for permanent pool.
LogInit: Object subsystem initialized
[2017.10.24-05.05.44:028][  0]LogInit: Selected Device Profile: [Windows]
[2017.10.24-05.05.44:028][  0]LogInit: Applying CVar settings loaded from the selected device profile: [Windows]
[2017.10.24-05.05.44:056][  0]LogInit: Computer: DESKTOP-Q555RM9
[2017.10.24-05.05.44:056][  0]LogInit: User: PrimaryUser
[2017.10.24-05.05.44:056][  0]LogInit: CPU Page size=4096, Cores=4
[2017.10.24-05.05.44:056][  0]LogInit: High frequency timer resolution =3.222654 MHz
[2017.10.24-05.05.44:057][  0]LogMemory: Memory total: Physical=15.9GB (16GB approx)
[2017.10.24-05.05.44:057][  0]LogMemory: Platform Memory Stats for Windows
[2017.10.24-05.05.44:057][  0]LogMemory: Process Physical Memory: 279.00 MB used, 279.00 MB peak
[2017.10.24-05.05.44:057][  0]LogMemory: Process Virtual Memory: 282.25 MB used, 282.25 MB peak
[2017.10.24-05.05.44:057][  0]LogMemory: Physical Memory: 3947.61 MB used,  12374.48 MB free, 16322.09 MB total
[2017.10.24-05.05.44:057][  0]LogMemory: Virtual Memory: 676.78 MB used,  12374.48 MB free, 134217728.00 MB total
[2017.10.24-05.05.44:451][  0]LogInit: Using OS detected language (en-US).
[2017.10.24-05.05.44:451][  0]LogInit: Using OS detected locale (en-US).
[2017.10.24-05.05.44:503][  0]LogTextLocalizationManager: No specific localization for 'en-US' exists, so the 'en' localization will be used.
[2017.10.24-05.05.46:861][  0]LogD3D11RHI: D3D11 adapters:
[2017.10.24-05.05.46:894][  0]LogD3D11RHI:    0. 'NVIDIA GeForce GTX 980' (Feature Level 11_0)
[2017.10.24-05.05.46:894][  0]LogD3D11RHI:       4060/0/8161 MB DedicatedVideo/DedicatedSystem/SharedSystem, Outputs:1, VendorId:0x10de
[2017.10.24-05.05.46:896][  0]LogD3D11RHI:    1. 'Microsoft Basic Render Driver' (Feature Level 11_0)
[2017.10.24-05.05.46:896][  0]LogD3D11RHI:       0/0/8161 MB DedicatedVideo/DedicatedSystem/SharedSystem, Outputs:0, VendorId:0x1414
[2017.10.24-05.05.46:896][  0]LogD3D11RHI: Chosen D3D11 Adapter: 0
[2017.10.24-05.05.46:901][  0]LogD3D11RHI: Creating new Direct3DDevice
[2017.10.24-05.05.46:901][  0]LogD3D11RHI:     GPU DeviceId: 0x13c0 (for the marketing name, search the web for "GPU Device Id")
[2017.10.24-05.05.46:901][  0]LogWindows: EnumDisplayDevices:
[2017.10.24-05.05.46:902][  0]LogWindows:    0. 'NVIDIA GeForce GTX 980' (P:1 D:1)
[2017.10.24-05.05.46:902][  0]LogWindows:    1. 'NVIDIA GeForce GTX 980' (P:0 D:0)
[2017.10.24-05.05.46:902][  0]LogWindows:    2. 'NVIDIA GeForce GTX 980' (P:0 D:0)
[2017.10.24-05.05.46:902][  0]LogWindows:    3. 'NVIDIA GeForce GTX 980' (P:0 D:0)
[2017.10.24-05.05.46:902][  0]LogWindows: DebugString: FoundDriverCount:4 
[2017.10.24-05.05.46:902][  0]LogD3D11RHI:     Adapter Name: NVIDIA GeForce GTX 980
[2017.10.24-05.05.46:902][  0]LogD3D11RHI:   Driver Version: 388.00 (internal:23.21.13.8800, unified:388.00)
[2017.10.24-05.05.46:902][  0]LogD3D11RHI:      Driver Date: 10-12-2017
[2017.10.24-05.05.46:902][  0]LogRHI: Texture pool is 1361 MB (70% of 1945 MB)
[2017.10.24-05.05.46:924][  0]LogD3D11RHI: Async texture creation enabled
[2017.10.24-05.05.47:002][  0]LogD3D11RHI: GPU Timing Frequency: 1000.000000 (Debug: 2 1)
[2017.10.24-05.05.47:004][  0]LogShaderCompilers: Guid format shader working directory is -20 characters bigger than the processId version (../../../../../../Users/Primary User/Documents/Unreal Projects/PoC_Ellie/Intermediate/Shaders/WorkingDirectory/49204/).
[2017.10.24-05.05.47:004][  0]LogShaderCompilers: Cleaned the shader compiler working directory 'C:/Users/Primary User/AppData/Local/Temp/UnrealShaderWorkingDir/F96E80034830ED780720D19207A28913/'.
[2017.10.24-05.05.47:004][  0]LogShaderCompilers: Display: Using Local Shader Compiler.
[2017.10.24-05.05.48:476][  0]LogTemp: Display: Loaded TP AllDesktopTargetPlatform
[2017.10.24-05.05.48:518][  0]LogTemp: Display: Loaded TP MacClientTargetPlatform
[2017.10.24-05.05.48:560][  0]LogTemp: Display: Loaded TP MacNoEditorTargetPlatform
[2017.10.24-05.05.48:602][  0]LogTemp: Display: Loaded TP MacServerTargetPlatform
[2017.10.24-05.05.48:648][  0]LogTemp: Display: Loaded TP MacTargetPlatform
[2017.10.24-05.05.48:690][  0]LogTemp: Display: Loaded TP WindowsClientTargetPlatform
[2017.10.24-05.05.48:732][  0]LogTemp: Display: Loaded TP WindowsNoEditorTargetPlatform
[2017.10.24-05.05.48:774][  0]LogTemp: Display: Loaded TP WindowsServerTargetPlatform
[2017.10.24-05.05.48:810][  0]LogTemp: Display: Loaded TP WindowsTargetPlatform
[2017.10.24-05.05.48:854][  0]LogTemp: Display: Loaded TP AndroidTargetPlatform
[2017.10.24-05.05.48:895][  0]LogTemp: Display: Loaded TP Android_ASTCTargetPlatform
[2017.10.24-05.05.48:937][  0]LogTemp: Display: Loaded TP Android_ATCTargetPlatform
[2017.10.24-05.05.48:978][  0]LogTemp: Display: Loaded TP Android_DXTTargetPlatform
[2017.10.24-05.05.49:019][  0]LogTemp: Display: Loaded TP Android_ETC1TargetPlatform
[2017.10.24-05.05.49:060][  0]LogTemp: Display: Loaded TP Android_ETC2TargetPlatform
[2017.10.24-05.05.49:141][  0]LogTemp: Display: Loaded TP Android_MultiTargetPlatform
[2017.10.24-05.05.49:141][  0]LogTemp: Display: Loaded TP Android_PVRTCTargetPlatform
[2017.10.24-05.05.49:172][  0]LogTemp: Display: Loaded TP HTML5TargetPlatform
[2017.10.24-05.05.49:255][  0]LogTemp: Display: Loaded TP IOSTargetPlatform
[2017.10.24-05.05.49:301][  0]LogTemp: Display: Loaded TP TVOSTargetPlatform
[2017.10.24-05.05.49:342][  0]LogTemp: Display: Loaded TP LinuxClientTargetPlatform
[2017.10.24-05.05.49:397][  0]LogTemp: Display: Loaded TP LinuxNoEditorTargetPlatform
[2017.10.24-05.05.49:445][  0]LogTemp: Display: Loaded TP LinuxServerTargetPlatform
[2017.10.24-05.05.49:488][  0]LogTemp: Display: Loaded TP LinuxTargetPlatform
[2017.10.24-05.05.49:488][  0]LogTargetPlatformManager: Display: Building Assets For Windows
[2017.10.24-05.05.49:943][  0]LogDerivedDataCache: Display: Max Cache Size: 512 MB
[2017.10.24-05.05.50:034][  0]LogDerivedDataCache: Loaded boot cache 0.09s 93MB C:/Users/Primary User/AppData/Local/UnrealEngine/4.17/DerivedDataCache/Boot.ddc.
[2017.10.24-05.05.50:034][  0]LogDerivedDataCache: Display: Loaded Boot cache: C:/Users/Primary User/AppData/Local/UnrealEngine/4.17/DerivedDataCache/Boot.ddc
[2017.10.24-05.05.50:034][  0]LogDerivedDataCache: FDerivedDataBackendGraph:  Pak pak cache file ../../../../../../Users/Primary User/Documents/Unreal Projects/PoC_Ellie/DerivedDataCache/DDC.ddp not found, will not use a pak cache.
[2017.10.24-05.05.50:034][  0]LogDerivedDataCache: Unable to find inner node Pak for hierarchical cache Hierarchy.
[2017.10.24-05.05.50:035][  0]LogDerivedDataCache: FDerivedDataBackendGraph:  CompressedPak pak cache file ../../../../../../Users/Primary User/Documents/Unreal Projects/PoC_Ellie/DerivedDataCache/Compressed.ddp not found, will not use a pak cache.
[2017.10.24-05.05.50:035][  0]LogDerivedDataCache: Unable to find inner node CompressedPak for hierarchical cache Hierarchy.
[2017.10.24-05.05.50:061][  0]LogDerivedDataCache: Display: Pak cache opened for reading ../../../Engine/DerivedDataCache/Compressed.ddp.
[2017.10.24-05.05.50:073][  0]LogDerivedDataCache: Using Local data cache path C:/Users/Primary User/AppData/Local/UnrealEngine/Common/DerivedDataCache: Writable
[2017.10.24-05.05.50:097][  0]LogMaterial: Verifying Global Shaders for PCD3D_SM5
[2017.10.24-05.05.50:097][  0]LogSlate: Using Freetype 2.6.0
[2017.10.24-05.05.50:116][  0]LogSlate: SlateFontCache - WITH_FREETYPE: 1, WITH_HARFBUZZ: 1
[2017.10.24-05.05.50:116][  0]LogSlate: SlateFontCache - WITH_FREETYPE: 1, WITH_HARFBUZZ: 1
[2017.10.24-05.05.50:525][  0]LogAssetRegistry: FAssetRegistry took 0.0257 seconds to start up
[2017.10.24-05.05.50:629][  0]LogInit: Selected Device Profile: [Windows]
[2017.10.24-05.05.51:132][  0]LogSimplygon: Simplygon DLL not present - disabling.
[2017.10.24-05.05.51:164][  0]LogMeshReduction: Using SimplygonSwarm for distributed automatic mesh merging
[2017.10.24-05.05.51:164][  0]LogMeshReduction: Using QuadricMeshReduction for automatic static mesh reduction
[2017.10.24-05.05.51:164][  0]LogMeshReduction: No automatic skeletal mesh reduction module available
[2017.10.24-05.05.51:164][  0]LogMeshReduction: No automatic mesh merging module available
[2017.10.24-05.05.51:164][  0]LogMeshMerging: No automatic mesh merging module available
[2017.10.24-05.05.51:165][  0]LogContentStreaming: Texture pool size is 0.00 MB
[2017.10.24-05.05.51:821][  0]LogNetVersion: PoC_Ellie , NetCL: 3573198, EngineNetVer: 2, GameNetVer: 0 (Checksum: 1185797616)
[2017.10.24-05.05.52:212][  0]LogPackageLocalizationCache: Processed 5 localized package path(s) for 2 prioritized culture(s) in 0.053950 seconds
[2017.10.24-05.05.52:218][  0]LogUObjectArray: 35825 objects as part of root set at end of initial load.
[2017.10.24-05.05.52:218][  0]LogUObjectAllocator: 7529112 out of 0 bytes used by permanent object pool.
[2017.10.24-05.05.52:218][  0]LogUObjectArray: CloseDisregardForGC: 0/0 objects in disregard for GC pool
[2017.10.24-05.05.52:267][  0]LogInit: WinSock: version 1.1 (2.2), MaxSocks=32767, MaxUdp=65467
[2017.10.24-05.05.55:984][  0]LogTcpMessaging: Initializing TcpMessaging bridge
[2017.10.24-05.05.56:018][  0]LogUdpMessaging: Initializing bridge on interface 0.0.0.0:0 to multicast group 230.0.0.1:6666.
[2017.10.24-05.05.56:663][  0]LogMaterial: Uniform references updated for custom material expression Custom.
[2017.10.24-05.05.57:065][  0]SourceControl: Source control is disabled
[2017.10.24-05.05.58:803][  0]LogAndroidPermission: UAndroidPermissionCallbackProxy::GetInstance
[2017.10.24-05.05.59:018][  0]LogOcInput: OculusInput pre-init called
[2017.10.24-05.05.59:272][  0]LogEngine: Initializing Engine...
[2017.10.24-05.05.59:274][  0]LogHMD: Failed to initialize OpenVR with code 110
[2017.10.24-05.05.59:647][  0]LogStats: UGameplayTagsManager::ConstructGameplayTagTree: Construct from data asset -  0.000 s
[2017.10.24-05.05.59:647][  0]LogStats: UGameplayTagsManager::ConstructGameplayTagTree: GameplayTagTreeChangedEvent.Broadcast -  0.000 s
[2017.10.24-05.05.59:766][  0]LogAIModule: Creating AISystem for world Untitled
[2017.10.24-05.05.59:792][  0]LogInit: XAudio2 using 'Speakers (Realtek High Definition Audio)' : 2 channels at 48 kHz using 32 bits per sample (channel mask 0x3)
[2017.10.24-05.05.59:856][  0]LogInit: FAudioDevice initialized.
[2017.10.24-05.05.59:945][  0]LogDerivedDataCache: Saved boot cache 0.09s 93MB C:/Users/Primary User/AppData/Local/UnrealEngine/4.17/DerivedDataCache/Boot.ddc.
[2017.10.24-05.05.59:954][  0]LogInit: Texture streaming: Enabled
[2017.10.24-05.06.00:059][  0]LogEngineSessionManager: EngineSessionManager initialized
[2017.10.24-05.06.00:274][  0]LogInit: Transaction tracking system initialized
[2017.10.24-05.06.00:580][  0]BlueprintLog: New page: Editor Load
[2017.10.24-05.06.01:378][  0]LocalizationService: Localization service is disabled
[2017.10.24-05.06.02:153][  0]LogConsoleResponse: Display: 
[2017.10.24-05.06.02:566][  0]LogCook: Display: Max memory allowance for cook 16384mb min free memory 0mb
[2017.10.24-05.06.02:566][  0]LogCook: Display: Mobile HDR setting 1
[2017.10.24-05.06.02:566][  0]LogGameplayTags: Display: UGameplayTagsManager::DoneAddingNativeTags. DelegateIsBound: 0
[2017.10.24-05.06.03:081][  0]LogFileCache: Scanning file cache for directory 'C:/Users/Primary User/Documents/Unreal Projects/PoC_Ellie/Content/' took 0.02s
[2017.10.24-05.06.03:632][  0]Cmd: MAP LOAD FILE="../../../../../../Users/Primary User/Documents/Unreal Projects/PoC_Ellie/Content/ThirdPersonBP/Maps/ThirdPersonExampleMap.umap" TEMPLATE=0 SHOWPROGRESS=1 FEATURELEVEL=3
[2017.10.24-05.06.03:636][  0]LightingResults: New page: Lighting Build
[2017.10.24-05.06.03:673][  0]MapCheck: New page: Map Check
[2017.10.24-05.06.03:673][  0]LightingResults: New page: Lighting Build
[2017.10.24-05.06.04:271][  0]LogAIModule: Creating AISystem for world ThirdPersonExampleMap
[2017.10.24-05.06.04:284][  0]LogEditorServer: Finished looking for orphan Actors (0.000 secs)
[2017.10.24-05.06.04:304][  0]Cmd: MAP CHECKDEP NOCLEARLOG
[2017.10.24-05.06.04:358][  0]MapCheck: Map check complete: 0 Error(s), 0 Warning(s), took 53.469ms to complete.
[2017.10.24-05.06.04:358][  0]LogFileHelpers: Loading map 'ThirdPersonExampleMap' took 0.726
[2017.10.24-05.06.04:604][  0]LogCollectionManager: Loaded 0 collections in 0.001337 seconds
[2017.10.24-05.06.04:675][  0]LogFileCache: Scanning file cache for directory 'C:/Users/Primary User/Documents/Unreal Projects/PoC_Ellie/Saved/Collections/' took 0.01s
[2017.10.24-05.06.04:675][  0]LogFileCache: Scanning file cache for directory 'C:/Users/Primary User/Documents/Unreal Projects/PoC_Ellie/Content/Developers/PrimaryUser/Collections/' took 0.01s
[2017.10.24-05.06.04:675][  0]LogFileCache: Scanning file cache for directory 'C:/Users/Primary User/Documents/Unreal Projects/PoC_Ellie/Content/Collections/' took 0.01s
[2017.10.24-05.06.04:675][  0]LogCollectionManager: Rebuilt the GUID cache for 0 collections in 0.000000 seconds
[2017.10.24-05.06.04:684][  0]LogContentBrowser: Native class hierarchy populated in 0.0093 seconds. Added 2387 classes and 502 folders.
[2017.10.24-05.06.04:738][  0]LogContentBrowser: Native class hierarchy updated for 'WidgetCarousel' in 0.0006 seconds. Added 0 classes and 0 folders.
[2017.10.24-05.06.05:048][  0]LogContentBrowser: Native class hierarchy updated for 'AddContentDialog' in 0.0007 seconds. Added 0 classes and 0 folders.
[2017.10.24-05.06.05:138][  0]LogSlate: Took 0.000210 seconds to synchronously load lazily loaded font '../../../Engine/Content/Slate/Fonts/Roboto-Regular.ttf' (155K)
[2017.10.24-05.06.05:145][  0]LogSlate: Took 0.003757 seconds to synchronously load lazily loaded font '../../../Engine/Content/Slate/Fonts/Roboto-Bold.ttf' (160K)
[2017.10.24-05.06.05:151][  0]LogSlate: Took 0.003606 seconds to synchronously load lazily loaded font '../../../Engine/Content/Editor/Slate/Fonts/FontAwesome.ttf' (139K)
[2017.10.24-05.06.05:271][  0]LogRenderer: Reallocating scene render targets to support 1164x656 Format 10 NumSamples 1 (Frame:1).
[2017.10.24-05.06.05:701][  0]LogContentBrowser: Native class hierarchy updated for 'HierarchicalLODOutliner' in 0.0012 seconds. Added 1 classes and 2 folders.
[2017.10.24-05.06.05:701][  0]LogLoad: (Engine Initialization) Total time: 23.63 seconds
[2017.10.24-05.06.05:701][  0]LogLoad: (Engine Initialization) Total Blueprint compile time: 0.00 seconds
[2017.10.24-05.06.05:701][  0]LogExternalProfiler: No external profilers were discovered.  External profiling features will not be available.
[2017.10.24-05.06.05:733][  0]SourceControl: On branch master
[2017.10.24-05.06.05:733][  0]SourceControl: Your branch is up-to-date with 'origin/master'.
[2017.10.24-05.06.05:733][  0]SourceControl: nothing to commit, working tree clean
[2017.10.24-05.06.05:734][  0]LogContentStreaming: Texture pool size now 1000 MB
[2017.10.24-05.06.05:787][  0]LogSlate: Took 0.000177 seconds to synchronously load lazily loaded font '../../../Engine/Content/Slate/Fonts/Roboto-Light.ttf' (159K)
[2017.10.24-05.06.05:804][  1]LogAssetRegistry: Asset discovery search completed in 15.3008 seconds
[2017.10.24-05.06.05:806][  1]LogCollectionManager: Rebuilt the object cache for 0 collections in 0.000001 seconds (found 0 objects)
[2017.10.24-05.06.05:806][  1]LogCollectionManager: Fixed up redirectors for 0 collections in 0.000062 seconds (updated 0 objects)
[2017.10.24-05.06.47:748][284]LogLinker: Warning: Can't find file '/Game/ForestCollection/Materials/Rocks/MTL_ForestC_Boulder01'
[2017.10.24-05.06.47:749][284]LogLinker: Warning: Can't find file for asset '/Game/ForestCollection/Materials/Rocks/MTL_ForestC_Boulder01' while loading ../../../../../../Users/Primary User/Documents/Unreal Projects/PoC_Ellie/Content/ForestCollection/Meshes/Rocks/SM_ForestC_Boulder01.uasset.
[2017.10.24-05.06.47:749][284]LoadErrors: Error: /Game/ForestCollection/Meshes/Rocks/SM_ForestC_Boulder01 : Can't find file for asset. /Game/ForestCollection/Materials/Rocks/MTL_ForestC_Boulder01
[2017.10.24-05.06.47:749][284]LogLinker: Warning: Can't find file '/Game/ForestCollection/Materials/Rocks/MTL_ForestC_Boulder01_LOD'
[2017.10.24-05.06.47:749][284]LogLinker: Warning: Can't find file for asset '/Game/ForestCollection/Materials/Rocks/MTL_ForestC_Boulder01_LOD' while loading ../../../../../../Users/Primary User/Documents/Unreal Projects/PoC_Ellie/Content/ForestCollection/Meshes/Rocks/SM_ForestC_Boulder01.uasset.
[2017.10.24-05.06.47:749][284]LoadErrors: Error: /Game/ForestCollection/Meshes/Rocks/SM_ForestC_Boulder01 : Can't find file for asset. /Game/ForestCollection/Materials/Rocks/MTL_ForestC_Boulder01_LOD
[2017.10.24-05.06.47:749][284]LogLinker: Warning: Can't find file '/Game/ForestCollection/Materials/Rocks/MTL_ForestC_Boulder01'
[2017.10.24-05.06.47:749][284]LogLinker: Warning: Can't find file for asset '/Game/ForestCollection/Materials/Rocks/MTL_ForestC_Boulder01' while loading ../../../../../../Users/Primary User/Documents/Unreal Projects/PoC_Ellie/Content/ForestCollection/Meshes/Rocks/SM_ForestC_Boulder01.uasset.
[2017.10.24-05.06.47:749][284]LogLinker: Warning: Can't find file '/Game/ForestCollection/Materials/Rocks/MTL_ForestC_Boulder01_LOD'
[2017.10.24-05.06.47:749][284]LogLinker: Warning: Can't find file for asset '/Game/ForestCollection/Materials/Rocks/MTL_ForestC_Boulder01_LOD' while loading ../../../../../../Users/Primary User/Documents/Unreal Projects/PoC_Ellie/Content/ForestCollection/Meshes/Rocks/SM_ForestC_Boulder01.uasset.
[2017.10.24-05.06.47:750][284]LogLinker: Warning: Can't find file '/Game/ForestCollection/Materials/Rocks/MTL_ForestC_Boulder01'
[2017.10.24-05.06.47:750][284]LoadErrors: Failed to load /Game/ForestCollection/Materials/Rocks/MTL_ForestC_Boulder01.MTL_ForestC_Boulder01 Referenced by SM_ForestC_Boulder01
[2017.10.24-05.06.47:750][284]LogLinker: Warning: Can't find file for asset '/Game/ForestCollection/Materials/Rocks/MTL_ForestC_Boulder01' while loading NULL.
[2017.10.24-05.06.47:751][284]LogLinker: Warning: Can't find file '/Game/ForestCollection/Materials/Rocks/MTL_ForestC_Boulder01_LOD'
[2017.10.24-05.06.47:751][284]LoadErrors: Failed to load /Game/ForestCollection/Materials/Rocks/MTL_ForestC_Boulder01_LOD.MTL_ForestC_Boulder01_LOD Referenced by SM_ForestC_Boulder01
[2017.10.24-05.06.47:751][284]LogLinker: Warning: Can't find file for asset '/Game/ForestCollection/Materials/Rocks/MTL_ForestC_Boulder01_LOD' while loading NULL.
[2017.10.24-05.06.47:751][284]LogLinker: Warning: Can't find file '/Game/ForestCollection/Materials/Rocks/MTL_ForestC_Boulder01_LOD'
[2017.10.24-05.06.47:751][284]LogLinker: Warning: Can't find file for asset '/Game/ForestCollection/Materials/Rocks/MTL_ForestC_Boulder01_LOD' while loading NULL.
[2017.10.24-05.06.47:751][284]LogLinker: Warning: Can't find file '/Game/ForestCollection/Materials/Rocks/MTL_ForestC_Boulder01_LOD'
[2017.10.24-05.06.47:751][284]LogLinker: Warning: Can't find file for asset '/Game/ForestCollection/Materials/Rocks/MTL_ForestC_Boulder01_LOD' while loading NULL.
[2017.10.24-05.06.47:751][284]LogStaticMesh: Building static mesh SM_ForestC_Boulder01...
[2017.10.24-05.06.47:751][284]LogSlate: Warning: Prevented a slow task dialog from being summoned while a context menu was open
[2017.10.24-05.06.48:364][284]LogStaticMesh: Built static mesh [0.61s] /Game/ForestCollection/Meshes/Rocks/SM_ForestC_Boulder01.SM_ForestC_Boulder01
[2017.10.24-05.06.48:384][284]LogLinker: Warning: Can't find file '/Game/ForestCollection/Materials/Rocks/MTL_ForestC_Boulder02'
[2017.10.24-05.06.48:384][284]LogLinker: Warning: Can't find file for asset '/Game/ForestCollection/Materials/Rocks/MTL_ForestC_Boulder02' while loading ../../../../../../Users/Primary User/Documents/Unreal Projects/PoC_Ellie/Content/ForestCollection/Meshes/Rocks/SM_ForestC_Boulder02.uasset.
[2017.10.24-05.06.48:384][284]LoadErrors: Error: /Game/ForestCollection/Meshes/Rocks/SM_ForestC_Boulder02 : Can't find file for asset. /Game/ForestCollection/Materials/Rocks/MTL_ForestC_Boulder02
[2017.10.24-05.06.48:384][284]LogLinker: Warning: Can't find file '/Game/ForestCollection/Materials/Rocks/MTL_ForestC_Boulder02_LOD'
[2017.10.24-05.06.48:385][284]LogLinker: Warning: Can't find file for asset '/Game/ForestCollection/Materials/Rocks/MTL_ForestC_Boulder02_LOD' while loading ../../../../../../Users/Primary User/Documents/Unreal Projects/PoC_Ellie/Content/ForestCollection/Meshes/Rocks/SM_ForestC_Boulder02.uasset.
[2017.10.24-05.06.48:385][284]LoadErrors: Error: /Game/ForestCollection/Meshes/Rocks/SM_ForestC_Boulder02 : Can't find file for asset. /Game/ForestCollection/Materials/Rocks/MTL_ForestC_Boulder02_LOD
[2017.10.24-05.06.48:385][284]LogLinker: Warning: Can't find file '/Game/ForestCollection/Materials/Rocks/MTL_ForestC_Boulder02'
[2017.10.24-05.06.48:385][284]LogLinker: Warning: Can't find file for asset '/Game/ForestCollection/Materials/Rocks/MTL_ForestC_Boulder02' while loading ../../../../../../Users/Primary User/Documents/Unreal Projects/PoC_Ellie/Content/ForestCollection/Meshes/Rocks/SM_ForestC_Boulder02.uasset.
[2017.10.24-05.06.48:385][284]LogLinker: Warning: Can't find file '/Game/ForestCollection/Materials/Rocks/MTL_ForestC_Boulder02_LOD'
[2017.10.24-05.06.48:385][284]LogLinker: Warning: Can't find file for asset '/Game/ForestCollection/Materials/Rocks/MTL_ForestC_Boulder02_LOD' while loading ../../../../../../Users/Primary User/Documents/Unreal Projects/PoC_Ellie/Content/ForestCollection/Meshes/Rocks/SM_ForestC_Boulder02.uasset.
[2017.10.24-05.06.48:386][284]LogLinker: Warning: Can't find file '/Game/ForestCollection/Materials/Rocks/MTL_ForestC_Boulder02'
[2017.10.24-05.06.48:386][284]LoadErrors: Failed to load /Game/ForestCollection/Materials/Rocks/MTL_ForestC_Boulder02.MTL_ForestC_Boulder02 Referenced by SM_ForestC_Boulder02
[2017.10.24-05.06.48:387][284]LogLinker: Warning: Can't find file for asset '/Game/ForestCollection/Materials/Rocks/MTL_ForestC_Boulder02' while loading NULL.
[2017.10.24-05.06.48:387][284]LogLinker: Warning: Can't find file '/Game/ForestCollection/Materials/Rocks/MTL_ForestC_Boulder02_LOD'
[2017.10.24-05.06.48:387][284]LoadErrors: Failed to load /Game/ForestCollection/Materials/Rocks/MTL_ForestC_Boulder02_LOD.MTL_ForestC_Boulder02_LOD Referenced by SM_ForestC_Boulder02
[2017.10.24-05.06.48:387][284]LogLinker: Warning: Can't find file for asset '/Game/ForestCollection/Materials/Rocks/MTL_ForestC_Boulder02_LOD' while loading NULL.
[2017.10.24-05.06.48:387][284]LogLinker: Warning: Can't find file '/Game/ForestCollection/Materials/Rocks/MTL_ForestC_Boulder02_LOD'
[2017.10.24-05.06.48:387][284]LogLinker: Warning: Can't find file for asset '/Game/ForestCollection/Materials/Rocks/MTL_ForestC_Boulder02_LOD' while loading NULL.
[2017.10.24-05.06.48:387][284]LogLinker: Warning: Can't find file '/Game/ForestCollection/Materials/Rocks/MTL_ForestC_Boulder02_LOD'
[2017.10.24-05.06.48:387][284]LogLinker: Warning: Can't find file for asset '/Game/ForestCollection/Materials/Rocks/MTL_ForestC_Boulder02_LOD' while loading NULL.
[2017.10.24-05.06.48:388][284]LogStaticMesh: Building static mesh SM_ForestC_Boulder02...
[2017.10.24-05.06.48:388][284]LogSlate: Warning: Prevented a slow task dialog from being summoned while a context menu was open
[2017.10.24-05.06.49:039][284]LogStaticMesh: Built static mesh [0.65s] /Game/ForestCollection/Meshes/Rocks/SM_ForestC_Boulder02.SM_ForestC_Boulder02
[2017.10.24-05.06.49:064][284]LogLinker: Warning: Can't find file '/Game/ForestCollection/Materials/Rocks/MTL_ForestC_Boulder03'
[2017.10.24-05.06.49:064][284]LogLinker: Warning: Can't find file for asset '/Game/ForestCollection/Materials/Rocks/MTL_ForestC_Boulder03' while loading ../../../../../../Users/Primary User/Documents/Unreal Projects/PoC_Ellie/Content/ForestCollection/Meshes/Rocks/SM_ForestC_Boulder03.uasset.
[2017.10.24-05.06.49:064][284]LoadErrors: Error: /Game/ForestCollection/Meshes/Rocks/SM_ForestC_Boulder03 : Can't find file for asset. /Game/ForestCollection/Materials/Rocks/MTL_ForestC_Boulder03
[2017.10.24-05.06.49:064][284]LogLinker: Warning: Can't find file '/Game/ForestCollection/Materials/Rocks/MTL_ForestC_Boulder03_LOD'
[2017.10.24-05.06.49:065][284]LogLinker: Warning: Can't find file for asset '/Game/ForestCollection/Materials/Rocks/MTL_ForestC_Boulder03_LOD' while loading ../../../../../../Users/Primary User/Documents/Unreal Projects/PoC_Ellie/Content/ForestCollection/Meshes/Rocks/SM_ForestC_Boulder03.uasset.
[2017.10.24-05.06.49:065][284]LoadErrors: Error: /Game/ForestCollection/Meshes/Rocks/SM_ForestC_Boulder03 : Can't find file for asset. /Game/ForestCollection/Materials/Rocks/MTL_ForestC_Boulder03_LOD
[2017.10.24-05.06.49:065][284]LogLinker: Warning: Can't find file '/Game/ForestCollection/Materials/Rocks/MTL_ForestC_Boulder03'
[2017.10.24-05.06.49:065][284]LogLinker: Warning: Can't find file for asset '/Game/ForestCollection/Materials/Rocks/MTL_ForestC_Boulder03' while loading ../../../../../../Users/Primary User/Documents/Unreal Projects/PoC_Ellie/Content/ForestCollection/Meshes/Rocks/SM_ForestC_Boulder03.uasset.
[2017.10.24-05.06.49:065][284]LogLinker: Warning: Can't find file '/Game/ForestCollection/Materials/Rocks/MTL_ForestC_Boulder03_LOD'
[2017.10.24-05.06.49:065][284]LogLinker: Warning: Can't find file for asset '/Game/ForestCollection/Materials/Rocks/MTL_ForestC_Boulder03_LOD' while loading ../../../../../../Users/Primary User/Documents/Unreal Projects/PoC_Ellie/Content/ForestCollection/Meshes/Rocks/SM_ForestC_Boulder03.uasset.
[2017.10.24-05.06.49:066][284]LogLinker: Warning: Can't find file '/Game/ForestCollection/Materials/Rocks/MTL_ForestC_Boulder03'
[2017.10.24-05.06.49:066][284]LoadErrors: Failed to load /Game/ForestCollection/Materials/Rocks/MTL_ForestC_Boulder03.MTL_ForestC_Boulder03 Referenced by SM_ForestC_Boulder03
[2017.10.24-05.06.49:067][284]LogLinker: Warning: Can't find file for asset '/Game/ForestCollection/Materials/Rocks/MTL_ForestC_Boulder03' while loading NULL.
[2017.10.24-05.06.49:067][284]LogLinker: Warning: Can't find file '/Game/ForestCollection/Materials/Rocks/MTL_ForestC_Boulder03_LOD'
[2017.10.24-05.06.49:067][284]LoadErrors: Failed to load /Game/ForestCollection/Materials/Rocks/MTL_ForestC_Boulder03_LOD.MTL_ForestC_Boulder03_LOD Referenced by SM_ForestC_Boulder03
[2017.10.24-05.06.49:067][284]LogLinker: Warning: Can't find file for asset '/Game/ForestCollection/Materials/Rocks/MTL_ForestC_Boulder03_LOD' while loading NULL.
[2017.10.24-05.06.49:067][284]LogLinker: Warning: Can't find file '/Game/ForestCollection/Materials/Rocks/MTL_ForestC_Boulder03_LOD'
[2017.10.24-05.06.49:067][284]LogLinker: Warning: Can't find file for asset '/Game/ForestCollection/Materials/Rocks/MTL_ForestC_Boulder03_LOD' while loading NULL.
[2017.10.24-05.06.49:067][284]LogLinker: Warning: Can't find file '/Game/ForestCollection/Materials/Rocks/MTL_ForestC_Boulder03_LOD'
[2017.10.24-05.06.49:068][284]LogLinker: Warning: Can't find file for asset '/Game/ForestCollection/Materials/Rocks/MTL_ForestC_Boulder03_LOD' while loading NULL.
[2017.10.24-05.06.49:068][284]LogStaticMesh: Building static mesh SM_ForestC_Boulder03...
[2017.10.24-05.06.49:068][284]LogSlate: Warning: Prevented a slow task dialog from being summoned while a context menu was open
[2017.10.24-05.06.49:681][284]LogStaticMesh: Built static mesh [0.61s] /Game/ForestCollection/Meshes/Rocks/SM_ForestC_Boulder03.SM_ForestC_Boulder03
[2017.10.24-05.06.49:694][284]LogLinker: Warning: Can't find file '/Game/ForestCollection/Materials/Rocks/MTL_ForestC_Boulder04'
[2017.10.24-05.06.49:694][284]LogLinker: Warning: Can't find file for asset '/Game/ForestCollection/Materials/Rocks/MTL_ForestC_Boulder04' while loading ../../../../../../Users/Primary User/Documents/Unreal Projects/PoC_Ellie/Content/ForestCollection/Meshes/Rocks/SM_ForestC_Boulder04.uasset.
[2017.10.24-05.06.49:694][284]LoadErrors: Error: /Game/ForestCollection/Meshes/Rocks/SM_ForestC_Boulder04 : Can't find file for asset. /Game/ForestCollection/Materials/Rocks/MTL_ForestC_Boulder04
[2017.10.24-05.06.49:694][284]LogLinker: Warning: Can't find file '/Game/ForestCollection/Materials/Rocks/MTL_ForestC_Boulder04_LOD'
[2017.10.24-05.06.49:694][284]LogLinker: Warning: Can't find file for asset '/Game/ForestCollection/Materials/Rocks/MTL_ForestC_Boulder04_LOD' while loading ../../../../../../Users/Primary User/Documents/Unreal Projects/PoC_Ellie/Content/ForestCollection/Meshes/Rocks/SM_ForestC_Boulder04.uasset.
[2017.10.24-05.06.49:694][284]LoadErrors: Error: /Game/ForestCollection/Meshes/Rocks/SM_ForestC_Boulder04 : Can't find file for asset. /Game/ForestCollection/Materials/Rocks/MTL_ForestC_Boulder04_LOD
[2017.10.24-05.06.49:695][284]LogLinker: Warning: Can't find file '/Game/ForestCollection/Materials/Rocks/MTL_ForestC_Boulder04'
[2017.10.24-05.06.49:695][284]LogLinker: Warning: Can't find file for asset '/Game/ForestCollection/Materials/Rocks/MTL_ForestC_Boulder04' while loading ../../../../../../Users/Primary User/Documents/Unreal Projects/PoC_Ellie/Content/ForestCollection/Meshes/Rocks/SM_ForestC_Boulder04.uasset.
[2017.10.24-05.06.49:695][284]LogLinker: Warning: Can't find file '/Game/ForestCollection/Materials/Rocks/MTL_ForestC_Boulder04_LOD'
[2017.10.24-05.06.49:695][284]LogLinker: Warning: Can't find file for asset '/Game/ForestCollection/Materials/Rocks/MTL_ForestC_Boulder04_LOD' while loading ../../../../../../Users/Primary User/Documents/Unreal Projects/PoC_Ellie/Content/ForestCollection/Meshes/Rocks/SM_ForestC_Boulder04.uasset.
[2017.10.24-05.06.49:696][284]LogLinker: Warning: Can't find file '/Game/ForestCollection/Materials/Rocks/MTL_ForestC_Boulder04'
[2017.10.24-05.06.49:696][284]LoadErrors: Failed to load /Game/ForestCollection/Materials/Rocks/MTL_ForestC_Boulder04.MTL_ForestC_Boulder04 Referenced by SM_ForestC_Boulder04
[2017.10.24-05.06.49:697][284]LogLinker: Warning: Can't find file for asset '/Game/ForestCollection/Materials/Rocks/MTL_ForestC_Boulder04' while loading NULL.
[2017.10.24-05.06.49:697][284]LogLinker: Warning: Can't find file '/Game/ForestCollection/Materials/Rocks/MTL_ForestC_Boulder04_LOD'
[2017.10.24-05.06.49:697][284]LoadErrors: Failed to load /Game/ForestCollection/Materials/Rocks/MTL_ForestC_Boulder04_LOD.MTL_ForestC_Boulder04_LOD Referenced by SM_ForestC_Boulder04
[2017.10.24-05.06.49:697][284]LogLinker: Warning: Can't find file for asset '/Game/ForestCollection/Materials/Rocks/MTL_ForestC_Boulder04_LOD' while loading NULL.
[2017.10.24-05.06.49:697][284]LogLinker: Warning: Can't find file '/Game/ForestCollection/Materials/Rocks/MTL_ForestC_Boulder04_LOD'
[2017.10.24-05.06.49:697][284]LogLinker: Warning: Can't find file for asset '/Game/ForestCollection/Materials/Rocks/MTL_ForestC_Boulder04_LOD' while loading NULL.
[2017.10.24-05.06.49:697][284]LogLinker: Warning: Can't find file '/Game/ForestCollection/Materials/Rocks/MTL_ForestC_Boulder04_LOD'
[2017.10.24-05.06.49:697][284]LogLinker: Warning: Can't find file for asset '/Game/ForestCollection/Materials/Rocks/MTL_ForestC_Boulder04_LOD' while loading NULL.
[2017.10.24-05.06.49:698][284]LogStaticMesh: Building static mesh SM_ForestC_Boulder04...
[2017.10.24-05.06.49:698][284]LogSlate: Warning: Prevented a slow task dialog from being summoned while a context menu was open
[2017.10.24-05.06.50:328][284]LogStaticMesh: Built static mesh [0.63s] /Game/ForestCollection/Meshes/Rocks/SM_ForestC_Boulder04.SM_ForestC_Boulder04
[2017.10.24-05.06.50:333][284]LogLinker: Warning: Can't find file '/Game/ForestCollection/Materials/Rocks/MTL_ForestC_Rocks01'
[2017.10.24-05.06.50:333][284]LogLinker: Warning: Can't find file for asset '/Game/ForestCollection/Materials/Rocks/MTL_ForestC_Rocks01' while loading ../../../../../../Users/Primary User/Documents/Unreal Projects/PoC_Ellie/Content/ForestCollection/Meshes/Rocks/SM_ForestC_Rocks01.uasset.
[2017.10.24-05.06.50:333][284]LoadErrors: Error: /Game/ForestCollection/Meshes/Rocks/SM_ForestC_Rocks01 : Can't find file for asset. /Game/ForestCollection/Materials/Rocks/MTL_ForestC_Rocks01
[2017.10.24-05.06.50:333][284]LogLinker: Warning: Can't find file '/Game/ForestCollection/Materials/Rocks/MTL_ForestC_Rocks01_LOD'
[2017.10.24-05.06.50:333][284]LogLinker: Warning: Can't find file for asset '/Game/ForestCollection/Materials/Rocks/MTL_ForestC_Rocks01_LOD' while loading ../../../../../../Users/Primary User/Documents/Unreal Projects/PoC_Ellie/Content/ForestCollection/Meshes/Rocks/SM_ForestC_Rocks01.uasset.
[2017.10.24-05.06.50:333][284]LoadErrors: Error: /Game/ForestCollection/Meshes/Rocks/SM_ForestC_Rocks01 : Can't find file for asset. /Game/ForestCollection/Materials/Rocks/MTL_ForestC_Rocks01_LOD
[2017.10.24-05.06.50:334][284]LogLinker: Warning: Can't find file '/Game/ForestCollection/Materials/Rocks/MTL_ForestC_Rocks01'
[2017.10.24-05.06.50:334][284]LogLinker: Warning: Can't find file for asset '/Game/ForestCollection/Materials/Rocks/MTL_ForestC_Rocks01' while loading ../../../../../../Users/Primary User/Documents/Unreal Projects/PoC_Ellie/Content/ForestCollection/Meshes/Rocks/SM_ForestC_Rocks01.uasset.
[2017.10.24-05.06.50:334][284]LogLinker: Warning: Can't find file '/Game/ForestCollection/Materials/Rocks/MTL_ForestC_Rocks01_LOD'
[2017.10.24-05.06.50:334][284]LogLinker: Warning: Can't find file for asset '/Game/ForestCollection/Materials/Rocks/MTL_ForestC_Rocks01_LOD' while loading ../../../../../../Users/Primary User/Documents/Unreal Projects/PoC_Ellie/Content/ForestCollection/Meshes/Rocks/SM_ForestC_Rocks01.uasset.
[2017.10.24-05.06.50:335][284]LogLinker: Warning: Can't find file '/Game/ForestCollection/Materials/Rocks/MTL_ForestC_Rocks01'
[2017.10.24-05.06.50:335][284]LoadErrors: Failed to load /Game/ForestCollection/Materials/Rocks/MTL_ForestC_Rocks01.MTL_ForestC_Rocks01 Referenced by SM_ForestC_Rocks01
[2017.10.24-05.06.50:336][284]LogLinker: Warning: Can't find file for asset '/Game/ForestCollection/Materials/Rocks/MTL_ForestC_Rocks01' while loading NULL.
[2017.10.24-05.06.50:336][284]LogLinker: Warning: Can't find file '/Game/ForestCollection/Materials/Rocks/MTL_ForestC_Rocks01_LOD'
[2017.10.24-05.06.50:336][284]LoadErrors: Failed to load /Game/ForestCollection/Materials/Rocks/MTL_ForestC_Rocks01_LOD.MTL_ForestC_Rocks01_LOD Referenced by SM_ForestC_Rocks01
[2017.10.24-05.06.50:336][284]LogLinker: Warning: Can't find file for asset '/Game/ForestCollection/Materials/Rocks/MTL_ForestC_Rocks01_LOD' while loading NULL.
[2017.10.24-05.06.50:336][284]LogLinker: Warning: Can't find file '/Game/ForestCollection/Materials/Rocks/MTL_ForestC_Rocks01_LOD'
[2017.10.24-05.06.50:336][284]LogLinker: Warning: Can't find file for asset '/Game/ForestCollection/Materials/Rocks/MTL_ForestC_Rocks01_LOD' while loading NULL.
[2017.10.24-05.06.50:337][284]LogLinker: Warning: Can't find file '/Game/ForestCollection/Materials/Rocks/MTL_ForestC_Rocks01_LOD'
[2017.10.24-05.06.50:337][284]LogLinker: Warning: Can't find file for asset '/Game/ForestCollection/Materials/Rocks/MTL_ForestC_Rocks01_LOD' while loading NULL.
[2017.10.24-05.06.50:340][284]LogLinker: Warning: Can't find file '/Game/ForestCollection/Materials/Rocks/MTL_ForestC_Stones01'
[2017.10.24-05.06.50:340][284]LogLinker: Warning: Can't find file for asset '/Game/ForestCollection/Materials/Rocks/MTL_ForestC_Stones01' while loading ../../../../../../Users/Primary User/Documents/Unreal Projects/PoC_Ellie/Content/ForestCollection/Meshes/Rocks/SM_ForestC_Stones_SM_ForestC_Stone01.uasset.
[2017.10.24-05.06.50:340][284]LoadErrors: Error: /Game/ForestCollection/Meshes/Rocks/SM_ForestC_Stones_SM_ForestC_Stone01 : Can't find file for asset. /Game/ForestCollection/Materials/Rocks/MTL_ForestC_Stones01
[2017.10.24-05.06.50:340][284]LogLinker: Warning: Can't find file '/Game/ForestCollection/Materials/Rocks/MTL_ForestC_Stones01'
[2017.10.24-05.06.50:340][284]LogLinker: Warning: Can't find file for asset '/Game/ForestCollection/Materials/Rocks/MTL_ForestC_Stones01' while loading ../../../../../../Users/Primary User/Documents/Unreal Projects/PoC_Ellie/Content/ForestCollection/Meshes/Rocks/SM_ForestC_Stones_SM_ForestC_Stone01.uasset.
[2017.10.24-05.06.50:341][284]LogLinker: Warning: Can't find file '/Game/ForestCollection/Materials/Rocks/MTL_ForestC_Stones01'
[2017.10.24-05.06.50:341][284]LoadErrors: Failed to load /Game/ForestCollection/Materials/Rocks/MTL_ForestC_Stones01.MTL_ForestC_Stones01 Referenced by SM_ForestC_Stones_SM_ForestC_Stone01
[2017.10.24-05.06.50:341][284]LogLinker: Warning: Can't find file for asset '/Game/ForestCollection/Materials/Rocks/MTL_ForestC_Stones01' while loading NULL.
[2017.10.24-05.06.50:341][284]LogStaticMesh: Building static mesh SM_ForestC_Stones_SM_ForestC_Stone01...
[2017.10.24-05.06.50:341][284]LogSlate: Warning: Prevented a slow task dialog from being summoned while a context menu was open
[2017.10.24-05.06.50:348][284]LogStaticMesh: Built static mesh [0.01s] /Game/ForestCollection/Meshes/Rocks/SM_ForestC_Stones_SM_ForestC_Stone01.SM_ForestC_Stones_SM_ForestC_Stone01
[2017.10.24-05.06.50:356][284]LogLinker: Warning: Can't find file '/Game/ForestCollection/Materials/Rocks/MTL_ForestC_Stones01'
[2017.10.24-05.06.50:356][284]LogLinker: Warning: Can't find file for asset '/Game/ForestCollection/Materials/Rocks/MTL_ForestC_Stones01' while loading ../../../../../../Users/Primary User/Documents/Unreal Projects/PoC_Ellie/Content/ForestCollection/Meshes/Rocks/SM_ForestC_Stones_SM_ForestC_Stone02.uasset.
[2017.10.24-05.06.50:356][284]LoadErrors: Error: /Game/ForestCollection/Meshes/Rocks/SM_ForestC_Stones_SM_ForestC_Stone02 : Can't find file for asset. /Game/ForestCollection/Materials/Rocks/MTL_ForestC_Stones01
[2017.10.24-05.06.50:356][284]LogLinker: Warning: Can't find file '/Game/ForestCollection/Materials/Rocks/MTL_ForestC_Stones01'
[2017.10.24-05.06.50:356][284]LogLinker: Warning: Can't find file for asset '/Game/ForestCollection/Materials/Rocks/MTL_ForestC_Stones01' while loading ../../../../../../Users/Primary User/Documents/Unreal Projects/PoC_Ellie/Content/ForestCollection/Meshes/Rocks/SM_ForestC_Stones_SM_ForestC_Stone02.uasset.
[2017.10.24-05.06.50:357][284]LogLinker: Warning: Can't find file '/Game/ForestCollection/Materials/Rocks/MTL_ForestC_Stones01'
[2017.10.24-05.06.50:357][284]LoadErrors: Failed to load /Game/ForestCollection/Materials/Rocks/MTL_ForestC_Stones01.MTL_ForestC_Stones01 Referenced by SM_ForestC_Stones_SM_ForestC_Stone02
[2017.10.24-05.06.50:357][284]LogLinker: Warning: Can't find file for asset '/Game/ForestCollection/Materials/Rocks/MTL_ForestC_Stones01' while loading NULL.
[2017.10.24-05.06.50:359][284]LogStaticMesh: Building static mesh SM_ForestC_Stones_SM_ForestC_Stone02...
[2017.10.24-05.06.50:359][284]LogSlate: Warning: Prevented a slow task dialog from being summoned while a context menu was open
[2017.10.24-05.06.50:364][284]LogStaticMesh: Built static mesh [0.01s] /Game/ForestCollection/Meshes/Rocks/SM_ForestC_Stones_SM_ForestC_Stone02.SM_ForestC_Stones_SM_ForestC_Stone02
[2017.10.24-05.06.50:366][284]LogLinker: Warning: Can't find file '/Game/ForestCollection/Materials/Rocks/MTL_ForestC_Stones01'
[2017.10.24-05.06.50:366][284]LogLinker: Warning: Can't find file for asset '/Game/ForestCollection/Materials/Rocks/MTL_ForestC_Stones01' while loading ../../../../../../Users/Primary User/Documents/Unreal Projects/PoC_Ellie/Content/ForestCollection/Meshes/Rocks/SM_ForestC_Stones_SM_ForestC_Stone03.uasset.
[2017.10.24-05.06.50:366][284]LoadErrors: Error: /Game/ForestCollection/Meshes/Rocks/SM_ForestC_Stones_SM_ForestC_Stone03 : Can't find file for asset. /Game/ForestCollection/Materials/Rocks/MTL_ForestC_Stones01
[2017.10.24-05.06.50:366][284]LogLinker: Warning: Can't find file '/Game/ForestCollection/Materials/Rocks/MTL_ForestC_Stones01'
[2017.10.24-05.06.50:366][284]LogLinker: Warning: Can't find file for asset '/Game/ForestCollection/Materials/Rocks/MTL_ForestC_Stones01' while loading ../../../../../../Users/Primary User/Documents/Unreal Projects/PoC_Ellie/Content/ForestCollection/Meshes/Rocks/SM_ForestC_Stones_SM_ForestC_Stone03.uasset.
[2017.10.24-05.06.50:367][284]LogLinker: Warning: Can't find file '/Game/ForestCollection/Materials/Rocks/MTL_ForestC_Stones01'
[2017.10.24-05.06.50:367][284]LoadErrors: Failed to load /Game/ForestCollection/Materials/Rocks/MTL_ForestC_Stones01.MTL_ForestC_Stones01 Referenced by SM_ForestC_Stones_SM_ForestC_Stone03
[2017.10.24-05.06.50:367][284]LogLinker: Warning: Can't find file for asset '/Game/ForestCollection/Materials/Rocks/MTL_ForestC_Stones01' while loading NULL.
[2017.10.24-05.06.50:367][284]LogStaticMesh: Building static mesh SM_ForestC_Stones_SM_ForestC_Stone03...
[2017.10.24-05.06.50:367][284]LogSlate: Warning: Prevented a slow task dialog from being summoned while a context menu was open
[2017.10.24-05.06.50:372][284]LogStaticMesh: Built static mesh [0.00s] /Game/ForestCollection/Meshes/Rocks/SM_ForestC_Stones_SM_ForestC_Stone03.SM_ForestC_Stones_SM_ForestC_Stone03
[2017.10.24-05.06.50:374][284]LogLinker: Warning: Can't find file '/Game/ForestCollection/Materials/Rocks/MTL_ForestC_Stones01'
[2017.10.24-05.06.50:374][284]LogLinker: Warning: Can't find file for asset '/Game/ForestCollection/Materials/Rocks/MTL_ForestC_Stones01' while loading ../../../../../../Users/Primary User/Documents/Unreal Projects/PoC_Ellie/Content/ForestCollection/Meshes/Rocks/SM_ForestC_Stones_SM_ForestC_Stone04.uasset.
[2017.10.24-05.06.50:374][284]LoadErrors: Error: /Game/ForestCollection/Meshes/Rocks/SM_ForestC_Stones_SM_ForestC_Stone04 : Can't find file for asset. /Game/ForestCollection/Materials/Rocks/MTL_ForestC_Stones01
[2017.10.24-05.06.50:374][284]LogLinker: Warning: Can't find file '/Game/ForestCollection/Materials/Rocks/MTL_ForestC_Stones01'
[2017.10.24-05.06.50:374][284]LogLinker: Warning: Can't find file for asset '/Game/ForestCollection/Materials/Rocks/MTL_ForestC_Stones01' while loading ../../../../../../Users/Primary User/Documents/Unreal Projects/PoC_Ellie/Content/ForestCollection/Meshes/Rocks/SM_ForestC_Stones_SM_ForestC_Stone04.uasset.
[2017.10.24-05.06.50:375][284]LogLinker: Warning: Can't find file '/Game/ForestCollection/Materials/Rocks/MTL_ForestC_Stones01'
[2017.10.24-05.06.50:375][284]LoadErrors: Failed to load /Game/ForestCollection/Materials/Rocks/MTL_ForestC_Stones01.MTL_ForestC_Stones01 Referenced by SM_ForestC_Stones_SM_ForestC_Stone04
[2017.10.24-05.06.50:375][284]LogLinker: Warning: Can't find file for asset '/Game/ForestCollection/Materials/Rocks/MTL_ForestC_Stones01' while loading NULL.
[2017.10.24-05.06.50:375][284]LogStaticMesh: Building static mesh SM_ForestC_Stones_SM_ForestC_Stone04...
[2017.10.24-05.06.50:375][284]LogSlate: Warning: Prevented a slow task dialog from being summoned while a context menu was open
[2017.10.24-05.06.50:379][284]LogStaticMesh: Built static mesh [0.00s] /Game/ForestCollection/Meshes/Rocks/SM_ForestC_Stones_SM_ForestC_Stone04.SM_ForestC_Stones_SM_ForestC_Stone04
[2017.10.24-05.06.50:381][284]LogLinker: Warning: Can't find file '/Game/ForestCollection/Materials/Rocks/MTL_ForestC_Stones01'
[2017.10.24-05.06.50:381][284]LogLinker: Warning: Can't find file for asset '/Game/ForestCollection/Materials/Rocks/MTL_ForestC_Stones01' while loading ../../../../../../Users/Primary User/Documents/Unreal Projects/PoC_Ellie/Content/ForestCollection/Meshes/Rocks/SM_ForestC_Stones_SM_ForestC_Stone05.uasset.
[2017.10.24-05.06.50:381][284]LoadErrors: Error: /Game/ForestCollection/Meshes/Rocks/SM_ForestC_Stones_SM_ForestC_Stone05 : Can't find file for asset. /Game/ForestCollection/Materials/Rocks/MTL_ForestC_Stones01
[2017.10.24-05.06.50:381][284]LogLinker: Warning: Can't find file '/Game/ForestCollection/Materials/Rocks/MTL_ForestC_Stones01'
[2017.10.24-05.06.50:381][284]LogLinker: Warning: Can't find file for asset '/Game/ForestCollection/Materials/Rocks/MTL_ForestC_Stones01' while loading ../../../../../../Users/Primary User/Documents/Unreal Projects/PoC_Ellie/Content/ForestCollection/Meshes/Rocks/SM_ForestC_Stones_SM_ForestC_Stone05.uasset.
[2017.10.24-05.06.50:382][284]LogLinker: Warning: Can't find file '/Game/ForestCollection/Materials/Rocks/MTL_ForestC_Stones01'
[2017.10.24-05.06.50:382][284]LoadErrors: Failed to load /Game/ForestCollection/Materials/Rocks/MTL_ForestC_Stones01.MTL_ForestC_Stones01 Referenced by SM_ForestC_Stones_SM_ForestC_Stone05
[2017.10.24-05.06.50:382][284]LogLinker: Warning: Can't find file for asset '/Game/ForestCollection/Materials/Rocks/MTL_ForestC_Stones01' while loading NULL.
[2017.10.24-05.06.50:382][284]LogStaticMesh: Building static mesh SM_ForestC_Stones_SM_ForestC_Stone05...
[2017.10.24-05.06.50:382][284]LogSlate: Warning: Prevented a slow task dialog from being summoned while a context menu was open
[2017.10.24-05.06.50:385][284]LogStaticMesh: Built static mesh [0.00s] /Game/ForestCollection/Meshes/Rocks/SM_ForestC_Stones_SM_ForestC_Stone05.SM_ForestC_Stones_SM_ForestC_Stone05
[2017.10.24-05.06.53:321][284]LogSlate: Took 0.000142 seconds to synchronously load lazily loaded font '../../../Engine/Content/Slate/Fonts/Roboto-Light.ttf' (159K)
[2017.10.24-05.06.53:817][284]SourceControl: rm 'Content/ForestCollection/Meshes/Rocks/SM_ForestC_Boulder01.uasset'
[2017.10.24-05.06.53:817][284]SourceControl: rm 'Content/ForestCollection/Meshes/Rocks/SM_ForestC_Boulder02.uasset'
[2017.10.24-05.06.53:817][284]SourceControl: rm 'Content/ForestCollection/Meshes/Rocks/SM_ForestC_Boulder03.uasset'
[2017.10.24-05.06.53:817][284]SourceControl: rm 'Content/ForestCollection/Meshes/Rocks/SM_ForestC_Boulder04.uasset'
[2017.10.24-05.06.53:817][284]SourceControl: rm 'Content/ForestCollection/Meshes/Rocks/SM_ForestC_Rocks01.uasset'
[2017.10.24-05.06.53:817][284]SourceControl: rm 'Content/ForestCollection/Meshes/Rocks/SM_ForestC_Stones_SM_ForestC_Stone01.uasset'
[2017.10.24-05.06.53:817][284]SourceControl: rm 'Content/ForestCollection/Meshes/Rocks/SM_ForestC_Stones_SM_ForestC_Stone02.uasset'
[2017.10.24-05.06.53:817][284]SourceControl: rm 'Content/ForestCollection/Meshes/Rocks/SM_ForestC_Stones_SM_ForestC_Stone03.uasset'
[2017.10.24-05.06.53:817][284]SourceControl: rm 'Content/ForestCollection/Meshes/Rocks/SM_ForestC_Stones_SM_ForestC_Stone04.uasset'
[2017.10.24-05.06.53:817][284]SourceControl: rm 'Content/ForestCollection/Meshes/Rocks/SM_ForestC_Stones_SM_ForestC_Stone05.uasset'
[2017.10.24-05.07.28:814][507]LogTexture: Display: Building textures: TEX_ForestC_Cover_Moss_col (AutoDXT, 1024X512)
[2017.10.24-05.07.28:864][507]LogContentBrowser: Native class hierarchy updated for 'TextureEditor' in 0.0007 seconds. Added 1 classes and 2 folders.
[2017.10.24-05.07.32:755][759]SourceControl: fatal: C:/Program Files/Epic Games/UE_4.17/Engine/Content/: 'C:/Program Files/Epic Games/UE_4.17/Engine/Content/' is outside repository
[2017.10.24-05.07.54:928][759]LogSourceControl: FGitCheckInWorker: commit successful
[2017.10.24-05.07.55:027][759]SourceControl: [Keegan c0972d6] Batch 1
[2017.10.24-05.07.55:027][759]SourceControl:  12 files changed, 0 insertions(+), 0 deletions(-)
[2017.10.24-05.07.55:027][759]SourceControl:  create mode 100644 Content/ForestCollection/Textures/Cover/TEX_ForestC_Cover_Moss_col.uasset
[2017.10.24-05.07.55:027][759]SourceControl:  create mode 100644 Content/ForestCollection/Textures/Cover/TEX_ForestC_Cover_Moss_nrm.uasset
[2017.10.24-05.07.55:027][759]SourceControl:  create mode 100644 Content/ForestCollection/Textures/Cover/TEX_ForestC_Cover_Moss_sss.uasset
[2017.10.24-05.07.55:027][759]SourceControl:  create mode 100644 Content/ForestCollection/Textures/Cover/TEX_ForestC_Cover_Needles_col.uasset
[2017.10.24-05.07.55:027][759]SourceControl:  create mode 100644 Content/ForestCollection/Textures/Cover/TEX_ForestC_Cover_Needles_nrm.uasset
[2017.10.24-05.07.55:027][759]SourceControl:  create mode 100644 Content/ForestCollection/Textures/TEX_ForestC_Checker.uasset
[2017.10.24-05.07.55:027][759]SourceControl:  create mode 100644 Content/ForestCollection/Textures/TEX_ForestC_Temp_col.uasset
[2017.10.24-05.07.55:027][759]SourceControl:  create mode 100644 Content/ForestCollection/Textures/TEX_ForestC_Temp_dsp.uasset
[2017.10.24-05.07.55:027][759]SourceControl:  create mode 100644 Content/ForestCollection/Textures/TEX_ForestC_Temp_msk.uasset
[2017.10.24-05.07.55:027][759]SourceControl:  create mode 100644 Content/ForestCollection/Textures/TEX_ForestC_Temp_nrm.uasset
[2017.10.24-05.07.55:027][759]SourceControl:  create mode 100644 Content/ForestCollection/Textures/TEX_ForestC_Temp_sss.uasset
[2017.10.24-05.07.55:027][759]SourceControl:  create mode 100644 Content/ForestCollection/Textures/TEX_ForestC_Temp_wsk.uasset
[2017.10.24-05.07.55:033][759]SourceControl: Commited [Keegan c0972d6] Batch 1.
[2017.10.24-05.11.32:885][610]SourceControl: fatal: C:/Program Files/Epic Games/UE_4.17/Engine/Content/: 'C:/Program Files/Epic Games/UE_4.17/Engine/Content/' is outside repository
[2017.10.24-05.11.32:981][610]EditorErrors: Warning: No assets to check in!
[2017.10.24-05.56.18:481][822]LogHttp: Warning: 000002BD029E2F80: request failed, libcurl error: 6 (Couldn't resolve host name)
[2017.10.24-05.56.18:481][822]LogHttp: Warning: 000002BD029E2F80: libcurl info message cache 0 (Found bundle for host datarouter.ol.epicgames.com: 0x2bd55afffe8 [can pipeline])
[2017.10.24-05.56.18:481][822]LogHttp: Warning: 000002BD029E2F80: libcurl info message cache 1 (Re-using existing connection! (#4) with host datarouter.ol.epicgames.com)
[2017.10.24-05.56.18:481][822]LogHttp: Warning: 000002BD029E2F80: libcurl info message cache 2 (Connected to datarouter.ol.epicgames.com (52.20.191.231) port 443 (#4))
[2017.10.24-05.56.18:481][822]LogHttp: Warning: 000002BD029E2F80: libcurl info message cache 3 (upload completely sent off: 358 out of 358 bytes)
[2017.10.24-05.56.18:481][822]LogHttp: Warning: 000002BD029E2F80: libcurl info message cache 4 (TLSv1.2 (IN), TLS alert, Client hello (1):)
[2017.10.24-05.56.18:481][822]LogHttp: Warning: 000002BD029E2F80: libcurl info message cache 5 (Connection died, retrying a fresh connect)
[2017.10.24-05.56.18:481][822]LogHttp: Warning: 000002BD029E2F80: libcurl info message cache 6 (Closing connection 4)
[2017.10.24-05.56.18:481][822]LogHttp: Warning: 000002BD029E2F80: libcurl info message cache 7 (TLSv1.2 (OUT), TLS alert, Client hello (1):)
[2017.10.24-05.56.18:482][822]LogHttp: Warning: 000002BD029E2F80: libcurl info message cache 8 (Issue another request to this URL: 'https://datarouter.ol.epicgames.com/datarouter/api/v1/public/data?SessionID=%7B467F94F9-466C-841A-D744-909FAD67A02E%7D&AppID=UEEditor.Rocket.Release&AppVersion=4.17.2-3658906%2B%2B%2BUE4%2BRelease-4.17&UserID=1ad8fa384572165b40d63c9dfcf7f7ee%7C42d88ab9bc0b4fafb7d66eef298fefc8%7Cb5d1b752-f003-4fee-8e6d-51a2964e2b50&AppEnvironment=datacollector-binary&UploadType=eteventstream')
[2017.10.24-05.56.18:482][822]LogHttp: Warning: 000002BD029E2F80: libcurl info message cache 9 (Could not resolve host: datarouter.ol.epicgames.com)
[2017.10.24-05.56.18:482][822]LogHttp: Warning: 000002BD029E2F80: libcurl info message cache 10 (Closing connection 5)
[2017.10.24-05.57.02:427][953]Cmd: QUIT_EDITOR
[2017.10.24-05.57.02:459][953]LogWindowsTextInputMethodSystem: Display: IME system now deactivated.
[2017.10.24-05.57.02:476][953]LogExit: Preparing to exit.
[2017.10.24-05.57.03:162][953]LogDirectoryWatcher: A directory notification for 'C:/Users/Primary User/Documents/Unreal Projects/PoC_Ellie/Content/' was aborted.
[2017.10.24-05.57.03:198][953]LogExit: Editor shut down
[2017.10.24-05.57.03:203][953]LogExit: Transaction tracking system shut down
[2017.10.24-05.57.03:280][953]LogDirectoryWatcher: A directory notification for '../../../Engine/Content/' was aborted.
[2017.10.24-05.57.03:280][953]LogDirectoryWatcher: A directory notification for '../../../../../../Users/Primary User/Documents/Unreal Projects/PoC_Ellie/Content/' was aborted.
[2017.10.24-05.57.03:280][953]LogDirectoryWatcher: A directory notification for '../../../Engine/Plugins/2D/Paper2D/Content/' was aborted.
[2017.10.24-05.57.03:280][953]LogDirectoryWatcher: A directory notification for '../../../Engine/Plugins/Runtime/Oculus/OculusVR/Content/' was aborted.
[2017.10.24-05.57.03:280][953]LogDirectoryWatcher: A directory notification for '../../../Engine/Plugins/Runtime/Steam/SteamVR/Content/' was aborted.
[2017.10.24-05.57.03:404][953]LogExit: Object subsystem successfully closed.
[2017.10.24-05.57.03:429][953]LogD3D11RHI: Shutdown
[2017.10.24-05.57.03:429][953]LogD3D11RHI: CleanupD3DDevice
[2017.10.24-05.57.03:619][953]LogD3D11RHI: ~FD3D11DynamicRHI
[2017.10.24-05.57.03:669][953]LogModuleManager: Shutting down and abandoning module TextureEditor (532)
[2017.10.24-05.57.03:670][953]LogModuleManager: Shutting down and abandoning module HierarchicalLODOutliner (530)
[2017.10.24-05.57.03:670][953]LogModuleManager: Shutting down and abandoning module AddContentDialog (528)
[2017.10.24-05.57.03:671][953]LogDirectoryWatcher: A directory notification for 'C:/Program Files/Epic Games/UE_4.17/FeaturePacks/' was aborted.
[2017.10.24-05.57.03:673][953]LogModuleManager: Shutting down and abandoning module WidgetCarousel (527)
[2017.10.24-05.57.03:673][953]LogModuleManager: Shutting down and abandoning module EditorWidgets (524)
[2017.10.24-05.57.03:673][953]LogModuleManager: Shutting down and abandoning module CollectionManager (522)
[2017.10.24-05.57.03:673][953]LogDirectoryWatcher: A directory notification for 'C:/Users/Primary User/Documents/Unreal Projects/PoC_Ellie/Content/Collections/' was aborted.
[2017.10.24-05.57.03:673][953]LogDirectoryWatcher: A directory notification for 'C:/Users/Primary User/Documents/Unreal Projects/PoC_Ellie/Content/Developers/PrimaryUser/Collections/' was aborted.
[2017.10.24-05.57.03:673][953]LogDirectoryWatcher: A directory notification for 'C:/Users/Primary User/Documents/Unreal Projects/PoC_Ellie/Saved/Collections/' was aborted.
[2017.10.24-05.57.03:673][953]LogModuleManager: Shutting down and abandoning module SceneOutliner (520)
[2017.10.24-05.57.03:673][953]LogModuleManager: Shutting down and abandoning module StatsViewer (518)
[2017.10.24-05.57.03:674][953]LogModuleManager: Shutting down and abandoning module FoliageEdit (516)
[2017.10.24-05.57.03:674][953]LogModuleManager: Shutting down and abandoning module LandscapeEditor (514)
[2017.10.24-05.57.03:675][953]LogModuleManager: Shutting down and abandoning module MeshPaintMode (512)
[2017.10.24-05.57.03:675][953]LogModuleManager: Shutting down and abandoning module SceneDepthPickerMode (510)
[2017.10.24-05.57.03:675][953]LogModuleManager: Shutting down and abandoning module ActorPickerMode (508)
[2017.10.24-05.57.03:675][953]LogModuleManager: Shutting down and abandoning module GeometryMode (506)
[2017.10.24-05.57.03:675][953]LogModuleManager: Shutting down and abandoning module TextureAlignMode (504)
[2017.10.24-05.57.03:675][953]LogModuleManager: Shutting down and abandoning module BspMode (502)
[2017.10.24-05.57.03:675][953]LogModuleManager: Shutting down and abandoning module PIEPreviewDeviceProfileSelector (500)
[2017.10.24-05.57.03:675][953]LogModuleManager: Shutting down and abandoning module HardwareSurvey (498)
[2017.10.24-05.57.03:675][953]LogModuleManager: Shutting down and abandoning module SequenceRecorderSections (496)
[2017.10.24-05.57.03:676][953]LogModuleManager: Shutting down and abandoning module AutomationWorker (494)
[2017.10.24-05.57.03:677][953]LogModuleManager: Shutting down and abandoning module MatineeToLevelSequence (492)
[2017.10.24-05.57.03:678][953]LogModuleManager: Shutting down and abandoning module LevelSequenceEditor (490)
[2017.10.24-05.57.03:682][953]LogModuleManager: Shutting down and abandoning module PlacementMode (489)
[2017.10.24-05.57.03:683][953]LogModuleManager: Shutting down and abandoning module WmfMediaFactory (486)
[2017.10.24-05.57.03:683][953]LogModuleManager: Shutting down and abandoning module WmfMediaEditor (484)
[2017.10.24-05.57.03:683][953]LogModuleManager: Shutting down and abandoning module AvfMediaFactory (482)
[2017.10.24-05.57.03:683][953]LogModuleManager: Shutting down and abandoning module AvfMediaEditor (480)
[2017.10.24-05.57.03:683][953]LogModuleManager: Shutting down and abandoning module AndroidMediaFactory (478)
[2017.10.24-05.57.03:683][953]LogModuleManager: Shutting down and abandoning module Media (477)
[2017.10.24-05.57.03:683][953]LogModuleManager: Shutting down and abandoning module AndroidMediaEditor (474)
[2017.10.24-05.57.03:683][953]LogModuleManager: Shutting down and abandoning module CharacterAI (472)
[2017.10.24-05.57.03:683][953]LogModuleManager: Shutting down and abandoning module AudioCapture (470)
[2017.10.24-05.57.03:683][953]LogModuleManager: Shutting down and abandoning module SequenceRecorder (469)
[2017.10.24-05.57.03:683][953]LogModuleManager: Shutting down and abandoning module SmartSnapping (466)
[2017.10.24-05.57.03:683][953]LogModuleManager: Shutting down and abandoning module SessionServices (464)
[2017.10.24-05.57.03:683][953]LogModuleManager: Shutting down and abandoning module ViewportSnapping (462)
[2017.10.24-05.57.03:683][953]LogModuleManager: Shutting down and abandoning module ViewportInteraction (460)
[2017.10.24-05.57.03:683][953]LogModuleManager: Shutting down and abandoning module ClothPainter (458)
[2017.10.24-05.57.03:685][953]LogModuleManager: Shutting down and abandoning module LogVisualizer (456)
[2017.10.24-05.57.03:686][953]LogModuleManager: Shutting down and abandoning module IntroTutorials (454)
[2017.10.24-05.57.03:688][953]LogModuleManager: Shutting down and abandoning module GameProjectGeneration (453)
[2017.10.24-05.57.03:690][953]LogModuleManager: Shutting down and abandoning module IOSPlatformEditor (450)
[2017.10.24-05.57.03:690][953]LogModuleManager: Shutting down and abandoning module HTML5PlatformEditor (448)
[2017.10.24-05.57.03:690][953]LogModuleManager: Shutting down and abandoning module AndroidPlatformEditor (446)
[2017.10.24-05.57.03:691][953]LogModuleManager: Shutting down and abandoning module AndroidDeviceDetection (445)
[2017.10.24-05.57.03:955][953]LogModuleManager: Shutting down and abandoning module WindowsPlatformEditor (442)
[2017.10.24-05.57.03:955][953]LogModuleManager: Shutting down and abandoning module IOSRuntimeSettings (440)
[2017.10.24-05.57.03:955][953]LogModuleManager: Shutting down and abandoning module AndroidRuntimeSettings (438)
[2017.10.24-05.57.03:955][953]LogModuleManager: Shutting down and abandoning module InputBindingEditor (436)
[2017.10.24-05.57.03:962][953]LogModuleManager: Shutting down and abandoning module MergeActors (434)
[2017.10.24-05.57.03:962][953]LogModuleManager: Shutting down and abandoning module SizeMap (432)
[2017.10.24-05.57.03:962][953]LogModuleManager: Shutting down and abandoning module TreeMap (430)
[2017.10.24-05.57.03:963][953]LogModuleManager: Shutting down and abandoning module ReferenceViewer (428)
[2017.10.24-05.57.03:963][953]LogModuleManager: Shutting down and abandoning module LocalizationDashboard (426)
[2017.10.24-05.57.03:964][953]LogModuleManager: Shutting down and abandoning module LocalizationService (425)
[2017.10.24-05.57.03:966][953]LogModuleManager: Shutting down and abandoning module HardwareTargeting (422)
[2017.10.24-05.57.03:966][953]LogModuleManager: Shutting down and abandoning module DeviceProfileEditor (420)
[2017.10.24-05.57.03:966][953]LogModuleManager: Shutting down and abandoning module UndoHistory (418)
[2017.10.24-05.57.03:966][953]LogModuleManager: Shutting down and abandoning module XmlParser (416)
[2017.10.24-05.57.03:966][953]LogModuleManager: Shutting down and abandoning module Blutility (414)
[2017.10.24-05.57.03:966][953]LogModuleManager: Shutting down and abandoning module ProjectSettingsViewer (412)
[2017.10.24-05.57.03:966][953]LogModuleManager: Shutting down and abandoning module ProjectTargetPlatformEditor (411)
[2017.10.24-05.57.03:966][953]LogModuleManager: Shutting down and abandoning module EditorSettingsViewer (408)
[2017.10.24-05.57.03:966][953]LogModuleManager: Shutting down and abandoning module SettingsEditor (406)
[2017.10.24-05.57.03:968][953]LogModuleManager: Shutting down and abandoning module ProjectLauncher (404)
[2017.10.24-05.57.03:968][953]LogModuleManager: Shutting down and abandoning module SessionFrontend (402)
[2017.10.24-05.57.03:969][953]LogModuleManager: Shutting down and abandoning module ProfilerClient (400)
[2017.10.24-05.57.03:969][953]LogModuleManager: Shutting down and abandoning module DeviceManager (398)
[2017.10.24-05.57.03:970][953]LogModuleManager: Shutting down and abandoning module TargetDeviceServices (397)
[2017.10.24-05.57.04:024][953]LogModuleManager: Shutting down and abandoning module AutomationController (394)
[2017.10.24-05.57.04:025][953]LogModuleManager: Shutting down and abandoning module AutomationWindow (392)
[2017.10.24-05.57.04:027][953]LogModuleManager: Shutting down and abandoning module Layers (390)
[2017.10.24-05.57.04:029][953]LogModuleManager: Shutting down and abandoning module ComponentVisualizers (388)
[2017.10.24-05.57.04:029][953]LogModuleManager: Shutting down and abandoning module DetailCustomizations (386)
[2017.10.24-05.57.04:030][953]LogModuleManager: Shutting down and abandoning module PackagesDialog (384)
[2017.10.24-05.57.04:031][953]LogModuleManager: Shutting down and abandoning module Persona (382)
[2017.10.24-05.57.04:032][953]LogModuleManager: Shutting down and abandoning module AdvancedPreviewScene (381)
[2017.10.24-05.57.04:032][953]LogModuleManager: Shutting down and abandoning module AnimGraph (379)
[2017.10.24-05.57.04:033][953]LogModuleManager: Shutting down and abandoning module Kismet (376)
[2017.10.24-05.57.04:034][953]LogModuleManager: Shutting down and abandoning module ClassViewer (374)
[2017.10.24-05.57.04:034][953]LogModuleManager: Shutting down and abandoning module Toolbox (372)
[2017.10.24-05.57.04:034][953]LogModuleManager: Shutting down and abandoning module ModuleUI (370)
[2017.10.24-05.57.04:034][953]LogModuleManager: Shutting down and abandoning module MovieSceneTools (368)
[2017.10.24-05.57.04:035][953]LogModuleManager: Shutting down and abandoning module OutputLog (366)
[2017.10.24-05.57.04:036][953]LogModuleManager: Shutting down and abandoning module GammaUI (364)
[2017.10.24-05.57.04:036][953]LogModuleManager: Shutting down and abandoning module Documentation (362)
[2017.10.24-05.57.04:036][953]LogModuleManager: Shutting down and abandoning module MovieSceneTracks (360)
[2017.10.24-05.57.04:036][953]LogModuleManager: Shutting down and abandoning module MovieScene (358)
[2017.10.24-05.57.04:036][953]LogModuleManager: Shutting down and abandoning module Niagara (356)
[2017.10.24-05.57.04:036][953]LogModuleManager: Shutting down and abandoning module NiagaraEditor (355)
[2017.10.24-05.57.04:038][953]LogModuleManager: Shutting down and abandoning module StreamingPauseRendering (352)
[2017.10.24-05.57.04:038][953]LogModuleManager: Shutting down and abandoning module LauncherPlatform (350)
[2017.10.24-05.57.04:038][953]LogModuleManager: Shutting down and abandoning module AnalyticsET (348)
[2017.10.24-05.57.04:038][953]LogModuleManager: Shutting down and abandoning module PortalServices (346)
[2017.10.24-05.57.04:038][953]LogModuleManager: Shutting down and abandoning module PortalRpc (344)
[2017.10.24-05.57.04:038][953]LogModuleManager: Shutting down and abandoning module MessagingRpc (342)
[2017.10.24-05.57.04:038][953]LogModuleManager: Shutting down and abandoning module AIModule (340)
[2017.10.24-05.57.04:039][953]LogModuleManager: Shutting down and abandoning module GameplayDebugger (339)
[2017.10.24-05.57.04:039][953]LogModuleManager: Shutting down and abandoning module AITestSuite (337)
[2017.10.24-05.57.04:039][953]LogModuleManager: Shutting down and abandoning module ProfilerService (334)
[2017.10.24-05.57.04:283][953]LogModuleManager: Shutting down and abandoning module TaskGraph (332)
[2017.10.24-05.57.04:284][953]LogModuleManager: Shutting down and abandoning module SteamVRController (330)
[2017.10.24-05.57.04:284][953]LogModuleManager: Shutting down and abandoning module ProceduralMeshComponentEditor (328)
[2017.10.24-05.57.04:284][953]LogModuleManager: Shutting down and abandoning module ProceduralMeshComponent (326)
[2017.10.24-05.57.04:284][953]LogModuleManager: Shutting down and abandoning module OculusInput (324)
[2017.10.24-05.57.04:285][953]LogModuleManager: Shutting down and abandoning module MobilePatchingUtils (322)
[2017.10.24-05.57.04:285][953]LogModuleManager: Shutting down and abandoning module CustomMeshComponent (320)
[2017.10.24-05.57.04:285][953]LogModuleManager: Shutting down and abandoning module CableComponent (318)
[2017.10.24-05.57.04:285][953]LogModuleManager: Shutting down and abandoning module ArchVisCharacter (316)
[2017.10.24-05.57.04:285][953]LogModuleManager: Shutting down and abandoning module AndroidPermission (314)
[2017.10.24-05.57.04:285][953]LogModuleManager: Shutting down and abandoning module MediaPlayerEditor (310)
[2017.10.24-05.57.04:287][953]LogModuleManager: Shutting down and abandoning module HTML5Networking (308)
[2017.10.24-05.57.04:287][953]LogModuleManager: Shutting down and abandoning module AlembicImporter (306)
[2017.10.24-05.57.04:287][953]LogModuleManager: Shutting down and abandoning module AlembicLibrary (305)
[2017.10.24-05.57.04:287][953]LogModuleManager: Shutting down and abandoning module GeometryCache (304)
[2017.10.24-05.57.04:287][953]LogModuleManager: Shutting down and abandoning module GeometryCacheEd (303)
[2017.10.24-05.57.04:287][953]LogModuleManager: Shutting down and abandoning module SpeedTreeImporter (298)
[2017.10.24-05.57.04:287][953]LogModuleManager: Shutting down and abandoning module PluginBrowser (296)
[2017.10.24-05.57.04:289][953]LogModuleManager: Shutting down and abandoning module MobileLauncherProfileWizard (294)
[2017.10.24-05.57.04:291][953]LogModuleManager: Shutting down and abandoning module VisualStudioSourceCodeAccess (292)
[2017.10.24-05.57.04:291][953]LogModuleManager: Shutting down and abandoning module DesktopPlatform (291)
[2017.10.24-05.57.04:292][953]LogModuleManager: Shutting down and abandoning module UObjectPlugin (288)
[2017.10.24-05.57.04:292][953]LogModuleManager: Shutting down and abandoning module SubversionSourceControl (286)
[2017.10.24-05.57.04:293][953]LogModuleManager: Shutting down and abandoning module PerforceSourceControl (284)
[2017.10.24-05.57.04:294][953]LogModuleManager: Shutting down and abandoning module GitSourceControl (282)
[2017.10.24-05.57.04:295][953]LogModuleManager: Shutting down and abandoning module SourceControl (281)
[2017.10.24-05.57.04:295][953]LogModuleManager: Shutting down and abandoning module LightPropagationVolumeEditor (278)
[2017.10.24-05.57.04:295][953]LogModuleManager: Shutting down and abandoning module PaperTiledImporter (276)
[2017.10.24-05.57.04:295][953]LogModuleManager: Shutting down and abandoning module PaperSpriteSheetImporter (274)
[2017.10.24-05.57.04:295][953]LogModuleManager: Shutting down and abandoning module Paper2DEditor (272)
[2017.10.24-05.57.04:295][953]LogModuleManager: Shutting down and abandoning module MeshPaint (271)
[2017.10.24-05.57.04:296][953]LogModuleManager: Shutting down and abandoning module LevelEditor (269)
[2017.10.24-05.57.04:297][953]LogModuleManager: Shutting down and abandoning module PixelInspectorModule (268)
[2017.10.24-05.57.04:298][953]LogModuleManager: Shutting down and abandoning module MainFrame (266)
[2017.10.24-05.57.04:298][953]LogModuleManager: Shutting down and abandoning module HotReload (265)
[2017.10.24-05.57.04:299][953]LogModuleManager: Shutting down and abandoning module RuntimePhysXCooking (260)
[2017.10.24-05.57.04:299][953]LogModuleManager: Shutting down and abandoning module PhysXVehiclesEditor (258)
[2017.10.24-05.57.04:299][953]LogModuleManager: Shutting down and abandoning module PhysXVehicles (256)
[2017.10.24-05.57.04:299][953]LogModuleManager: Shutting down and abandoning module OculusEditor (254)
[2017.10.24-05.57.04:299][953]LogModuleManager: Shutting down and abandoning module LocationServicesBPLibrary (252)
[2017.10.24-05.57.04:299][953]LogModuleManager: Shutting down and abandoning module ImmediatePhysicsEditor (250)
[2017.10.24-05.57.04:299][953]LogModuleManager: Shutting down and abandoning module ImmediatePhysics (248)
[2017.10.24-05.57.04:299][953]LogModuleManager: Shutting down and abandoning module UdpMessaging (246)
[2017.10.24-05.57.04:400][953]LogModuleManager: Shutting down and abandoning module TcpMessaging (244)
[2017.10.24-05.57.04:500][953]LogModuleManager: Shutting down and abandoning module GameplayTagsEditor (242)
[2017.10.24-05.57.04:501][953]LogModuleManager: Shutting down and abandoning module FacialAnimationEditor (240)
[2017.10.24-05.57.04:501][953]LogModuleManager: Shutting down and abandoning module FacialAnimation (238)
[2017.10.24-05.57.04:501][953]LogModuleManager: Shutting down and abandoning module AssetManagerEditor (236)
[2017.10.24-05.57.04:502][953]LogModuleManager: Shutting down and abandoning module GraphEditor (235)
[2017.10.24-05.57.04:504][953]LogModuleManager: Shutting down and abandoning module ContentBrowser (233)
[2017.10.24-05.57.04:505][953]LogModuleManager: Shutting down and abandoning module LightPropagationVolumeRuntime (230)
[2017.10.24-05.57.04:505][953]LogModuleManager: Shutting down and abandoning module Paper2D (228)
[2017.10.24-05.57.04:505][953]LogModuleManager: Shutting down and abandoning module WindowsMoviePlayer (226)
[2017.10.24-05.57.04:506][953]LogModuleManager: Shutting down and abandoning module WmfMedia (224)
[2017.10.24-05.57.04:506][953]LogModuleManager: Shutting down and abandoning module PacketHandler (222)
[2017.10.24-05.57.04:506][953]LogModuleManager: Shutting down and abandoning module ClothingSystemEditor (220)
[2017.10.24-05.57.04:506][953]LogModuleManager: Shutting down and abandoning module ClothingSystemRuntime (218)
[2017.10.24-05.57.04:507][953]LogModuleManager: Shutting down and abandoning module Overlay (216)
[2017.10.24-05.57.04:507][953]LogModuleManager: Shutting down and abandoning module OverlayEditor (215)
[2017.10.24-05.57.04:507][953]LogModuleManager: Shutting down and abandoning module MediaAssets (212)
[2017.10.24-05.57.04:508][953]LogModuleManager: Shutting down and abandoning module VREditor (210)
[2017.10.24-05.57.04:508][953]LogModuleManager: Shutting down and abandoning module StringTableEditor (208)
[2017.10.24-05.57.04:508][953]LogModuleManager: Shutting down and abandoning module GameplayTasksEditor (206)
[2017.10.24-05.57.04:508][953]LogModuleManager: Shutting down and abandoning module BehaviorTreeEditor (204)
[2017.10.24-05.57.04:512][953]LogModuleManager: Shutting down and abandoning module FunctionalTesting (202)
[2017.10.24-05.57.04:512][953]LogModuleManager: Shutting down and abandoning module CollisionAnalyzer (200)
[2017.10.24-05.57.04:513][953]LogModuleManager: Shutting down and abandoning module WorkspaceMenuStructure (199)
[2017.10.24-05.57.04:513][953]LogModuleManager: Shutting down and abandoning module UMG (196)
[2017.10.24-05.57.04:514][953]LogModuleManager: Shutting down and abandoning module UMGEditor (195)
[2017.10.24-05.57.04:516][953]LogModuleManager: Shutting down and abandoning module Sequencer (194)
[2017.10.24-05.57.04:518][953]LogModuleManager: Shutting down and abandoning module MessageLog (191)
[2017.10.24-05.57.04:518][953]LogModuleManager: Shutting down and abandoning module SlateReflector (186)
[2017.10.24-05.57.04:520][953]LogModuleManager: Shutting down and abandoning module Slate (184)
[2017.10.24-05.57.04:520][953]LogModuleManager: Shutting down and abandoning module EditorStyle (182)
[2017.10.24-05.57.04:522][953]LogModuleManager: Shutting down and abandoning module MRMesh (180)
[2017.10.24-05.57.04:522][953]LogModuleManager: Shutting down and abandoning module SourceCodeAccess (178)
[2017.10.24-05.57.04:522][953]LogModuleManager: Shutting down and abandoning module HeadMountedDisplay (176)
[2017.10.24-05.57.04:522][953]LogModuleManager: Shutting down and abandoning module XAudio2 (174)
[2017.10.24-05.57.04:522][953]LogModuleManager: Shutting down and abandoning module Networking (172)
[2017.10.24-05.57.04:522][953]LogModuleManager: Shutting down and abandoning module Core (168)
[2017.10.24-05.57.04:522][953]LogModuleManager: Shutting down and abandoning module KismetCompiler (164)
[2017.10.24-05.57.04:522][953]LogModuleManager: Shutting down and abandoning module LevelSequence (162)
[2017.10.24-05.57.04:522][953]LogModuleManager: Shutting down and abandoning module MeshUtilities (160)
[2017.10.24-05.57.04:522][953]LogModuleManager: Shutting down and abandoning module MeshMergeUtilities (159)
[2017.10.24-05.57.04:523][953]LogModuleManager: Shutting down and abandoning module MeshReductionInterface (158)
[2017.10.24-05.57.04:523][953]LogModuleManager: Shutting down and abandoning module SimplygonSwarm (157)
[2017.10.24-05.57.04:523][953]LogModuleManager: Shutting down and abandoning module SimplygonMeshReduction (155)
[2017.10.24-05.57.04:523][953]LogModuleManager: Shutting down and abandoning module QuadricMeshReduction (153)
[2017.10.24-05.57.04:523][953]LogModuleManager: Shutting down and abandoning module MaterialBaking (149)
[2017.10.24-05.57.04:524][953]LogModuleManager: Shutting down and abandoning module DirectoryWatcher (146)
[2017.10.24-05.57.04:524][953]LogModuleManager: Shutting down and abandoning module DerivedDataCache (144)
[2017.10.24-05.57.04:530][953]LogDerivedDataCache: Shutdown
[2017.10.24-05.57.04:530][953]LogModuleManager: Shutting down and abandoning module TargetPlatform (142)
[2017.10.24-05.57.04:530][953]LogModuleManager: Shutting down and abandoning module VulkanShaderFormat (141)
[2017.10.24-05.57.04:531][953]LogModuleManager: Shutting down and abandoning module ShaderFormatVectorVM (139)
[2017.10.24-05.57.04:531][953]LogModuleManager: Shutting down and abandoning module ShaderFormatOpenGL (137)
[2017.10.24-05.57.04:532][953]LogModuleManager: Shutting down and abandoning module ShaderFormatD3D (135)
[2017.10.24-05.57.04:532][953]LogModuleManager: Shutting down and abandoning module MetalShaderFormat (133)
[2017.10.24-05.57.04:534][953]LogModuleManager: Shutting down and abandoning module TextureFormatUncompressed (131)
[2017.10.24-05.57.04:534][953]LogModuleManager: Shutting down and abandoning module TextureFormatPVR (129)
[2017.10.24-05.57.04:534][953]LogModuleManager: Shutting down and abandoning module TextureFormatDXT (127)
[2017.10.24-05.57.04:534][953]LogModuleManager: Shutting down and abandoning module TextureFormatIntelISPCTexComp (125)
[2017.10.24-05.57.04:534][953]LogModuleManager: Shutting down and abandoning module TextureFormatASTC (123)
[2017.10.24-05.57.04:534][953]LogModuleManager: Shutting down and abandoning module ImageWrapper (122)
[2017.10.24-05.57.04:534][953]LogModuleManager: Shutting down and abandoning module TextureFormatAndroid (119)
[2017.10.24-05.57.04:534][953]LogModuleManager: Shutting down and abandoning module AudioFormatOpus (117)
[2017.10.24-05.57.04:534][953]LogModuleManager: Shutting down and abandoning module AudioFormatOgg (115)
[2017.10.24-05.57.04:534][953]LogModuleManager: Shutting down and abandoning module AudioFormatADPCM (113)
[2017.10.24-05.57.04:534][953]LogModuleManager: Shutting down and abandoning module LinuxTargetPlatform (111)
[2017.10.24-05.57.04:534][953]LogModuleManager: Shutting down and abandoning module LinuxServerTargetPlatform (109)
[2017.10.24-05.57.04:534][953]LogModuleManager: Shutting down and abandoning module LinuxNoEditorTargetPlatform (107)
[2017.10.24-05.57.04:534][953]LogModuleManager: Shutting down and abandoning module LinuxClientTargetPlatform (105)
[2017.10.24-05.57.04:534][953]LogModuleManager: Shutting down and abandoning module TVOSTargetPlatform (103)
[2017.10.24-05.57.04:534][953]LogModuleManager: Shutting down and abandoning module Messaging (101)
[2017.10.24-05.57.04:534][953]LogModuleManager: Shutting down and abandoning module IOSTargetPlatform (99)
[2017.10.24-05.57.04:534][953]LogModuleManager: Shutting down and abandoning module HTML5TargetPlatform (97)
[2017.10.24-05.57.04:534][953]LogModuleManager: Shutting down and abandoning module Android_PVRTCTargetPlatform (95)
[2017.10.24-05.57.04:534][953]LogModuleManager: Shutting down and abandoning module Android_MultiTargetPlatform (93)
[2017.10.24-05.57.04:534][953]LogModuleManager: Shutting down and abandoning module Android_ETC2TargetPlatform (91)
[2017.10.24-05.57.04:534][953]LogModuleManager: Shutting down and abandoning module Android_ETC1TargetPlatform (89)
[2017.10.24-05.57.04:534][953]LogModuleManager: Shutting down and abandoning module Android_DXTTargetPlatform (87)
[2017.10.24-05.57.04:534][953]LogModuleManager: Shutting down and abandoning module Android_ATCTargetPlatform (85)
[2017.10.24-05.57.04:534][953]LogModuleManager: Shutting down and abandoning module Android_ASTCTargetPlatform (83)
[2017.10.24-05.57.04:534][953]LogModuleManager: Shutting down and abandoning module AndroidTargetPlatform (81)
[2017.10.24-05.57.04:534][953]LogModuleManager: Shutting down and abandoning module WindowsTargetPlatform (79)
[2017.10.24-05.57.04:534][953]LogModuleManager: Shutting down and abandoning module WindowsServerTargetPlatform (77)
[2017.10.24-05.57.04:534][953]LogModuleManager: Shutting down and abandoning module WindowsNoEditorTargetPlatform (75)
[2017.10.24-05.57.04:534][953]LogModuleManager: Shutting down and abandoning module WindowsClientTargetPlatform (73)
[2017.10.24-05.57.04:534][953]LogModuleManager: Shutting down and abandoning module MacTargetPlatform (71)
[2017.10.24-05.57.04:534][953]LogModuleManager: Shutting down and abandoning module MacServerTargetPlatform (69)
[2017.10.24-05.57.04:534][953]LogModuleManager: Shutting down and abandoning module MacNoEditorTargetPlatform (67)
[2017.10.24-05.57.04:534][953]LogModuleManager: Shutting down and abandoning module MacClientTargetPlatform (65)
[2017.10.24-05.57.04:534][953]LogModuleManager: Shutting down and abandoning module AllDesktopTargetPlatform (63)
[2017.10.24-05.57.04:534][953]LogModuleManager: Shutting down and abandoning module InputCore (60)
[2017.10.24-05.57.04:534][953]LogModuleManager: Shutting down and abandoning module Settings (58)
[2017.10.24-05.57.04:535][953]LogModuleManager: Shutting down and abandoning module PhysXCooking (56)
[2017.10.24-05.57.04:535][953]LogModuleManager: Shutting down and abandoning module SteamVR (54)
[2017.10.24-05.57.04:535][953]LogModuleManager: Shutting down and abandoning module OculusHMD (52)
[2017.10.24-05.57.04:535][953]LogModuleManager: Shutting down and abandoning module ExampleDeviceProfileSelector (50)
[2017.10.24-05.57.04:535][953]LogModuleManager: Shutting down and abandoning module OnlineBlueprintSupport (48)
[2017.10.24-05.57.04:535][953]LogModuleManager: Shutting down and abandoning module OnlineSubsystem (44)
[2017.10.24-05.57.04:535][953]LogOnline: Display: Unloading online subsystem: NULL
[2017.10.24-05.57.04:536][953]LogModuleManager: Shutting down and abandoning module XMPP (43)
[2017.10.24-05.57.04:537][953]LogModuleManager: Shutting down and abandoning module HTTP (41)
[2017.10.24-05.57.04:537][953]LogHttp: Display: Http module shutting down, but needs to wait on 1 outstanding Http requests:
[2017.10.24-05.57.04:538][953]LogHttp: Display: 	verb=[POST] url=[https://datarouter.ol.epicgames.com/datarouter/api/v1/public/data?SessionID=%7B467F94F9-466C-841A-D744-909FAD67A02E%7D&AppID=UEEditor.Rocket.Release&AppVersion=4.17.2-3658906%2B%2B%2BUE4%2BRelease-4.17&UserID=1ad8fa384572165b40d63c9dfcf7f7ee%7C42d88ab9bc0b4fafb7d66eef298fefc8%7Cb5d1b752-f003-4fee-8e6d-51a2964e2b50&AppEnvironment=datacollector-binary&UploadType=eteventstream] status=Processing
[2017.10.24-05.57.04:556][953]LogModuleManager: Shutting down and abandoning module SSL (40)
[2017.10.24-05.57.04:558][953]LogModuleManager: Shutting down and abandoning module AnimationModifiers (36)
[2017.10.24-05.57.04:558][953]LogModuleManager: Shutting down and abandoning module PropertyEditor (35)
[2017.10.24-05.57.04:559][953]LogModuleManager: Shutting down and abandoning module AudioEditor (32)
[2017.10.24-05.57.04:561][953]LogModuleManager: Shutting down and abandoning module TextureCompressor (30)
[2017.10.24-05.57.04:561][953]LogModuleManager: Shutting down and abandoning module ShaderCore (28)
[2017.10.24-05.57.04:561][953]LogModuleManager: Shutting down and abandoning module Landscape (26)
[2017.10.24-05.57.04:561][953]LogModuleManager: Shutting down and abandoning module SlateRHIRenderer (24)
[2017.10.24-05.57.04:564][953]LogModuleManager: Shutting down and abandoning module OpenGLDrv (22)
[2017.10.24-05.57.04:565][953]LogModuleManager: Shutting down and abandoning module D3D11RHI (20)
[2017.10.24-05.57.04:565][953]LogModuleManager: Shutting down and abandoning module AnimGraphRuntime (18)
[2017.10.24-05.57.04:565][953]LogModuleManager: Shutting down and abandoning module Renderer (16)
[2017.10.24-05.57.04:565][953]LogModuleManager: Shutting down and abandoning module Engine (14)
[2017.10.24-05.57.04:565][953]LogModuleManager: Shutting down and abandoning module CoreUObject (12)
[2017.10.24-05.57.04:565][953]LogModuleManager: Shutting down and abandoning module NetworkFile (10)
[2017.10.24-05.57.04:566][953]LogModuleManager: Shutting down and abandoning module CookedIterativeFile (8)
[2017.10.24-05.57.04:566][953]LogModuleManager: Shutting down and abandoning module StreamingFile (6)
[2017.10.24-05.57.04:566][953]LogModuleManager: Shutting down and abandoning module SandboxFile (4)
[2017.10.24-05.57.04:566][953]LogModuleManager: Shutting down and abandoning module PakFile (2)
[2017.10.24-05.57.04:569][953]LogExit: Exiting.
[2017.10.24-05.57.04:582][953]Log file closed, 10/23/17 22:57:04
