Log file open, 10/24/17 21:38:55
LogWindows: Failed to load 'aqProf.dll' (GetLastError=126)
LogWindows: File 'aqProf.dll' does not exist
LogWindows: Failed to load 'VSPerf140.dll' (GetLastError=126)
LogWindows: File 'VSPerf140.dll' does not exist
LogWindows: Failed to load 'VtuneApi.dll' (GetLastError=126)
LogWindows: File 'VtuneApi.dll' does not exist
LogWindows: Failed to load 'VtuneApi32e.dll' (GetLastError=126)
LogWindows: File 'VtuneApi32e.dll' does not exist
LogInit: Display: Running engine for game: PoC_Ellie
LogPlatformFile: Not using cached read wrapper
LogInit: Display: RandInit(1858266054) SRandInit(1858266054).
LogTaskGraph: Started task graph with 5 named threads and 14 total threads with 3 sets of task threads.
LogStats: Stats thread started at 0.160377
LogD3D11RHI: Aftermath initialized
LogPluginManager: Mounting plugin Paper2D
LogPluginManager: Mounting plugin LightPropagationVolume
LogPluginManager: Mounting plugin CodeLiteSourceCodeAccess
LogPluginManager: Mounting plugin GitSourceControl
LogPluginManager: Mounting plugin KDevelopSourceCodeAccess
LogPluginManager: Mounting plugin NullSourceCodeAccess
LogPluginManager: Mounting plugin PerforceSourceControl
LogPluginManager: Mounting plugin SubversionSourceControl
LogPluginManager: Mounting plugin UObjectPlugin
LogPluginManager: Mounting plugin VisualStudioSourceCodeAccess
LogPluginManager: Mounting plugin XCodeSourceCodeAccess
LogPluginManager: Mounting plugin AssetManagerEditor
LogPluginManager: Mounting plugin AudioCapture
LogPluginManager: Mounting plugin FacialAnimation
LogPluginManager: Mounting plugin GameplayTagsEditor
LogPluginManager: Mounting plugin MobileLauncherProfileWizard
LogPluginManager: Mounting plugin PluginBrowser
LogPluginManager: Mounting plugin SpeedTreeImporter
LogPluginManager: Mounting plugin AlembicImporter
LogPluginManager: Mounting plugin CharacterAI
LogPluginManager: Mounting plugin HTML5Networking
LogPluginManager: Mounting plugin AndroidMedia
LogPluginManager: Mounting plugin AvfMedia
LogPluginManager: Mounting plugin MediaPlayerEditor
LogPluginManager: Mounting plugin WmfMedia
LogPluginManager: Mounting plugin TcpMessaging
LogPluginManager: Mounting plugin UdpMessaging
LogPluginManager: Mounting plugin LevelSequenceEditor
LogPluginManager: Mounting plugin MatineeToLevelSequence
LogPluginManager: Mounting plugin OnlineSubsystemGooglePlay
LogPluginManager: Mounting plugin OnlineSubsystemIOS
LogPluginManager: Mounting plugin OnlineSubsystem
LogPluginManager: Mounting plugin OnlineSubsystemNull
LogPluginManager: Mounting plugin OnlineSubsystemUtils
LogPluginManager: Mounting plugin AndroidDeviceProfileSelector
LogPluginManager: Mounting plugin AndroidMoviePlayer
LogPluginManager: Mounting plugin AndroidPermission
LogPluginManager: Mounting plugin AppleMoviePlayer
LogPluginManager: Mounting plugin ArchVisCharacter
LogPluginManager: Mounting plugin CableComponent
LogPluginManager: Mounting plugin CustomMeshComponent
LogPluginManager: Mounting plugin ExampleDeviceProfileSelector
LogPluginManager: Mounting plugin GoogleCloudMessaging
LogPluginManager: Mounting plugin ImmediatePhysics
LogPluginManager: Mounting plugin IOSDeviceProfileSelector
LogPluginManager: Mounting plugin LinuxDeviceProfileSelector
LogPluginManager: Mounting plugin LocationServicesBPLibrary
LogPluginManager: Mounting plugin MobilePatchingUtils
LogPluginManager: Mounting plugin OculusVR
LogPluginManager: Mounting plugin PhysXVehicles
LogPluginManager: Mounting plugin ProceduralMeshComponent
LogPluginManager: Mounting plugin RuntimePhysXCooking
LogPluginManager: Mounting plugin SteamVR
LogPluginManager: Mounting plugin WindowsMoviePlayer
LogInit: Using libcurl 7.47.1
LogInit:  - built for x86_64-pc-win32
LogInit:  - supports SSL with OpenSSL/1.0.2g
LogInit:  - supports HTTP deflate (compression) using libz 1.2.8
LogInit:  - other features:
LogInit:      CURL_VERSION_SSL
LogInit:      CURL_VERSION_LIBZ
LogInit:      CURL_VERSION_IPV6
LogInit:      CURL_VERSION_ASYNCHDNS
LogInit:      CURL_VERSION_LARGEFILE
LogInit:      CURL_VERSION_IDN
LogInit:  CurlRequestOptions (configurable via config and command line):
LogInit:  - bVerifyPeer = false  - Libcurl will NOT verify peer certificate
LogInit:  - bUseHttpProxy = false  - Libcurl will NOT use HTTP proxy
LogInit:  - bDontReuseConnections = false  - Libcurl will reuse connections
LogInit:  - CertBundlePath = nullptr  - Libcurl will use whatever was configured at build time.
LogInit: Build: ++UE4+Release-4.17-CL-3658906
LogInit: Engine Version: 4.17.2-3658906+++UE4+Release-4.17
LogInit: Compatible Engine Version: 4.17.0-3573198+++UE4+Release-4.17
LogInit: Net CL: 3573198
LogDevObjectVersion: Number of dev versions registered: 16
LogDevObjectVersion:   Dev-Blueprints (B0D832E4-1F89-4F0D-ACCF-7EB736FD4AA2): 10
LogDevObjectVersion:   Dev-Build (E1C64328-A22C-4D53-A36C-8E866417BD8C): 0
LogDevObjectVersion:   Dev-Core (375EC13C-06E4-48FB-B500-84F0262A717E): 2
LogDevObjectVersion:   Dev-Editor (E4B068ED-F494-42E9-A231-DA0B2E46BB41): 20
LogDevObjectVersion:   Dev-Framework (CFFC743F-43B0-4480-9391-14DF171D2073): 28
LogDevObjectVersion:   Dev-Mobile (B02B49B5-BB20-44E9-A304-32B752E40360): 0
LogDevObjectVersion:   Dev-Networking (A4E4105C-59A1-49B5-A7C5-40C4547EDFEE): 0
LogDevObjectVersion:   Dev-Online (39C831C9-5AE6-47DC-9A44-9C173E1C8E7C): 0
LogDevObjectVersion:   Dev-Physics (78F01B33-EBEA-4F98-B9B4-84EACCB95AA2): 0
LogDevObjectVersion:   Dev-Platform (6631380F-2D4D-43E0-8009-CF276956A95A): 0
LogDevObjectVersion:   Dev-Rendering (12F88B9F-8875-4AFC-A67C-D90C383ABD29): 19
LogDevObjectVersion:   Dev-Sequencer (7B5AE74C-D270-4C10-A958-57980B212A5A): 4
LogDevObjectVersion:   Dev-VR (D7296918-1DD6-4BDD-9DE2-64A83CC13884): 0
LogDevObjectVersion:   Dev-LoadTimes (C2A15278-BFE7-4AFE-6C17-90FF531DF755): 1
LogDevObjectVersion:   Private-Geometry (6EACA3D4-40EC-4CC1-B786-8BED09428FC5): 1
LogDevObjectVersion:   Dev-AnimPhys (29E575DD-E0A3-4627-9D10-D276232CDCEA): 7
LogInit: Compiled (64-bit): Sep 22 2017 13:47:16
LogInit: Compiled with Visual C++: 19.00.24215.01
LogInit: Build Configuration: Development
LogInit: Branch Name: ++UE4+Release-4.17
LogInit: Command line:  
LogInit: Base directory: C:/Program Files/Epic Games/UE_4.17/Engine/Binaries/Win64/
LogInit: Installed Engine Build: 1
LogInit: Presizing for max 8388607 objects, including 0 objects not considered by GC, pre-allocating 0 bytes for permanent pool.
LogInit: Object subsystem initialized
[2017.10.25-04.38.55:509][  0]LogInit: Selected Device Profile: [Windows]
[2017.10.25-04.38.55:509][  0]LogInit: Applying CVar settings loaded from the selected device profile: [Windows]
[2017.10.25-04.38.55:532][  0]LogInit: Computer: DESKTOP-Q555RM9
[2017.10.25-04.38.55:532][  0]LogInit: User: PrimaryUser
[2017.10.25-04.38.55:532][  0]LogInit: CPU Page size=4096, Cores=4
[2017.10.25-04.38.55:532][  0]LogInit: High frequency timer resolution =3.222652 MHz
[2017.10.25-04.38.55:532][  0]LogMemory: Memory total: Physical=15.9GB (16GB approx)
[2017.10.25-04.38.55:532][  0]LogMemory: Platform Memory Stats for Windows
[2017.10.25-04.38.55:532][  0]LogMemory: Process Physical Memory: 278.29 MB used, 278.29 MB peak
[2017.10.25-04.38.55:532][  0]LogMemory: Process Virtual Memory: 274.14 MB used, 274.14 MB peak
[2017.10.25-04.38.55:532][  0]LogMemory: Physical Memory: 5242.78 MB used,  11079.31 MB free, 16322.09 MB total
[2017.10.25-04.38.55:533][  0]LogMemory: Virtual Memory: 668.78 MB used,  11079.31 MB free, 134217728.00 MB total
[2017.10.25-04.38.55:682][  0]LogInit: Using OS detected language (en-US).
[2017.10.25-04.38.55:682][  0]LogInit: Using OS detected locale (en-US).
[2017.10.25-04.38.55:684][  0]LogTextLocalizationManager: No specific localization for 'en-US' exists, so the 'en' localization will be used.
[2017.10.25-04.38.56:326][  0]LogD3D11RHI: D3D11 adapters:
[2017.10.25-04.38.56:355][  0]LogD3D11RHI:    0. 'NVIDIA GeForce GTX 980' (Feature Level 11_0)
[2017.10.25-04.38.56:356][  0]LogD3D11RHI:       4060/0/8161 MB DedicatedVideo/DedicatedSystem/SharedSystem, Outputs:1, VendorId:0x10de
[2017.10.25-04.38.56:357][  0]LogD3D11RHI:    1. 'Microsoft Basic Render Driver' (Feature Level 11_0)
[2017.10.25-04.38.56:357][  0]LogD3D11RHI:       0/0/8161 MB DedicatedVideo/DedicatedSystem/SharedSystem, Outputs:0, VendorId:0x1414
[2017.10.25-04.38.56:357][  0]LogD3D11RHI: Chosen D3D11 Adapter: 0
[2017.10.25-04.38.56:363][  0]LogD3D11RHI: Creating new Direct3DDevice
[2017.10.25-04.38.56:363][  0]LogD3D11RHI:     GPU DeviceId: 0x13c0 (for the marketing name, search the web for "GPU Device Id")
[2017.10.25-04.38.56:363][  0]LogWindows: EnumDisplayDevices:
[2017.10.25-04.38.56:363][  0]LogWindows:    0. 'NVIDIA GeForce GTX 980' (P:1 D:1)
[2017.10.25-04.38.56:363][  0]LogWindows:    1. 'NVIDIA GeForce GTX 980' (P:0 D:0)
[2017.10.25-04.38.56:363][  0]LogWindows:    2. 'NVIDIA GeForce GTX 980' (P:0 D:0)
[2017.10.25-04.38.56:364][  0]LogWindows:    3. 'NVIDIA GeForce GTX 980' (P:0 D:0)
[2017.10.25-04.38.56:364][  0]LogWindows: DebugString: FoundDriverCount:4 
[2017.10.25-04.38.56:364][  0]LogD3D11RHI:     Adapter Name: NVIDIA GeForce GTX 980
[2017.10.25-04.38.56:364][  0]LogD3D11RHI:   Driver Version: 388.00 (internal:23.21.13.8800, unified:388.00)
[2017.10.25-04.38.56:364][  0]LogD3D11RHI:      Driver Date: 10-12-2017
[2017.10.25-04.38.56:364][  0]LogRHI: Texture pool is 1361 MB (70% of 1945 MB)
[2017.10.25-04.38.56:386][  0]LogD3D11RHI: Async texture creation enabled
[2017.10.25-04.38.56:423][  0]LogD3D11RHI: GPU Timing Frequency: 1000.000000 (Debug: 2 1)
[2017.10.25-04.38.56:424][  0]LogShaderCompilers: Guid format shader working directory is -20 characters bigger than the processId version (../../../../../../Users/Primary User/Documents/Unreal Projects/PoC_Ellie/Intermediate/Shaders/WorkingDirectory/20812/).
[2017.10.25-04.38.56:424][  0]LogShaderCompilers: Cleaned the shader compiler working directory 'C:/Users/Primary User/AppData/Local/Temp/UnrealShaderWorkingDir/177C6FB944FD0A076EAF0BBE421D4E94/'.
[2017.10.25-04.38.56:424][  0]LogShaderCompilers: Display: Using Local Shader Compiler.
[2017.10.25-04.38.57:257][  0]LogTemp: Display: Loaded TP AllDesktopTargetPlatform
[2017.10.25-04.38.57:301][  0]LogTemp: Display: Loaded TP MacClientTargetPlatform
[2017.10.25-04.38.57:343][  0]LogTemp: Display: Loaded TP MacNoEditorTargetPlatform
[2017.10.25-04.38.57:419][  0]LogTemp: Display: Loaded TP MacServerTargetPlatform
[2017.10.25-04.38.57:478][  0]LogTemp: Display: Loaded TP MacTargetPlatform
[2017.10.25-04.38.57:522][  0]LogTemp: Display: Loaded TP WindowsClientTargetPlatform
[2017.10.25-04.38.57:564][  0]LogTemp: Display: Loaded TP WindowsNoEditorTargetPlatform
[2017.10.25-04.38.57:607][  0]LogTemp: Display: Loaded TP WindowsServerTargetPlatform
[2017.10.25-04.38.57:645][  0]LogTemp: Display: Loaded TP WindowsTargetPlatform
[2017.10.25-04.38.57:687][  0]LogTemp: Display: Loaded TP AndroidTargetPlatform
[2017.10.25-04.38.57:730][  0]LogTemp: Display: Loaded TP Android_ASTCTargetPlatform
[2017.10.25-04.38.57:772][  0]LogTemp: Display: Loaded TP Android_ATCTargetPlatform
[2017.10.25-04.38.57:813][  0]LogTemp: Display: Loaded TP Android_DXTTargetPlatform
[2017.10.25-04.38.57:855][  0]LogTemp: Display: Loaded TP Android_ETC1TargetPlatform
[2017.10.25-04.38.57:896][  0]LogTemp: Display: Loaded TP Android_ETC2TargetPlatform
[2017.10.25-04.38.57:980][  0]LogTemp: Display: Loaded TP Android_MultiTargetPlatform
[2017.10.25-04.38.57:980][  0]LogTemp: Display: Loaded TP Android_PVRTCTargetPlatform
[2017.10.25-04.38.58:011][  0]LogTemp: Display: Loaded TP HTML5TargetPlatform
[2017.10.25-04.38.58:091][  0]LogTemp: Display: Loaded TP IOSTargetPlatform
[2017.10.25-04.38.58:116][  0]LogTemp: Display: Loaded TP TVOSTargetPlatform
[2017.10.25-04.38.58:157][  0]LogTemp: Display: Loaded TP LinuxClientTargetPlatform
[2017.10.25-04.38.58:198][  0]LogTemp: Display: Loaded TP LinuxNoEditorTargetPlatform
[2017.10.25-04.38.58:241][  0]LogTemp: Display: Loaded TP LinuxServerTargetPlatform
[2017.10.25-04.38.58:282][  0]LogTemp: Display: Loaded TP LinuxTargetPlatform
[2017.10.25-04.38.58:282][  0]LogTargetPlatformManager: Display: Building Assets For Windows
[2017.10.25-04.38.58:681][  0]LogDerivedDataCache: Display: Max Cache Size: 512 MB
[2017.10.25-04.38.58:772][  0]LogDerivedDataCache: Loaded boot cache 0.09s 93MB C:/Users/Primary User/AppData/Local/UnrealEngine/4.17/DerivedDataCache/Boot.ddc.
[2017.10.25-04.38.58:772][  0]LogDerivedDataCache: Display: Loaded Boot cache: C:/Users/Primary User/AppData/Local/UnrealEngine/4.17/DerivedDataCache/Boot.ddc
[2017.10.25-04.38.58:772][  0]LogDerivedDataCache: FDerivedDataBackendGraph:  Pak pak cache file ../../../../../../Users/Primary User/Documents/Unreal Projects/PoC_Ellie/DerivedDataCache/DDC.ddp not found, will not use a pak cache.
[2017.10.25-04.38.58:772][  0]LogDerivedDataCache: Unable to find inner node Pak for hierarchical cache Hierarchy.
[2017.10.25-04.38.58:773][  0]LogDerivedDataCache: FDerivedDataBackendGraph:  CompressedPak pak cache file ../../../../../../Users/Primary User/Documents/Unreal Projects/PoC_Ellie/DerivedDataCache/Compressed.ddp not found, will not use a pak cache.
[2017.10.25-04.38.58:773][  0]LogDerivedDataCache: Unable to find inner node CompressedPak for hierarchical cache Hierarchy.
[2017.10.25-04.38.58:788][  0]LogDerivedDataCache: Display: Pak cache opened for reading ../../../Engine/DerivedDataCache/Compressed.ddp.
[2017.10.25-04.38.58:801][  0]LogDerivedDataCache: Using Local data cache path C:/Users/Primary User/AppData/Local/UnrealEngine/Common/DerivedDataCache: Writable
[2017.10.25-04.38.58:810][  0]LogMaterial: Verifying Global Shaders for PCD3D_SM5
[2017.10.25-04.38.58:811][  0]LogSlate: Using Freetype 2.6.0
[2017.10.25-04.38.58:811][  0]LogSlate: SlateFontCache - WITH_FREETYPE: 1, WITH_HARFBUZZ: 1
[2017.10.25-04.38.58:811][  0]LogSlate: SlateFontCache - WITH_FREETYPE: 1, WITH_HARFBUZZ: 1
[2017.10.25-04.38.59:053][  0]LogAssetRegistry: FAssetRegistry took 0.0262 seconds to start up
[2017.10.25-04.38.59:155][  0]LogInit: Selected Device Profile: [Windows]
[2017.10.25-04.38.59:293][  0]LogContentStreaming: Texture pool size is 0.00 MB
[2017.10.25-04.38.59:546][  0]LogSimplygon: Simplygon DLL not present - disabling.
[2017.10.25-04.38.59:580][  0]LogMeshReduction: Using SimplygonSwarm for distributed automatic mesh merging
[2017.10.25-04.38.59:580][  0]LogMeshReduction: Using QuadricMeshReduction for automatic static mesh reduction
[2017.10.25-04.38.59:580][  0]LogMeshReduction: No automatic skeletal mesh reduction module available
[2017.10.25-04.38.59:580][  0]LogMeshReduction: No automatic mesh merging module available
[2017.10.25-04.38.59:580][  0]LogMeshMerging: No automatic mesh merging module available
[2017.10.25-04.38.59:910][  0]LogNetVersion: PoC_Ellie , NetCL: 3573198, EngineNetVer: 2, GameNetVer: 0 (Checksum: 1185797616)
[2017.10.25-04.39.00:099][  0]LogPackageLocalizationCache: Processed 5 localized package path(s) for 2 prioritized culture(s) in 0.045285 seconds
[2017.10.25-04.39.00:105][  0]LogUObjectArray: 35825 objects as part of root set at end of initial load.
[2017.10.25-04.39.00:105][  0]LogUObjectAllocator: 7529104 out of 0 bytes used by permanent object pool.
[2017.10.25-04.39.00:105][  0]LogUObjectArray: CloseDisregardForGC: 0/0 objects in disregard for GC pool
[2017.10.25-04.39.00:155][  0]LogInit: WinSock: version 1.1 (2.2), MaxSocks=32767, MaxUdp=65467
[2017.10.25-04.39.02:353][  0]LogTcpMessaging: Initializing TcpMessaging bridge
[2017.10.25-04.39.02:386][  0]LogUdpMessaging: Initializing bridge on interface 0.0.0.0:0 to multicast group 230.0.0.1:6666.
[2017.10.25-04.39.02:912][  0]LogMaterial: Uniform references updated for custom material expression Custom.
[2017.10.25-04.39.03:259][  0]SourceControl: Source control is disabled
[2017.10.25-04.39.03:974][  0]LogAndroidPermission: UAndroidPermissionCallbackProxy::GetInstance
[2017.10.25-04.39.04:170][  0]LogOcInput: OculusInput pre-init called
[2017.10.25-04.39.04:387][  0]LogEngine: Initializing Engine...
[2017.10.25-04.39.04:389][  0]LogHMD: Failed to initialize OpenVR with code 110
[2017.10.25-04.39.04:597][  0]LogStats: UGameplayTagsManager::ConstructGameplayTagTree: Construct from data asset -  0.000 s
[2017.10.25-04.39.04:597][  0]LogStats: UGameplayTagsManager::ConstructGameplayTagTree: GameplayTagTreeChangedEvent.Broadcast -  0.000 s
[2017.10.25-04.39.04:701][  0]LogAIModule: Creating AISystem for world Untitled
[2017.10.25-04.39.04:710][  0]LogInit: XAudio2 using 'Speakers (Realtek High Definition Audio)' : 2 channels at 48 kHz using 32 bits per sample (channel mask 0x3)
[2017.10.25-04.39.04:736][  0]LogInit: FAudioDevice initialized.
[2017.10.25-04.39.04:828][  0]LogDerivedDataCache: Saved boot cache 0.09s 94MB C:/Users/Primary User/AppData/Local/UnrealEngine/4.17/DerivedDataCache/Boot.ddc.
[2017.10.25-04.39.04:837][  0]LogInit: Texture streaming: Enabled
[2017.10.25-04.39.04:929][  0]LogEngineSessionManager: EngineSessionManager initialized
[2017.10.25-04.39.05:108][  0]LogInit: Transaction tracking system initialized
[2017.10.25-04.39.05:360][  0]BlueprintLog: New page: Editor Load
[2017.10.25-04.39.06:092][  0]LocalizationService: Localization service is disabled
[2017.10.25-04.39.06:729][  0]LogConsoleResponse: Display: 
[2017.10.25-04.39.06:884][  0]LogCook: Display: Max memory allowance for cook 16384mb min free memory 0mb
[2017.10.25-04.39.06:885][  0]LogCook: Display: Mobile HDR setting 1
[2017.10.25-04.39.06:885][  0]LogGameplayTags: Display: UGameplayTagsManager::DoneAddingNativeTags. DelegateIsBound: 0
[2017.10.25-04.39.07:703][  0]LogFileCache: Scanning file cache for directory 'C:/Users/Primary User/Documents/Unreal Projects/PoC_Ellie/Content/' took 0.02s
[2017.10.25-04.39.07:741][  0]Cmd: MAP LOAD FILE="../../../../../../Users/Primary User/Documents/Unreal Projects/PoC_Ellie/Content/ThirdPersonBP/Maps/ThirdPersonExampleMap.umap" TEMPLATE=0 SHOWPROGRESS=1 FEATURELEVEL=3
[2017.10.25-04.39.07:742][  0]LightingResults: New page: Lighting Build
[2017.10.25-04.39.07:775][  0]MapCheck: New page: Map Check
[2017.10.25-04.39.07:775][  0]LightingResults: New page: Lighting Build
[2017.10.25-04.39.08:229][  0]LogAIModule: Creating AISystem for world ThirdPersonExampleMap
[2017.10.25-04.39.08:238][  0]LogEditorServer: Finished looking for orphan Actors (0.000 secs)
[2017.10.25-04.39.08:257][  0]Cmd: MAP CHECKDEP NOCLEARLOG
[2017.10.25-04.39.08:308][  0]MapCheck: Map check complete: 0 Error(s), 0 Warning(s), took 51.16ms to complete.
[2017.10.25-04.39.08:309][  0]LogFileHelpers: Loading map 'ThirdPersonExampleMap' took 0.567
[2017.10.25-04.39.08:485][  0]LogCollectionManager: Loaded 0 collections in 0.001401 seconds
[2017.10.25-04.39.08:583][  0]LogFileCache: Scanning file cache for directory 'C:/Users/Primary User/Documents/Unreal Projects/PoC_Ellie/Saved/Collections/' took 0.01s
[2017.10.25-04.39.08:583][  0]LogFileCache: Scanning file cache for directory 'C:/Users/Primary User/Documents/Unreal Projects/PoC_Ellie/Content/Developers/PrimaryUser/Collections/' took 0.01s
[2017.10.25-04.39.08:583][  0]LogFileCache: Scanning file cache for directory 'C:/Users/Primary User/Documents/Unreal Projects/PoC_Ellie/Content/Collections/' took 0.01s
[2017.10.25-04.39.08:583][  0]LogCollectionManager: Rebuilt the GUID cache for 0 collections in 0.000001 seconds
[2017.10.25-04.39.08:592][  0]LogContentBrowser: Native class hierarchy populated in 0.0089 seconds. Added 2387 classes and 502 folders.
[2017.10.25-04.39.08:645][  0]LogContentBrowser: Native class hierarchy updated for 'WidgetCarousel' in 0.0007 seconds. Added 0 classes and 0 folders.
[2017.10.25-04.39.08:677][  0]LogContentBrowser: Native class hierarchy updated for 'AddContentDialog' in 0.0006 seconds. Added 0 classes and 0 folders.
[2017.10.25-04.39.08:746][  0]LogSlate: Took 0.000188 seconds to synchronously load lazily loaded font '../../../Engine/Content/Slate/Fonts/Roboto-Regular.ttf' (155K)
[2017.10.25-04.39.08:749][  0]LogSlate: Took 0.000280 seconds to synchronously load lazily loaded font '../../../Engine/Content/Slate/Fonts/Roboto-Bold.ttf' (160K)
[2017.10.25-04.39.08:752][  0]LogSlate: Took 0.000167 seconds to synchronously load lazily loaded font '../../../Engine/Content/Editor/Slate/Fonts/FontAwesome.ttf' (139K)
[2017.10.25-04.39.08:846][  0]LogRenderer: Reallocating scene render targets to support 1164x656 Format 10 NumSamples 1 (Frame:1).
[2017.10.25-04.39.09:043][  0]LogContentBrowser: Native class hierarchy updated for 'HierarchicalLODOutliner' in 0.0010 seconds. Added 1 classes and 2 folders.
[2017.10.25-04.39.09:043][  0]LogLoad: (Engine Initialization) Total time: 14.95 seconds
[2017.10.25-04.39.09:043][  0]LogLoad: (Engine Initialization) Total Blueprint compile time: 0.00 seconds
[2017.10.25-04.39.09:043][  0]LogExternalProfiler: No external profilers were discovered.  External profiling features will not be available.
[2017.10.25-04.39.09:053][  0]LogWindowsTextInputMethodSystem: Display: IME system now deactivated.
[2017.10.25-04.39.09:073][  0]SourceControl: On branch Sub_Test
[2017.10.25-04.39.09:073][  0]SourceControl: Your branch is up-to-date with 'origin/Sub_Test'.
[2017.10.25-04.39.09:073][  0]SourceControl: Changes not staged for commit:
[2017.10.25-04.39.09:073][  0]SourceControl:   (use "git add <file>..." to update what will be committed)
[2017.10.25-04.39.09:073][  0]SourceControl:   (use "git checkout -- <file>..." to discard changes in working directory)
[2017.10.25-04.39.09:073][  0]SourceControl: 	modified:   Intermediate/CachedAssetRegistry.bin
[2017.10.25-04.39.09:073][  0]SourceControl: 	modified:   Saved/AutoScreenshot.png
[2017.10.25-04.39.09:073][  0]SourceControl: 	modified:   Saved/Config/Windows/EditorPerProjectUserSettings.ini
[2017.10.25-04.39.09:073][  0]SourceControl: 	modified:   Saved/Logs/PoC_Ellie.log
[2017.10.25-04.39.09:073][  0]SourceControl: 	modified:   Saved/Logs/PoC_Ellie_2.log
[2017.10.25-04.39.09:073][  0]SourceControl: Untracked files:
[2017.10.25-04.39.09:073][  0]SourceControl:   (use "git add <file>..." to include in what will be committed)
[2017.10.25-04.39.09:073][  0]SourceControl: 	Saved/Config/CrashReportClient/UE4CC-Windows-C7AB626947C666DDAA53EFA3F406EEDC/
[2017.10.25-04.39.09:073][  0]SourceControl: 	Saved/Logs/PoC_Ellie-backup-2017.10.24-21.38.54.log
[2017.10.25-04.39.09:073][  0]SourceControl: no changes added to commit (use "git add" and/or "git commit -a")
[2017.10.25-04.39.09:073][  0]LogContentStreaming: Texture pool size now 1000 MB
[2017.10.25-04.39.09:109][  0]LogSlate: Took 0.000224 seconds to synchronously load lazily loaded font '../../../Engine/Content/Slate/Fonts/Roboto-Light.ttf' (159K)
[2017.10.25-04.39.09:137][  1]LogAssetRegistry: Asset discovery search completed in 10.1066 seconds
[2017.10.25-04.39.09:139][  1]LogCollectionManager: Rebuilt the object cache for 0 collections in 0.000001 seconds (found 0 objects)
[2017.10.25-04.39.09:139][  1]LogCollectionManager: Fixed up redirectors for 0 collections in 0.000039 seconds (updated 0 objects)
[2017.10.25-04.39.12:717][321]SourceControl: fatal: C:/Program Files/Epic Games/UE_4.17/Engine/Content/: 'C:/Program Files/Epic Games/UE_4.17/Engine/Content/' is outside repository
[2017.10.25-04.39.12:805][321]EditorErrors: Warning: No assets to check in!
[2017.10.25-04.39.44:217][701]LogTexture: Display: Building textures: HQ_Lightmap1_1 (AutoDXT, 256X256)
[2017.10.25-04.39.44:217][701]LogTexture: Display: Building textures: HQ_Lightmap1_10 (AutoDXT, 256X256)
[2017.10.25-04.39.44:217][701]LogTexture: Display: Building textures: HQ_Lightmap1_13 (AutoDXT, 256X256)
[2017.10.25-04.39.44:217][701]LogTexture: Display: Building textures: HQ_Lightmap1_11 (AutoDXT, 256X256)
[2017.10.25-04.39.44:217][701]LogTexture: Display: Building textures: HQ_Lightmap1_15 (AutoDXT, 256X256)
[2017.10.25-04.39.44:217][701]LogTexture: Display: Building textures: HQ_Lightmap1_12 (AutoDXT, 256X256)
[2017.10.25-04.39.44:217][701]LogTexture: Display: Building textures: HQ_Lightmap1_14 (AutoDXT, 256X256)
[2017.10.25-04.39.44:217][701]LogTexture: Display: Building textures: HQ_Lightmap1_16 (AutoDXT, 256X256)
[2017.10.25-04.39.44:217][701]LogTexture: Display: Building textures: HQ_Lightmap1_17 (AutoDXT, 256X256)
[2017.10.25-04.39.44:217][701]LogTexture: Display: Building textures: HQ_Lightmap1_18 (AutoDXT, 256X256)
[2017.10.25-04.39.44:217][701]LogTexture: Display: Building textures: HQ_Lightmap1_19 (AutoDXT, 256X256)
[2017.10.25-04.39.44:217][701]LogTexture: Display: Building textures: HQ_Lightmap1_2 (AutoDXT, 256X256)
[2017.10.25-04.39.44:217][701]LogTexture: Display: Building textures: HQ_Lightmap1_20 (AutoDXT, 128X128)
[2017.10.25-04.39.44:217][701]LogTexture: Display: Building textures: HQ_Lightmap1_21 (AutoDXT, 128X128)
[2017.10.25-04.39.44:217][701]LogTexture: Display: Building textures: HQ_Lightmap1_3 (AutoDXT, 256X256)
[2017.10.25-04.39.44:217][701]LogTexture: Display: Building textures: HQ_Lightmap1_4 (AutoDXT, 256X256)
[2017.10.25-04.39.44:217][701]LogTexture: Display: Building textures: HQ_Lightmap1_5 (AutoDXT, 256X256)
[2017.10.25-04.39.44:217][701]LogTexture: Display: Building textures: HQ_Lightmap1_6 (AutoDXT, 256X256)
[2017.10.25-04.39.44:217][701]LogTexture: Display: Building textures: HQ_Lightmap1_7 (AutoDXT, 256X256)
[2017.10.25-04.39.44:217][701]LogTexture: Display: Building textures: HQ_Lightmap1_8 (AutoDXT, 256X256)
[2017.10.25-04.39.44:217][701]LogTexture: Display: Building textures: HQ_Lightmap1_9 (AutoDXT, 256X256)
[2017.10.25-04.39.44:217][701]LogTexture: Display: Building textures: LQ_Lightmap_1_1 (DXT1, 256X256)
[2017.10.25-04.39.44:217][701]LogTexture: Display: Building textures: LQ_Lightmap_1_10 (DXT1, 256X256)
[2017.10.25-04.39.44:217][701]LogTexture: Display: Building textures: LQ_Lightmap_1_11 (DXT1, 256X256)
[2017.10.25-04.39.44:217][701]LogTexture: Display: Building textures: LQ_Lightmap_1_12 (DXT1, 256X256)
[2017.10.25-04.39.44:217][701]LogTexture: Display: Building textures: LQ_Lightmap_1_13 (DXT1, 256X256)
[2017.10.25-04.39.44:217][701]LogTexture: Display: Building textures: LQ_Lightmap_1_14 (DXT1, 256X256)
[2017.10.25-04.39.44:217][701]LogTexture: Display: Building textures: LQ_Lightmap_1_15 (DXT1, 256X256)
[2017.10.25-04.39.44:217][701]LogTexture: Display: Building textures: LQ_Lightmap_1_16 (DXT1, 256X256)
[2017.10.25-04.39.44:217][701]LogTexture: Display: Building textures: LQ_Lightmap_1_17 (DXT1, 256X256)
[2017.10.25-04.39.44:217][701]LogTexture: Display: Building textures: LQ_Lightmap_1_18 (DXT1, 256X256)
[2017.10.25-04.39.44:217][701]LogTexture: Display: Building textures: LQ_Lightmap_1_20 (DXT1, 128X128)
[2017.10.25-04.39.44:217][701]LogTexture: Display: Building textures: LQ_Lightmap_1_19 (DXT1, 256X256)
[2017.10.25-04.39.44:217][701]LogTexture: Display: Building textures: LQ_Lightmap_1_2 (DXT1, 256X256)
[2017.10.25-04.39.44:217][701]LogTexture: Display: Building textures: LQ_Lightmap_1_21 (DXT1, 128X128)
[2017.10.25-04.39.44:217][701]LogTexture: Display: Building textures: LQ_Lightmap_1_3 (DXT1, 256X256)
[2017.10.25-04.39.44:217][701]LogTexture: Display: Building textures: LQ_Lightmap_1_4 (DXT1, 256X256)
[2017.10.25-04.39.44:217][701]LogTexture: Display: Building textures: LQ_Lightmap_1_5 (DXT1, 256X256)
[2017.10.25-04.39.44:217][701]LogTexture: Display: Building textures: LQ_Lightmap_1_6 (DXT1, 256X256)
[2017.10.25-04.39.44:217][701]LogTexture: Display: Building textures: LQ_Lightmap_1_7 (DXT1, 256X256)
[2017.10.25-04.39.44:217][701]LogTexture: Display: Building textures: LQ_Lightmap_1_8 (DXT1, 256X256)
[2017.10.25-04.39.44:217][701]LogTexture: Display: Building textures: LQ_Lightmap_1_9 (DXT1, 256X256)
[2017.10.25-04.39.47:110][701]LogSlate: Took 0.000140 seconds to synchronously load lazily loaded font '../../../Engine/Content/Slate/Fonts/Roboto-Light.ttf' (159K)
