Log file open, 10/23/17 20:41:46
LogWindows: Failed to load 'aqProf.dll' (GetLastError=126)
LogWindows: File 'aqProf.dll' does not exist
LogWindows: Failed to load 'VSPerf140.dll' (GetLastError=126)
LogWindows: File 'VSPerf140.dll' does not exist
LogWindows: Failed to load 'VtuneApi.dll' (GetLastError=126)
LogWindows: File 'VtuneApi.dll' does not exist
LogWindows: Failed to load 'VtuneApi32e.dll' (GetLastError=126)
LogWindows: File 'VtuneApi32e.dll' does not exist
LogInit: Display: Running engine for game: PoC_Ellie
LogPlatformFile: Not using cached read wrapper
LogInit: Display: RandInit(-1267169821) SRandInit(-1267169821).
LogTaskGraph: Started task graph with 5 named threads and 14 total threads with 3 sets of task threads.
LogStats: Stats thread started at 0.163017
LogD3D11RHI: Aftermath initialized
LogPluginManager: Mounting plugin Paper2D
LogPluginManager: Mounting plugin LightPropagationVolume
LogPluginManager: Mounting plugin CodeLiteSourceCodeAccess
LogPluginManager: Mounting plugin GitSourceControl
LogPluginManager: Mounting plugin KDevelopSourceCodeAccess
LogPluginManager: Mounting plugin NullSourceCodeAccess
LogPluginManager: Mounting plugin PerforceSourceControl
LogPluginManager: Mounting plugin SubversionSourceControl
LogPluginManager: Mounting plugin UObjectPlugin
LogPluginManager: Mounting plugin VisualStudioSourceCodeAccess
LogPluginManager: Mounting plugin XCodeSourceCodeAccess
LogPluginManager: Mounting plugin AssetManagerEditor
LogPluginManager: Mounting plugin AudioCapture
LogPluginManager: Mounting plugin FacialAnimation
LogPluginManager: Mounting plugin GameplayTagsEditor
LogPluginManager: Mounting plugin MobileLauncherProfileWizard
LogPluginManager: Mounting plugin PluginBrowser
LogPluginManager: Mounting plugin SpeedTreeImporter
LogPluginManager: Mounting plugin AlembicImporter
LogPluginManager: Mounting plugin CharacterAI
LogPluginManager: Mounting plugin HTML5Networking
LogPluginManager: Mounting plugin AndroidMedia
LogPluginManager: Mounting plugin AvfMedia
LogPluginManager: Mounting plugin MediaPlayerEditor
LogPluginManager: Mounting plugin WmfMedia
LogPluginManager: Mounting plugin TcpMessaging
LogPluginManager: Mounting plugin UdpMessaging
LogPluginManager: Mounting plugin LevelSequenceEditor
LogPluginManager: Mounting plugin MatineeToLevelSequence
LogPluginManager: Mounting plugin OnlineSubsystemGooglePlay
LogPluginManager: Mounting plugin OnlineSubsystemIOS
LogPluginManager: Mounting plugin OnlineSubsystem
LogPluginManager: Mounting plugin OnlineSubsystemNull
LogPluginManager: Mounting plugin OnlineSubsystemUtils
LogPluginManager: Mounting plugin AndroidDeviceProfileSelector
LogPluginManager: Mounting plugin AndroidMoviePlayer
LogPluginManager: Mounting plugin AndroidPermission
LogPluginManager: Mounting plugin AppleMoviePlayer
LogPluginManager: Mounting plugin ArchVisCharacter
LogPluginManager: Mounting plugin CableComponent
LogPluginManager: Mounting plugin CustomMeshComponent
LogPluginManager: Mounting plugin ExampleDeviceProfileSelector
LogPluginManager: Mounting plugin GoogleCloudMessaging
LogPluginManager: Mounting plugin ImmediatePhysics
LogPluginManager: Mounting plugin IOSDeviceProfileSelector
LogPluginManager: Mounting plugin LinuxDeviceProfileSelector
LogPluginManager: Mounting plugin LocationServicesBPLibrary
LogPluginManager: Mounting plugin MobilePatchingUtils
LogPluginManager: Mounting plugin OculusVR
LogPluginManager: Mounting plugin PhysXVehicles
LogPluginManager: Mounting plugin ProceduralMeshComponent
LogPluginManager: Mounting plugin RuntimePhysXCooking
LogPluginManager: Mounting plugin SteamVR
LogPluginManager: Mounting plugin WindowsMoviePlayer
LogInit: Using libcurl 7.47.1
LogInit:  - built for x86_64-pc-win32
LogInit:  - supports SSL with OpenSSL/1.0.2g
LogInit:  - supports HTTP deflate (compression) using libz 1.2.8
LogInit:  - other features:
LogInit:      CURL_VERSION_SSL
LogInit:      CURL_VERSION_LIBZ
LogInit:      CURL_VERSION_IPV6
LogInit:      CURL_VERSION_ASYNCHDNS
LogInit:      CURL_VERSION_LARGEFILE
LogInit:      CURL_VERSION_IDN
LogInit:  CurlRequestOptions (configurable via config and command line):
LogInit:  - bVerifyPeer = false  - Libcurl will NOT verify peer certificate
LogInit:  - bUseHttpProxy = false  - Libcurl will NOT use HTTP proxy
LogInit:  - bDontReuseConnections = false  - Libcurl will reuse connections
LogInit:  - CertBundlePath = nullptr  - Libcurl will use whatever was configured at build time.
LogInit: Build: ++UE4+Release-4.17-CL-3658906
LogInit: Engine Version: 4.17.2-3658906+++UE4+Release-4.17
LogInit: Compatible Engine Version: 4.17.0-3573198+++UE4+Release-4.17
LogInit: Net CL: 3573198
LogDevObjectVersion: Number of dev versions registered: 16
LogDevObjectVersion:   Dev-Blueprints (B0D832E4-1F89-4F0D-ACCF-7EB736FD4AA2): 10
LogDevObjectVersion:   Dev-Build (E1C64328-A22C-4D53-A36C-8E866417BD8C): 0
LogDevObjectVersion:   Dev-Core (375EC13C-06E4-48FB-B500-84F0262A717E): 2
LogDevObjectVersion:   Dev-Editor (E4B068ED-F494-42E9-A231-DA0B2E46BB41): 20
LogDevObjectVersion:   Dev-Framework (CFFC743F-43B0-4480-9391-14DF171D2073): 28
LogDevObjectVersion:   Dev-Mobile (B02B49B5-BB20-44E9-A304-32B752E40360): 0
LogDevObjectVersion:   Dev-Networking (A4E4105C-59A1-49B5-A7C5-40C4547EDFEE): 0
LogDevObjectVersion:   Dev-Online (39C831C9-5AE6-47DC-9A44-9C173E1C8E7C): 0
LogDevObjectVersion:   Dev-Physics (78F01B33-EBEA-4F98-B9B4-84EACCB95AA2): 0
LogDevObjectVersion:   Dev-Platform (6631380F-2D4D-43E0-8009-CF276956A95A): 0
LogDevObjectVersion:   Dev-Rendering (12F88B9F-8875-4AFC-A67C-D90C383ABD29): 19
LogDevObjectVersion:   Dev-Sequencer (7B5AE74C-D270-4C10-A958-57980B212A5A): 4
LogDevObjectVersion:   Dev-VR (D7296918-1DD6-4BDD-9DE2-64A83CC13884): 0
LogDevObjectVersion:   Dev-LoadTimes (C2A15278-BFE7-4AFE-6C17-90FF531DF755): 1
LogDevObjectVersion:   Private-Geometry (6EACA3D4-40EC-4CC1-B786-8BED09428FC5): 1
LogDevObjectVersion:   Dev-AnimPhys (29E575DD-E0A3-4627-9D10-D276232CDCEA): 7
LogInit: Compiled (64-bit): Sep 22 2017 13:47:16
LogInit: Compiled with Visual C++: 19.00.24215.01
LogInit: Build Configuration: Development
LogInit: Branch Name: ++UE4+Release-4.17
LogInit: Command line: -EpicPortal 
LogInit: Base directory: C:/Program Files/Epic Games/UE_4.17/Engine/Binaries/Win64/
LogInit: Installed Engine Build: 1
LogInit: Presizing for max 8388607 objects, including 0 objects not considered by GC, pre-allocating 0 bytes for permanent pool.
LogInit: Object subsystem initialized
[2017.10.24-03.41.46:673][  0]LogInit: Selected Device Profile: [Windows]
[2017.10.24-03.41.46:673][  0]LogInit: Applying CVar settings loaded from the selected device profile: [Windows]
[2017.10.24-03.41.46:684][  0]LogInit: Computer: DESKTOP-Q555RM9
[2017.10.24-03.41.46:684][  0]LogInit: User: PrimaryUser
[2017.10.24-03.41.46:684][  0]LogInit: CPU Page size=4096, Cores=4
[2017.10.24-03.41.46:684][  0]LogInit: High frequency timer resolution =3.222654 MHz
[2017.10.24-03.41.46:684][  0]LogMemory: Memory total: Physical=15.9GB (16GB approx)
[2017.10.24-03.41.46:684][  0]LogMemory: Platform Memory Stats for Windows
[2017.10.24-03.41.46:684][  0]LogMemory: Process Physical Memory: 278.18 MB used, 278.18 MB peak
[2017.10.24-03.41.46:684][  0]LogMemory: Process Virtual Memory: 274.23 MB used, 274.23 MB peak
[2017.10.24-03.41.46:684][  0]LogMemory: Physical Memory: 4700.44 MB used,  11621.65 MB free, 16322.09 MB total
[2017.10.24-03.41.46:684][  0]LogMemory: Virtual Memory: 668.78 MB used,  11621.65 MB free, 134217728.00 MB total
[2017.10.24-03.41.46:830][  0]LogInit: Using OS detected language (en-US).
[2017.10.24-03.41.46:830][  0]LogInit: Using OS detected locale (en-US).
[2017.10.24-03.41.46:832][  0]LogTextLocalizationManager: No specific localization for 'en-US' exists, so the 'en' localization will be used.
[2017.10.24-03.41.47:465][  0]LogD3D11RHI: D3D11 adapters:
[2017.10.24-03.41.47:504][  0]LogD3D11RHI:    0. 'NVIDIA GeForce GTX 980' (Feature Level 11_0)
[2017.10.24-03.41.47:504][  0]LogD3D11RHI:       4060/0/8161 MB DedicatedVideo/DedicatedSystem/SharedSystem, Outputs:1, VendorId:0x10de
[2017.10.24-03.41.47:506][  0]LogD3D11RHI:    1. 'Microsoft Basic Render Driver' (Feature Level 11_0)
[2017.10.24-03.41.47:506][  0]LogD3D11RHI:       0/0/8161 MB DedicatedVideo/DedicatedSystem/SharedSystem, Outputs:0, VendorId:0x1414
[2017.10.24-03.41.47:506][  0]LogD3D11RHI: Chosen D3D11 Adapter: 0
[2017.10.24-03.41.47:512][  0]LogD3D11RHI: Creating new Direct3DDevice
[2017.10.24-03.41.47:512][  0]LogD3D11RHI:     GPU DeviceId: 0x13c0 (for the marketing name, search the web for "GPU Device Id")
[2017.10.24-03.41.47:512][  0]LogWindows: EnumDisplayDevices:
[2017.10.24-03.41.47:512][  0]LogWindows:    0. 'NVIDIA GeForce GTX 980' (P:1 D:1)
[2017.10.24-03.41.47:512][  0]LogWindows:    1. 'NVIDIA GeForce GTX 980' (P:0 D:0)
[2017.10.24-03.41.47:512][  0]LogWindows:    2. 'NVIDIA GeForce GTX 980' (P:0 D:0)
[2017.10.24-03.41.47:512][  0]LogWindows:    3. 'NVIDIA GeForce GTX 980' (P:0 D:0)
[2017.10.24-03.41.47:512][  0]LogWindows: DebugString: FoundDriverCount:4 
[2017.10.24-03.41.47:512][  0]LogD3D11RHI:     Adapter Name: NVIDIA GeForce GTX 980
[2017.10.24-03.41.47:512][  0]LogD3D11RHI:   Driver Version: 388.00 (internal:23.21.13.8800, unified:388.00)
[2017.10.24-03.41.47:512][  0]LogD3D11RHI:      Driver Date: 10-12-2017
[2017.10.24-03.41.47:512][  0]LogRHI: Texture pool is 1361 MB (70% of 1945 MB)
[2017.10.24-03.41.47:536][  0]LogD3D11RHI: Async texture creation enabled
[2017.10.24-03.41.47:607][  0]LogD3D11RHI: GPU Timing Frequency: 1000.000000 (Debug: 2 1)
[2017.10.24-03.41.47:608][  0]LogShaderCompilers: Guid format shader working directory is -20 characters bigger than the processId version (../../../../../../Users/Primary User/Documents/Unreal Projects/PoC_Ellie/Intermediate/Shaders/WorkingDirectory/53620/).
[2017.10.24-03.41.47:608][  0]LogShaderCompilers: Cleaned the shader compiler working directory 'C:/Users/Primary User/AppData/Local/Temp/UnrealShaderWorkingDir/02ADB1554549FCE8A2299A960CAC428F/'.
[2017.10.24-03.41.47:608][  0]LogShaderCompilers: Display: Using Local Shader Compiler.
[2017.10.24-03.41.48:442][  0]LogTemp: Display: Loaded TP AllDesktopTargetPlatform
[2017.10.24-03.41.48:484][  0]LogTemp: Display: Loaded TP MacClientTargetPlatform
[2017.10.24-03.41.48:525][  0]LogTemp: Display: Loaded TP MacNoEditorTargetPlatform
[2017.10.24-03.41.48:567][  0]LogTemp: Display: Loaded TP MacServerTargetPlatform
[2017.10.24-03.41.48:609][  0]LogTemp: Display: Loaded TP MacTargetPlatform
[2017.10.24-03.41.48:651][  0]LogTemp: Display: Loaded TP WindowsClientTargetPlatform
[2017.10.24-03.41.48:693][  0]LogTemp: Display: Loaded TP WindowsNoEditorTargetPlatform
[2017.10.24-03.41.48:735][  0]LogTemp: Display: Loaded TP WindowsServerTargetPlatform
[2017.10.24-03.41.48:797][  0]LogTemp: Display: Loaded TP WindowsTargetPlatform
[2017.10.24-03.41.48:841][  0]LogTemp: Display: Loaded TP AndroidTargetPlatform
[2017.10.24-03.41.48:882][  0]LogTemp: Display: Loaded TP Android_ASTCTargetPlatform
[2017.10.24-03.41.48:923][  0]LogTemp: Display: Loaded TP Android_ATCTargetPlatform
[2017.10.24-03.41.48:982][  0]LogTemp: Display: Loaded TP Android_DXTTargetPlatform
[2017.10.24-03.41.49:026][  0]LogTemp: Display: Loaded TP Android_ETC1TargetPlatform
[2017.10.24-03.41.49:070][  0]LogTemp: Display: Loaded TP Android_ETC2TargetPlatform
[2017.10.24-03.41.49:159][  0]LogTemp: Display: Loaded TP Android_MultiTargetPlatform
[2017.10.24-03.41.49:159][  0]LogTemp: Display: Loaded TP Android_PVRTCTargetPlatform
[2017.10.24-03.41.49:194][  0]LogTemp: Display: Loaded TP HTML5TargetPlatform
[2017.10.24-03.41.49:278][  0]LogTemp: Display: Loaded TP IOSTargetPlatform
[2017.10.24-03.41.49:303][  0]LogTemp: Display: Loaded TP TVOSTargetPlatform
[2017.10.24-03.41.49:343][  0]LogTemp: Display: Loaded TP LinuxClientTargetPlatform
[2017.10.24-03.41.49:384][  0]LogTemp: Display: Loaded TP LinuxNoEditorTargetPlatform
[2017.10.24-03.41.49:425][  0]LogTemp: Display: Loaded TP LinuxServerTargetPlatform
[2017.10.24-03.41.49:465][  0]LogTemp: Display: Loaded TP LinuxTargetPlatform
[2017.10.24-03.41.49:465][  0]LogTargetPlatformManager: Display: Building Assets For Windows
[2017.10.24-03.41.49:852][  0]LogDerivedDataCache: Display: Max Cache Size: 512 MB
[2017.10.24-03.41.49:941][  0]LogDerivedDataCache: Loaded boot cache 0.09s 93MB C:/Users/Primary User/AppData/Local/UnrealEngine/4.17/DerivedDataCache/Boot.ddc.
[2017.10.24-03.41.49:941][  0]LogDerivedDataCache: Display: Loaded Boot cache: C:/Users/Primary User/AppData/Local/UnrealEngine/4.17/DerivedDataCache/Boot.ddc
[2017.10.24-03.41.49:942][  0]LogDerivedDataCache: FDerivedDataBackendGraph:  Pak pak cache file ../../../../../../Users/Primary User/Documents/Unreal Projects/PoC_Ellie/DerivedDataCache/DDC.ddp not found, will not use a pak cache.
[2017.10.24-03.41.49:942][  0]LogDerivedDataCache: Unable to find inner node Pak for hierarchical cache Hierarchy.
[2017.10.24-03.41.49:942][  0]LogDerivedDataCache: FDerivedDataBackendGraph:  CompressedPak pak cache file ../../../../../../Users/Primary User/Documents/Unreal Projects/PoC_Ellie/DerivedDataCache/Compressed.ddp not found, will not use a pak cache.
[2017.10.24-03.41.49:942][  0]LogDerivedDataCache: Unable to find inner node CompressedPak for hierarchical cache Hierarchy.
[2017.10.24-03.41.49:957][  0]LogDerivedDataCache: Display: Pak cache opened for reading ../../../Engine/DerivedDataCache/Compressed.ddp.
[2017.10.24-03.41.49:970][  0]LogDerivedDataCache: Using Local data cache path C:/Users/Primary User/AppData/Local/UnrealEngine/Common/DerivedDataCache: Writable
[2017.10.24-03.41.49:980][  0]LogMaterial: Verifying Global Shaders for PCD3D_SM5
[2017.10.24-03.41.49:980][  0]LogSlate: Using Freetype 2.6.0
[2017.10.24-03.41.49:981][  0]LogSlate: SlateFontCache - WITH_FREETYPE: 1, WITH_HARFBUZZ: 1
[2017.10.24-03.41.49:981][  0]LogSlate: SlateFontCache - WITH_FREETYPE: 1, WITH_HARFBUZZ: 1
[2017.10.24-03.41.50:224][  0]LogAssetRegistry: FAssetRegistry took 0.0259 seconds to start up
[2017.10.24-03.41.50:340][  0]LogInit: Selected Device Profile: [Windows]
[2017.10.24-03.41.50:478][  0]LogContentStreaming: Texture pool size is 0.00 MB
[2017.10.24-03.41.50:742][  0]LogSimplygon: Simplygon DLL not present - disabling.
[2017.10.24-03.41.50:776][  0]LogMeshReduction: Using SimplygonSwarm for distributed automatic mesh merging
[2017.10.24-03.41.50:776][  0]LogMeshReduction: Using QuadricMeshReduction for automatic static mesh reduction
[2017.10.24-03.41.50:776][  0]LogMeshReduction: No automatic skeletal mesh reduction module available
[2017.10.24-03.41.50:776][  0]LogMeshReduction: No automatic mesh merging module available
[2017.10.24-03.41.50:776][  0]LogMeshMerging: No automatic mesh merging module available
[2017.10.24-03.41.51:120][  0]LogNetVersion: PoC_Ellie , NetCL: 3573198, EngineNetVer: 2, GameNetVer: 0 (Checksum: 1185797616)
[2017.10.24-03.41.51:317][  0]LogPackageLocalizationCache: Processed 5 localized package path(s) for 2 prioritized culture(s) in 0.040151 seconds
[2017.10.24-03.41.51:324][  0]LogUObjectArray: 35825 objects as part of root set at end of initial load.
[2017.10.24-03.41.51:324][  0]LogUObjectAllocator: 7529104 out of 0 bytes used by permanent object pool.
[2017.10.24-03.41.51:324][  0]LogUObjectArray: CloseDisregardForGC: 0/0 objects in disregard for GC pool
[2017.10.24-03.41.51:376][  0]LogInit: WinSock: version 1.1 (2.2), MaxSocks=32767, MaxUdp=65467
[2017.10.24-03.41.53:621][  0]LogTcpMessaging: Initializing TcpMessaging bridge
[2017.10.24-03.41.53:664][  0]LogUdpMessaging: Initializing bridge on interface 0.0.0.0:0 to multicast group 230.0.0.1:6666.
[2017.10.24-03.41.54:207][  0]LogMaterial: Uniform references updated for custom material expression Custom.
[2017.10.24-03.41.54:552][  0]SourceControl: Source control is disabled
[2017.10.24-03.41.54:552][  0]SourceControl: Source control is disabled
[2017.10.24-03.41.54:593][  0]SourceControl: Source control is disabled
[2017.10.24-03.41.54:634][  0]SourceControl: Source control is disabled
[2017.10.24-03.41.55:115][  0]LogAndroidPermission: UAndroidPermissionCallbackProxy::GetInstance
[2017.10.24-03.41.55:316][  0]LogOcInput: OculusInput pre-init called
[2017.10.24-03.41.55:537][  0]LogEngine: Initializing Engine...
[2017.10.24-03.41.55:539][  0]LogHMD: Failed to initialize OpenVR with code 110
[2017.10.24-03.41.55:760][  0]LogStats: UGameplayTagsManager::ConstructGameplayTagTree: Construct from data asset -  0.000 s
[2017.10.24-03.41.55:760][  0]LogStats: UGameplayTagsManager::ConstructGameplayTagTree: GameplayTagTreeChangedEvent.Broadcast -  0.000 s
[2017.10.24-03.41.55:871][  0]LogAIModule: Creating AISystem for world Untitled
[2017.10.24-03.41.55:879][  0]LogInit: XAudio2 using 'Speakers (Realtek High Definition Audio)' : 2 channels at 48 kHz using 32 bits per sample (channel mask 0x3)
[2017.10.24-03.41.55:905][  0]LogInit: FAudioDevice initialized.
[2017.10.24-03.41.56:046][  0]LogDerivedDataCache: Saved boot cache 0.14s 93MB C:/Users/Primary User/AppData/Local/UnrealEngine/4.17/DerivedDataCache/Boot.ddc.
[2017.10.24-03.41.56:054][  0]LogInit: Texture streaming: Enabled
[2017.10.24-03.41.56:150][  0]LogEngineSessionManager: EngineSessionManager initialized
[2017.10.24-03.41.56:339][  0]LogInit: Transaction tracking system initialized
[2017.10.24-03.41.56:606][  0]BlueprintLog: New page: Editor Load
[2017.10.24-03.41.57:382][  0]LocalizationService: Localization service is disabled
[2017.10.24-03.41.58:020][  0]LogConsoleResponse: Display: 
[2017.10.24-03.41.58:176][  0]LogCook: Display: Max memory allowance for cook 16384mb min free memory 0mb
[2017.10.24-03.41.58:176][  0]LogCook: Display: Mobile HDR setting 1
[2017.10.24-03.41.58:176][  0]LogGameplayTags: Display: UGameplayTagsManager::DoneAddingNativeTags. DelegateIsBound: 0
[2017.10.24-03.41.58:989][  0]LogFileCache: Scanning file cache for directory 'C:/Users/Primary User/Documents/Unreal Projects/PoC_Ellie/Content/' took 0.01s
[2017.10.24-03.41.59:027][  0]SourceControl: Source control is disabled
[2017.10.24-03.41.59:027][  0]Cmd: MAP LOAD FILE="../../../../../../Users/Primary User/Documents/Unreal Projects/PoC_Ellie/Content/ThirdPersonBP/Maps/ThirdPersonExampleMap.umap" TEMPLATE=0 SHOWPROGRESS=1 FEATURELEVEL=3
[2017.10.24-03.41.59:028][  0]LightingResults: New page: Lighting Build
[2017.10.24-03.41.59:061][  0]MapCheck: New page: Map Check
[2017.10.24-03.41.59:061][  0]LightingResults: New page: Lighting Build
[2017.10.24-03.41.59:406][  0]LogAIModule: Creating AISystem for world ThirdPersonExampleMap
[2017.10.24-03.41.59:433][  0]LogEditorServer: Finished looking for orphan Actors (0.000 secs)
[2017.10.24-03.41.59:452][  0]Cmd: MAP CHECKDEP NOCLEARLOG
[2017.10.24-03.41.59:499][  0]MapCheck: Map check complete: 0 Error(s), 0 Warning(s), took 46.621ms to complete.
[2017.10.24-03.41.59:499][  0]LogFileHelpers: Loading map 'ThirdPersonExampleMap' took 0.472
[2017.10.24-03.41.59:661][  0]LogCollectionManager: Loaded 0 collections in 0.001331 seconds
[2017.10.24-03.41.59:731][  0]LogFileCache: Scanning file cache for directory 'C:/Users/Primary User/Documents/Unreal Projects/PoC_Ellie/Saved/Collections/' took 0.01s
[2017.10.24-03.41.59:731][  0]LogFileCache: Scanning file cache for directory 'C:/Users/Primary User/Documents/Unreal Projects/PoC_Ellie/Content/Developers/PrimaryUser/Collections/' took 0.01s
[2017.10.24-03.41.59:731][  0]LogFileCache: Scanning file cache for directory 'C:/Users/Primary User/Documents/Unreal Projects/PoC_Ellie/Content/Collections/' took 0.01s
[2017.10.24-03.41.59:731][  0]LogCollectionManager: Rebuilt the GUID cache for 0 collections in 0.000000 seconds
[2017.10.24-03.41.59:739][  0]LogContentBrowser: Native class hierarchy populated in 0.0082 seconds. Added 2387 classes and 502 folders.
[2017.10.24-03.41.59:790][  0]LogContentBrowser: Native class hierarchy updated for 'WidgetCarousel' in 0.0005 seconds. Added 0 classes and 0 folders.
[2017.10.24-03.41.59:822][  0]LogContentBrowser: Native class hierarchy updated for 'AddContentDialog' in 0.0006 seconds. Added 0 classes and 0 folders.
[2017.10.24-03.41.59:895][  0]LogSlate: Took 0.000227 seconds to synchronously load lazily loaded font '../../../Engine/Content/Slate/Fonts/Roboto-Regular.ttf' (155K)
[2017.10.24-03.41.59:898][  0]LogSlate: Took 0.000195 seconds to synchronously load lazily loaded font '../../../Engine/Content/Slate/Fonts/Roboto-Bold.ttf' (160K)
[2017.10.24-03.41.59:900][  0]LogSlate: Took 0.000187 seconds to synchronously load lazily loaded font '../../../Engine/Content/Editor/Slate/Fonts/FontAwesome.ttf' (139K)
[2017.10.24-03.41.59:994][  0]LogRenderer: Reallocating scene render targets to support 1164x656 Format 10 NumSamples 1 (Frame:1).
[2017.10.24-03.42.00:381][  0]LogContentBrowser: Native class hierarchy updated for 'HierarchicalLODOutliner' in 0.0010 seconds. Added 1 classes and 2 folders.
[2017.10.24-03.42.00:382][  0]LogLoad: (Engine Initialization) Total time: 15.13 seconds
[2017.10.24-03.42.00:382][  0]LogLoad: (Engine Initialization) Total Blueprint compile time: 0.00 seconds
[2017.10.24-03.42.00:382][  0]LogExternalProfiler: No external profilers were discovered.  External profiling features will not be available.
[2017.10.24-03.42.00:392][  0]LogWindowsTextInputMethodSystem: Display: IME system now deactivated.
[2017.10.24-03.42.00:422][  0]LogAssetRegistry: Asset discovery search completed in 10.2198 seconds
[2017.10.24-03.42.00:424][  0]LogCollectionManager: Rebuilt the object cache for 0 collections in 0.000001 seconds (found 0 objects)
[2017.10.24-03.42.00:424][  0]LogCollectionManager: Fixed up redirectors for 0 collections in 0.000043 seconds (updated 0 objects)
[2017.10.24-03.42.00:427][  0]LogContentStreaming: Texture pool size now 1000 MB
[2017.10.24-03.42.00:468][  0]LogSlate: Took 0.000245 seconds to synchronously load lazily loaded font '../../../Engine/Content/Slate/Fonts/Roboto-Light.ttf' (159K)
[2017.10.24-03.43.59:781][722]LogSourceControl: Warning: '../../../../../../Users/Primary User/Documents/Unreal Projects/PoC_Ellie/' is not part of a Git repository
[2017.10.24-03.44.23:625][518]SourceControl: Error: warning: LF will be replaced by CRLF in .gitignore.
[2017.10.24-03.44.23:625][518]SourceControl: Error: The file will have its original line endings in your working directory.
[2017.10.24-03.44.24:113][555]LogSourceControl: FGitCheckInWorker: commit successful
[2017.10.24-03.44.24:116][556]SourceControl: [master (root-commit) 3803332] Initial commit
[2017.10.24-03.44.24:116][556]SourceControl:  49 files changed, 129 insertions(+)
[2017.10.24-03.44.24:116][556]SourceControl:  create mode 100644 .gitignore
[2017.10.24-03.44.24:116][556]SourceControl:  create mode 100644 Config/DefaultEditor.ini
[2017.10.24-03.44.24:116][556]SourceControl:  create mode 100644 Config/DefaultEditorPerProjectUserSettings.ini
[2017.10.24-03.44.24:116][556]SourceControl:  create mode 100644 Config/DefaultEngine.ini
[2017.10.24-03.44.24:116][556]SourceControl:  create mode 100644 Config/DefaultGame.ini
[2017.10.24-03.44.24:116][556]SourceControl:  create mode 100644 Config/DefaultInput.ini
[2017.10.24-03.44.24:116][556]SourceControl:  create mode 100644 Content/Geometry/Meshes/1M_Cube.uasset
[2017.10.24-03.44.24:116][556]SourceControl:  create mode 100644 Content/Geometry/Meshes/1M_Cube_Chamfer.uasset
[2017.10.24-03.44.24:116][556]SourceControl:  create mode 100644 Content/Geometry/Meshes/CubeMaterial.uasset
[2017.10.24-03.44.24:116][556]SourceControl:  create mode 100644 Content/Geometry/Meshes/TemplateFloor.uasset
[2017.10.24-03.44.24:116][556]SourceControl:  create mode 100644 Content/Mannequin/Animations/ThirdPersonIdle.uasset
[2017.10.24-03.44.24:116][556]SourceControl:  create mode 100644 Content/Mannequin/Animations/ThirdPersonJump_End.uasset
[2017.10.24-03.44.24:116][556]SourceControl:  create mode 100644 Content/Mannequin/Animations/ThirdPersonJump_Loop.uasset
[2017.10.24-03.44.24:116][556]SourceControl:  create mode 100644 Content/Mannequin/Animations/ThirdPersonJump_Start.uasset
[2017.10.24-03.44.24:116][556]SourceControl:  create mode 100644 Content/Mannequin/Animations/ThirdPersonRun.uasset
[2017.10.24-03.44.24:116][556]SourceControl:  create mode 100644 Content/Mannequin/Animations/ThirdPersonWalk.uasset
[2017.10.24-03.44.24:116][556]SourceControl:  create mode 100644 Content/Mannequin/Animations/ThirdPerson_AnimBP.uasset
[2017.10.24-03.44.24:116][556]SourceControl:  create mode 100644 Content/Mannequin/Animations/ThirdPerson_IdleRun_2D.uasset
[2017.10.24-03.44.24:116][556]SourceControl:  create mode 100644 Content/Mannequin/Animations/ThirdPerson_Jump.uasset
[2017.10.24-03.44.24:116][556]SourceControl:  create mode 100644 Content/Mannequin/Character/Materials/M_UE4Man_Body.uasset
[2017.10.24-03.44.24:116][556]SourceControl:  create mode 100644 Content/Mannequin/Character/Materials/M_UE4Man_ChestLogo.uasset
[2017.10.24-03.44.24:116][556]SourceControl:  create mode 100644 Content/Mannequin/Character/Materials/MaterialLayers/ML_GlossyBlack_Latex_UE4.uasset
[2017.10.24-03.44.24:116][556]SourceControl:  create mode 100644 Content/Mannequin/Character/Materials/MaterialLayers/ML_Plastic_Shiny_Beige.uasset
[2017.10.24-03.44.24:116][556]SourceControl:  create mode 100644 Content/Mannequin/Character/Materials/MaterialLayers/ML_Plastic_Shiny_Beige_LOGO.uasset
[2017.10.24-03.44.24:116][556]SourceControl:  create mode 100644 Content/Mannequin/Character/Materials/MaterialLayers/ML_SoftMetal_UE4.uasset
[2017.10.24-03.44.24:116][556]SourceControl:  create mode 100644 Content/Mannequin/Character/Materials/MaterialLayers/T_ML_Aluminum01.uasset
[2017.10.24-03.44.24:116][556]SourceControl:  create mode 100644 Content/Mannequin/Character/Materials/MaterialLayers/T_ML_Aluminum01_N.uasset
[2017.10.24-03.44.24:116][556]SourceControl:  create mode 100644 Content/Mannequin/Character/Materials/MaterialLayers/T_ML_Rubber_Blue_01_D.uasset
[2017.10.24-03.44.24:116][556]SourceControl:  create mode 100644 Content/Mannequin/Character/Materials/MaterialLayers/T_ML_Rubber_Blue_01_N.uasset
[2017.10.24-03.44.24:116][556]SourceControl:  create mode 100644 Content/Mannequin/Character/Mesh/SK_Mannequin.uasset
[2017.10.24-03.44.24:116][556]SourceControl:  create mode 100644 Content/Mannequin/Character/Mesh/SK_Mannequin_PhysicsAsset.uasset
[2017.10.24-03.44.24:116][556]SourceControl:  create mode 100644 Content/Mannequin/Character/Mesh/UE4_Mannequin_Skeleton.uasset
[2017.10.24-03.44.24:116][556]SourceControl:  create mode 100644 Content/Mannequin/Character/Textures/UE4Man_Logo_N.uasset
[2017.10.24-03.44.24:116][556]SourceControl:  create mode 100644 Content/Mannequin/Character/Textures/UE4_LOGO_CARD.uasset
[2017.10.24-03.44.24:116][556]SourceControl:  create mode 100644 Content/Mannequin/Character/Textures/UE4_Mannequin_MAT_MASKA.uasset
[2017.10.24-03.44.24:116][556]SourceControl:  create mode 100644 Content/Mannequin/Character/Textures/UE4_Mannequin__normals.uasset
[2017.10.24-03.44.24:116][556]SourceControl:  create mode 100644 Content/ThirdPerson/Meshes/Bump_StaticMesh.uasset
[2017.10.24-03.44.24:117][556]SourceControl:  create mode 100644 Content/ThirdPerson/Meshes/CubeMaterial.uasset
[2017.10.24-03.44.24:117][556]SourceControl:  create mode 100644 Content/ThirdPerson/Meshes/LeftArm_StaticMesh.uasset
[2017.10.24-03.44.24:117][556]SourceControl:  create mode 100644 Content/ThirdPerson/Meshes/Linear_Stair_StaticMesh.uasset
[2017.10.24-03.44.24:117][556]SourceControl:  create mode 100644 Content/ThirdPerson/Meshes/RampMaterial.uasset
[2017.10.24-03.44.24:117][556]SourceControl:  create mode 100644 Content/ThirdPerson/Meshes/Ramp_StaticMesh.uasset
[2017.10.24-03.44.24:117][556]SourceControl:  create mode 100644 Content/ThirdPerson/Meshes/RightArm_StaticMesh.uasset
[2017.10.24-03.44.24:117][556]SourceControl:  create mode 100644 Content/ThirdPersonBP/Blueprints/ThirdPersonCharacter.uasset
[2017.10.24-03.44.24:117][556]SourceControl:  create mode 100644 Content/ThirdPersonBP/Blueprints/ThirdPersonGameMode.uasset
[2017.10.24-03.44.24:117][556]SourceControl:  create mode 100644 Content/ThirdPersonBP/Maps/ThirdPersonExampleMap.umap
[2017.10.24-03.44.24:117][556]SourceControl:  create mode 100644 Content/ThirdPersonBP/Maps/ThirdPersonExampleMap_BuiltData.uasset
[2017.10.24-03.44.24:117][556]SourceControl:  create mode 100644 Content/ThirdPersonBP/ThirdPersonOverview.uasset
[2017.10.24-03.44.24:117][556]SourceControl:  create mode 100644 PoC_Ellie.uproject
[2017.10.24-03.44.25:733][732]SourceControl: On branch master
[2017.10.24-03.44.25:733][732]SourceControl: nothing to commit, working tree clean
[2017.10.24-03.44.29:417][162]SourceControl: fatal: C:/Program Files/Epic Games/UE_4.17/Engine/Content/: 'C:/Program Files/Epic Games/UE_4.17/Engine/Content/' is outside repository
[2017.10.24-03.44.29:492][162]EditorErrors: Warning: No assets to check in!
[2017.10.24-03.48.49:144][240]SourceControl: fatal: C:/Program Files/Epic Games/UE_4.17/Engine/Content/: 'C:/Program Files/Epic Games/UE_4.17/Engine/Content/' is outside repository
[2017.10.24-03.48.49:221][240]EditorErrors: Warning: No assets to check in!
[2017.10.24-03.49.37:048][472]LogTexture: Display: Building textures: TEX_ForestC_Detail_RockA_dsp (AutoDXT, 4096X4096)
[2017.10.24-03.49.37:048][472]LogTexture: Display: Building textures: TEX_ForestC_Detail_RockA_col (AutoDXT, 4096X4096)
[2017.10.24-03.49.37:048][472]LogTexture: Display: Building textures: TEX_ForestC_Rocks01_nrm (BC5, 4096X2048)
[2017.10.24-03.49.37:048][472]LogTexture: Display: Building textures: TEX_ForestC_Boulder01_msk (AutoDXT, 4096X4096)
[2017.10.24-03.49.37:048][472]LogTexture: Display: Building textures: TEX_ForestC_Detail_RockA_nrm (BC5, 4096X4096)
[2017.10.24-03.49.37:048][472]LogTexture: Display: Building textures: TEX_ForestC_Boulder01_col (AutoDXT, 4096X4096)
[2017.10.24-03.49.37:048][472]LogTexture: Display: Building textures: TEX_ForestC_Rocks01_col (AutoDXT, 4096X2048)
[2017.10.24-03.49.37:048][472]LogTexture: Display: Building textures: TEX_ForestC_Rocks01_msk (AutoDXT, 4096X2048)
[2017.10.24-03.49.37:048][472]LogTexture: Display: Building textures: TEX_ForestC_Boulder01_nrm (BC5, 4096X4096)
[2017.10.24-03.49.37:048][472]LogMaterial: Missing cached shader map for material MTL_ForestC_PBR_General_MASTER, compiling. 
[2017.10.24-03.49.37:159][472]LogStaticMesh: Building static mesh SM_ForestC_Rocks01...
[2017.10.24-03.49.37:165][472]LogSlate: Took 0.003336 seconds to synchronously load lazily loaded font '../../../Engine/Content/Slate/Fonts/Roboto-Light.ttf' (159K)
[2017.10.24-03.49.37:169][472]LogSlate: Took 0.003160 seconds to synchronously load lazily loaded font '../../../Engine/Content/Slate/Fonts/Roboto-Regular.ttf' (155K)
[2017.10.24-03.49.38:117][472]LogStaticMesh: Built static mesh [0.96s] /Game/ForestCollection/Meshes/Rocks/SM_ForestC_Rocks01.SM_ForestC_Rocks01
[2017.10.24-03.49.38:149][472]LogMaterial: Missing cached shader map for material MTL_ForestC_PBR_General_LOD_MASTER, compiling. 
[2017.10.24-03.49.38:991][473]LogRenderer: Reallocating scene render targets to support 1164x660 Format 10 NumSamples 1 (Frame:1).
[2017.10.24-04.02.38:496][106]SourceControl: fatal: C:/Program Files/Epic Games/UE_4.17/Engine/Content/: 'C:/Program Files/Epic Games/UE_4.17/Engine/Content/' is outside repository
[2017.10.24-04.03.06:350][106]LogSourceControl: FGitCheckInWorker: commit successful
[2017.10.24-04.03.06:394][106]SourceControl: [Keegan ccfcaba] ForestCollection/Meshes/Rocks
[2017.10.24-04.03.06:394][106]SourceControl:  10 files changed, 0 insertions(+), 0 deletions(-)
[2017.10.24-04.03.06:394][106]SourceControl:  create mode 100644 Content/ForestCollection/Meshes/Rocks/SM_ForestC_Boulder01.uasset
[2017.10.24-04.03.06:394][106]SourceControl:  create mode 100644 Content/ForestCollection/Meshes/Rocks/SM_ForestC_Boulder02.uasset
[2017.10.24-04.03.06:394][106]SourceControl:  create mode 100644 Content/ForestCollection/Meshes/Rocks/SM_ForestC_Boulder03.uasset
[2017.10.24-04.03.06:394][106]SourceControl:  create mode 100644 Content/ForestCollection/Meshes/Rocks/SM_ForestC_Boulder04.uasset
[2017.10.24-04.03.06:394][106]SourceControl:  create mode 100644 Content/ForestCollection/Meshes/Rocks/SM_ForestC_Rocks01.uasset
[2017.10.24-04.03.06:394][106]SourceControl:  create mode 100644 Content/ForestCollection/Meshes/Rocks/SM_ForestC_Stones_SM_ForestC_Stone01.uasset
[2017.10.24-04.03.06:394][106]SourceControl:  create mode 100644 Content/ForestCollection/Meshes/Rocks/SM_ForestC_Stones_SM_ForestC_Stone02.uasset
[2017.10.24-04.03.06:394][106]SourceControl:  create mode 100644 Content/ForestCollection/Meshes/Rocks/SM_ForestC_Stones_SM_ForestC_Stone03.uasset
[2017.10.24-04.03.06:394][106]SourceControl:  create mode 100644 Content/ForestCollection/Meshes/Rocks/SM_ForestC_Stones_SM_ForestC_Stone04.uasset
[2017.10.24-04.03.06:394][106]SourceControl:  create mode 100644 Content/ForestCollection/Meshes/Rocks/SM_ForestC_Stones_SM_ForestC_Stone05.uasset
[2017.10.24-04.03.06:399][106]SourceControl: Commited [Keegan ccfcaba] ForestCollection/Meshes/Rocks.
[2017.10.24-04.03.15:599][165]LogStaticMesh: Building static mesh SM_ForestC_ConiferE_SM...
[2017.10.24-04.03.20:287][165]LogTexture: Display: Building textures: TEX_ForestC_ConiferE_col (AutoDXT, 1024X1024)
[2017.10.24-04.03.20:287][165]LogTexture: Display: Building textures: TEX_ForestC_Branch_ConiferA_col (AutoDXT, 2048X2048)
[2017.10.24-04.03.20:287][165]LogTexture: Display: Building textures: TEX_ForestC_Branch_ConiferA_nrm (BC5, 2048X2048)
[2017.10.24-04.03.20:287][165]LogTexture: Display: Building textures: TEX_ForestC_Tree19_col (AutoDXT, 4096X4096)
[2017.10.24-04.03.20:287][165]LogTexture: Display: Building textures: TEX_ForestC_Tree19_msk (AutoDXT, 4096X4096)
[2017.10.24-04.03.20:287][165]LogTexture: Display: Building textures: TEX_ForestC_Tree19_nrm (BC5, 4096X4096)
[2017.10.24-04.03.20:287][165]LogTexture: Display: Building textures: TEX_ForestC_ConiferE_sss (AutoDXT, 256X256)
[2017.10.24-04.03.20:287][165]LogTexture: Display: Building textures: TEX_ForestC_ConiferE_nrm (BC5, 1024X1024)
[2017.10.24-04.03.20:287][165]LogStaticMesh: Built static mesh [4.69s] /Game/ForestCollection/Meshes/Trees/SM_ForestC_ConiferE_SM.SM_ForestC_ConiferE_SM
[2017.10.24-04.05.06:915][965]SourceControl: fatal: C:/Program Files/Epic Games/UE_4.17/Engine/Content/: 'C:/Program Files/Epic Games/UE_4.17/Engine/Content/' is outside repository
[2017.10.24-04.05.14:659][169]LogTexture: Display: Building textures: TEX_ForestC_ConiferB_nrm (BC5, 1024X1024)
[2017.10.24-04.05.14:659][169]LogTexture: Display: Building textures: TEX_ForestC_ConiferB_sss (AutoDXT, 256X256)
[2017.10.24-04.05.14:659][169]LogTexture: Display: Building textures: TEX_ForestC_ConiferB_col (AutoDXT, 1024X1024)
[2017.10.24-04.05.14:659][169]LogStaticMesh: Building static mesh SM_ForestC_ConiferB_SM_NoBase...
[2017.10.24-04.05.18:670][169]LogStaticMesh: Built static mesh [4.01s] /Game/ForestCollection/Meshes/Trees/Trees_NoBase/SM_ForestC_ConiferB_SM_NoBase.SM_ForestC_ConiferB_SM_NoBase
[2017.10.24-04.05.26:950][  3]SourceControl: fatal: C:/Program Files/Epic Games/UE_4.17/Engine/Content/: 'C:/Program Files/Epic Games/UE_4.17/Engine/Content/' is outside repository
[2017.10.24-04.05.42:565][  3]SourceControl: Error: fatal: Unable to create 'C:/Users/Primary User/Documents/Unreal Projects/PoC_Ellie/.git/index.lock': File exists.
[2017.10.24-04.05.42:565][  3]SourceControl: Error: Another git process seems to be running in this repository, e.g.
[2017.10.24-04.05.42:565][  3]SourceControl: Error: an editor opened by 'git commit'. Please make sure all processes
[2017.10.24-04.05.42:565][  3]SourceControl: Error: are terminated then try again. If it still fails, a git process
[2017.10.24-04.05.42:565][  3]SourceControl: Error: may have crashed in this repository earlier:
[2017.10.24-04.05.42:565][  3]SourceControl: Error: remove the file manually to continue.
[2017.10.24-04.05.42:616][  3]LogSourceControl: FGitCheckInWorker: commit successful
[2017.10.24-04.05.42:670][  3]SourceControl: Error: error: pathspec 'C:/Users/Primary User/Documents/Unreal Projects/PoC_Ellie/Content/ForestCollection/Meshes/Trees/SM_ForestC_ConiferA_SM.uasset' did not match any file(s) known to git.
[2017.10.24-04.05.42:670][  3]SourceControl: Error: error: pathspec 'C:/Users/Primary User/Documents/Unreal Projects/PoC_Ellie/Content/ForestCollection/Meshes/Trees/SM_ForestC_ConiferB_SM.uasset' did not match any file(s) known to git.
[2017.10.24-04.05.42:670][  3]SourceControl: Error: error: pathspec 'C:/Users/Primary User/Documents/Unreal Projects/PoC_Ellie/Content/ForestCollection/Meshes/Trees/SM_ForestC_ConiferC_SM.uasset' did not match any file(s) known to git.
[2017.10.24-04.05.42:670][  3]SourceControl: Error: error: pathspec 'C:/Users/Primary User/Documents/Unreal Projects/PoC_Ellie/Content/ForestCollection/Meshes/Trees/SM_ForestC_ConiferD_SM.uasset' did not match any file(s) known to git.
[2017.10.24-04.05.42:670][  3]SourceControl: Error: error: pathspec 'C:/Users/Primary User/Documents/Unreal Projects/PoC_Ellie/Content/ForestCollection/Meshes/Trees/SM_ForestC_ConiferE_SM.uasset' did not match any file(s) known to git.
[2017.10.24-04.05.42:670][  3]SourceControl: Error: error: pathspec 'C:/Users/Primary User/Documents/Unreal Projects/PoC_Ellie/Content/ForestCollection/Meshes/Trees/SM_ForestC_ConiferF_SM.uasset' did not match any file(s) known to git.
[2017.10.24-04.05.42:670][  3]SourceControl: Error: error: pathspec 'C:/Users/Primary User/Documents/Unreal Projects/PoC_Ellie/Content/ForestCollection/Meshes/Trees/SM_ForestC_ConiferG_SM.uasset' did not match any file(s) known to git.
[2017.10.24-04.05.42:670][  3]SourceControl: Error: error: pathspec 'C:/Users/Primary User/Documents/Unreal Projects/PoC_Ellie/Content/ForestCollection/Meshes/Trees/Trees_NoBase/SM_ForestC_ConiferA_SM_NoBase.uasset' did not match any file(s) known to git.
[2017.10.24-04.05.42:670][  3]SourceControl: Error: error: pathspec 'C:/Users/Primary User/Documents/Unreal Projects/PoC_Ellie/Content/ForestCollection/Meshes/Trees/Trees_NoBase/SM_ForestC_ConiferB_SM_NoBase.uasset' did not match any file(s) known to git.
[2017.10.24-04.05.42:670][  3]SourceControl: Error: error: pathspec 'C:/Users/Primary User/Documents/Unreal Projects/PoC_Ellie/Content/ForestCollection/Meshes/Trees/Trees_NoBase/SM_ForestC_ConiferC_SM_NoBase.uasset' did not match any file(s) known to git.
[2017.10.24-04.05.42:670][  3]SourceControl: Error: error: pathspec 'C:/Users/Primary User/Documents/Unreal Projects/PoC_Ellie/Content/ForestCollection/Meshes/Trees/Trees_NoBase/SM_ForestC_ConiferD_SM_NoBase.uasset' did not match any file(s) known to git.
[2017.10.24-04.05.42:670][  3]SourceControl: Error: error: pathspec 'C:/Users/Primary User/Documents/Unreal Projects/PoC_Ellie/Content/ForestCollection/Meshes/Trees/Trees_NoBase/SM_ForestC_ConiferE_SM_NoBase.uasset' did not match any file(s) known to git.
[2017.10.24-04.05.42:670][  3]SourceControl: Error: error: pathspec 'C:/Users/Primary User/Documents/Unreal Projects/PoC_Ellie/Content/ForestCollection/Meshes/Trees/Trees_NoBase/SM_ForestC_ConiferF_SM_NoBase.uasset' did not match any file(s) known to git.
[2017.10.24-04.05.42:670][  3]SourceControl: Error: error: pathspec 'C:/Users/Primary User/Documents/Unreal Projects/PoC_Ellie/Content/ForestCollection/Meshes/Trees/Trees_NoBase/SM_ForestC_ConiferG_SM_NoBase.uasset' did not match any file(s) known to git.
[2017.10.24-04.06.42:864][ 87]Cmd: QUIT_EDITOR
[2017.10.24-04.06.42:876][ 87]LogWindowsTextInputMethodSystem: Display: IME system now deactivated.
[2017.10.24-04.06.42:892][ 87]LogExit: Preparing to exit.
[2017.10.24-04.06.43:289][ 87]LogDirectoryWatcher: A directory notification for 'C:/Users/Primary User/Documents/Unreal Projects/PoC_Ellie/Content/' was aborted.
[2017.10.24-04.06.43:322][ 87]LogExit: Editor shut down
[2017.10.24-04.06.43:325][ 87]LogExit: Transaction tracking system shut down
[2017.10.24-04.06.43:534][ 87]LogDirectoryWatcher: A directory notification for '../../../Engine/Content/' was aborted.
[2017.10.24-04.06.43:534][ 87]LogDirectoryWatcher: A directory notification for '../../../../../../Users/Primary User/Documents/Unreal Projects/PoC_Ellie/Content/' was aborted.
[2017.10.24-04.06.43:534][ 87]LogDirectoryWatcher: A directory notification for '../../../Engine/Plugins/2D/Paper2D/Content/' was aborted.
[2017.10.24-04.06.43:534][ 87]LogDirectoryWatcher: A directory notification for '../../../Engine/Plugins/Runtime/Oculus/OculusVR/Content/' was aborted.
[2017.10.24-04.06.43:534][ 87]LogDirectoryWatcher: A directory notification for '../../../Engine/Plugins/Runtime/Steam/SteamVR/Content/' was aborted.
[2017.10.24-04.06.43:587][ 87]LogExit: Object subsystem successfully closed.
[2017.10.24-04.06.43:609][ 87]LogD3D11RHI: Shutdown
[2017.10.24-04.06.43:609][ 87]LogD3D11RHI: CleanupD3DDevice
[2017.10.24-04.06.43:742][ 87]LogD3D11RHI: ~FD3D11DynamicRHI
[2017.10.24-04.06.43:758][ 87]LogModuleManager: Shutting down and abandoning module StaticMeshEditor (532)
[2017.10.24-04.06.43:758][ 87]LogModuleManager: Shutting down and abandoning module HierarchicalLODOutliner (530)
[2017.10.24-04.06.43:758][ 87]LogModuleManager: Shutting down and abandoning module AddContentDialog (528)
[2017.10.24-04.06.43:758][ 87]LogDirectoryWatcher: A directory notification for 'C:/Program Files/Epic Games/UE_4.17/FeaturePacks/' was aborted.
[2017.10.24-04.06.43:759][ 87]LogModuleManager: Shutting down and abandoning module WidgetCarousel (527)
[2017.10.24-04.06.43:759][ 87]LogModuleManager: Shutting down and abandoning module EditorWidgets (524)
[2017.10.24-04.06.43:759][ 87]LogModuleManager: Shutting down and abandoning module CollectionManager (522)
[2017.10.24-04.06.43:759][ 87]LogDirectoryWatcher: A directory notification for 'C:/Users/Primary User/Documents/Unreal Projects/PoC_Ellie/Content/Collections/' was aborted.
[2017.10.24-04.06.43:759][ 87]LogDirectoryWatcher: A directory notification for 'C:/Users/Primary User/Documents/Unreal Projects/PoC_Ellie/Content/Developers/PrimaryUser/Collections/' was aborted.
[2017.10.24-04.06.43:759][ 87]LogDirectoryWatcher: A directory notification for 'C:/Users/Primary User/Documents/Unreal Projects/PoC_Ellie/Saved/Collections/' was aborted.
[2017.10.24-04.06.43:759][ 87]LogModuleManager: Shutting down and abandoning module SceneOutliner (520)
[2017.10.24-04.06.43:759][ 87]LogModuleManager: Shutting down and abandoning module StatsViewer (518)
[2017.10.24-04.06.43:759][ 87]LogModuleManager: Shutting down and abandoning module FoliageEdit (516)
[2017.10.24-04.06.43:759][ 87]LogModuleManager: Shutting down and abandoning module LandscapeEditor (514)
[2017.10.24-04.06.43:759][ 87]LogModuleManager: Shutting down and abandoning module MeshPaintMode (512)
[2017.10.24-04.06.43:759][ 87]LogModuleManager: Shutting down and abandoning module SceneDepthPickerMode (510)
[2017.10.24-04.06.43:759][ 87]LogModuleManager: Shutting down and abandoning module ActorPickerMode (508)
[2017.10.24-04.06.43:759][ 87]LogModuleManager: Shutting down and abandoning module GeometryMode (506)
[2017.10.24-04.06.43:759][ 87]LogModuleManager: Shutting down and abandoning module TextureAlignMode (504)
[2017.10.24-04.06.43:759][ 87]LogModuleManager: Shutting down and abandoning module BspMode (502)
[2017.10.24-04.06.43:759][ 87]LogModuleManager: Shutting down and abandoning module PIEPreviewDeviceProfileSelector (500)
[2017.10.24-04.06.43:759][ 87]LogModuleManager: Shutting down and abandoning module HardwareSurvey (498)
[2017.10.24-04.06.43:759][ 87]LogModuleManager: Shutting down and abandoning module SequenceRecorderSections (496)
[2017.10.24-04.06.43:759][ 87]LogModuleManager: Shutting down and abandoning module AutomationWorker (494)
[2017.10.24-04.06.43:759][ 87]LogModuleManager: Shutting down and abandoning module MatineeToLevelSequence (492)
[2017.10.24-04.06.43:759][ 87]LogModuleManager: Shutting down and abandoning module LevelSequenceEditor (490)
[2017.10.24-04.06.43:759][ 87]LogModuleManager: Shutting down and abandoning module PlacementMode (489)
[2017.10.24-04.06.43:759][ 87]LogModuleManager: Shutting down and abandoning module WmfMediaFactory (486)
[2017.10.24-04.06.43:759][ 87]LogModuleManager: Shutting down and abandoning module WmfMediaEditor (484)
[2017.10.24-04.06.43:759][ 87]LogModuleManager: Shutting down and abandoning module AvfMediaFactory (482)
[2017.10.24-04.06.43:759][ 87]LogModuleManager: Shutting down and abandoning module AvfMediaEditor (480)
[2017.10.24-04.06.43:759][ 87]LogModuleManager: Shutting down and abandoning module AndroidMediaFactory (478)
[2017.10.24-04.06.43:759][ 87]LogModuleManager: Shutting down and abandoning module Media (477)
[2017.10.24-04.06.43:759][ 87]LogModuleManager: Shutting down and abandoning module AndroidMediaEditor (474)
[2017.10.24-04.06.43:759][ 87]LogModuleManager: Shutting down and abandoning module CharacterAI (472)
[2017.10.24-04.06.43:759][ 87]LogModuleManager: Shutting down and abandoning module AudioCapture (470)
[2017.10.24-04.06.43:759][ 87]LogModuleManager: Shutting down and abandoning module SequenceRecorder (469)
[2017.10.24-04.06.43:759][ 87]LogModuleManager: Shutting down and abandoning module SmartSnapping (466)
[2017.10.24-04.06.43:759][ 87]LogModuleManager: Shutting down and abandoning module SessionServices (464)
[2017.10.24-04.06.43:759][ 87]LogModuleManager: Shutting down and abandoning module ViewportSnapping (462)
[2017.10.24-04.06.43:760][ 87]LogModuleManager: Shutting down and abandoning module ViewportInteraction (460)
[2017.10.24-04.06.43:760][ 87]LogModuleManager: Shutting down and abandoning module ClothPainter (458)
[2017.10.24-04.06.43:760][ 87]LogModuleManager: Shutting down and abandoning module LogVisualizer (456)
[2017.10.24-04.06.43:760][ 87]LogModuleManager: Shutting down and abandoning module IntroTutorials (454)
[2017.10.24-04.06.43:760][ 87]LogModuleManager: Shutting down and abandoning module GameProjectGeneration (453)
[2017.10.24-04.06.43:760][ 87]LogModuleManager: Shutting down and abandoning module IOSPlatformEditor (450)
[2017.10.24-04.06.43:760][ 87]LogModuleManager: Shutting down and abandoning module HTML5PlatformEditor (448)
[2017.10.24-04.06.43:760][ 87]LogModuleManager: Shutting down and abandoning module AndroidPlatformEditor (446)
[2017.10.24-04.06.43:760][ 87]LogModuleManager: Shutting down and abandoning module AndroidDeviceDetection (445)
[2017.10.24-04.06.44:242][ 87]LogModuleManager: Shutting down and abandoning module WindowsPlatformEditor (442)
[2017.10.24-04.06.44:242][ 87]LogModuleManager: Shutting down and abandoning module IOSRuntimeSettings (440)
[2017.10.24-04.06.44:242][ 87]LogModuleManager: Shutting down and abandoning module AndroidRuntimeSettings (438)
[2017.10.24-04.06.44:242][ 87]LogModuleManager: Shutting down and abandoning module InputBindingEditor (436)
[2017.10.24-04.06.44:242][ 87]LogModuleManager: Shutting down and abandoning module MergeActors (434)
[2017.10.24-04.06.44:242][ 87]LogModuleManager: Shutting down and abandoning module SizeMap (432)
[2017.10.24-04.06.44:242][ 87]LogModuleManager: Shutting down and abandoning module TreeMap (430)
[2017.10.24-04.06.44:242][ 87]LogModuleManager: Shutting down and abandoning module ReferenceViewer (428)
[2017.10.24-04.06.44:242][ 87]LogModuleManager: Shutting down and abandoning module LocalizationDashboard (426)
[2017.10.24-04.06.44:242][ 87]LogModuleManager: Shutting down and abandoning module LocalizationService (425)
[2017.10.24-04.06.44:242][ 87]LogModuleManager: Shutting down and abandoning module HardwareTargeting (422)
[2017.10.24-04.06.44:242][ 87]LogModuleManager: Shutting down and abandoning module DeviceProfileEditor (420)
[2017.10.24-04.06.44:242][ 87]LogModuleManager: Shutting down and abandoning module UndoHistory (418)
[2017.10.24-04.06.44:242][ 87]LogModuleManager: Shutting down and abandoning module XmlParser (416)
[2017.10.24-04.06.44:242][ 87]LogModuleManager: Shutting down and abandoning module Blutility (414)
[2017.10.24-04.06.44:242][ 87]LogModuleManager: Shutting down and abandoning module ProjectSettingsViewer (412)
[2017.10.24-04.06.44:242][ 87]LogModuleManager: Shutting down and abandoning module ProjectTargetPlatformEditor (411)
[2017.10.24-04.06.44:243][ 87]LogModuleManager: Shutting down and abandoning module EditorSettingsViewer (408)
[2017.10.24-04.06.44:243][ 87]LogModuleManager: Shutting down and abandoning module SettingsEditor (406)
[2017.10.24-04.06.44:243][ 87]LogModuleManager: Shutting down and abandoning module ProjectLauncher (404)
[2017.10.24-04.06.44:243][ 87]LogModuleManager: Shutting down and abandoning module SessionFrontend (402)
[2017.10.24-04.06.44:243][ 87]LogModuleManager: Shutting down and abandoning module ProfilerClient (400)
[2017.10.24-04.06.44:243][ 87]LogModuleManager: Shutting down and abandoning module DeviceManager (398)
[2017.10.24-04.06.44:243][ 87]LogModuleManager: Shutting down and abandoning module TargetDeviceServices (397)
[2017.10.24-04.06.44:297][ 87]LogModuleManager: Shutting down and abandoning module AutomationController (394)
[2017.10.24-04.06.44:297][ 87]LogModuleManager: Shutting down and abandoning module AutomationWindow (392)
[2017.10.24-04.06.44:297][ 87]LogModuleManager: Shutting down and abandoning module Layers (390)
[2017.10.24-04.06.44:297][ 87]LogModuleManager: Shutting down and abandoning module ComponentVisualizers (388)
[2017.10.24-04.06.44:297][ 87]LogModuleManager: Shutting down and abandoning module DetailCustomizations (386)
[2017.10.24-04.06.44:297][ 87]LogModuleManager: Shutting down and abandoning module PackagesDialog (384)
[2017.10.24-04.06.44:297][ 87]LogModuleManager: Shutting down and abandoning module Persona (382)
[2017.10.24-04.06.44:297][ 87]LogModuleManager: Shutting down and abandoning module AdvancedPreviewScene (381)
[2017.10.24-04.06.44:297][ 87]LogModuleManager: Shutting down and abandoning module AnimGraph (379)
[2017.10.24-04.06.44:297][ 87]LogModuleManager: Shutting down and abandoning module Kismet (376)
[2017.10.24-04.06.44:298][ 87]LogModuleManager: Shutting down and abandoning module ClassViewer (374)
[2017.10.24-04.06.44:298][ 87]LogModuleManager: Shutting down and abandoning module Toolbox (372)
[2017.10.24-04.06.44:298][ 87]LogModuleManager: Shutting down and abandoning module ModuleUI (370)
[2017.10.24-04.06.44:298][ 87]LogModuleManager: Shutting down and abandoning module MovieSceneTools (368)
[2017.10.24-04.06.44:298][ 87]LogModuleManager: Shutting down and abandoning module OutputLog (366)
[2017.10.24-04.06.44:298][ 87]LogModuleManager: Shutting down and abandoning module GammaUI (364)
[2017.10.24-04.06.44:298][ 87]LogModuleManager: Shutting down and abandoning module Documentation (362)
[2017.10.24-04.06.44:298][ 87]LogModuleManager: Shutting down and abandoning module MovieSceneTracks (360)
[2017.10.24-04.06.44:298][ 87]LogModuleManager: Shutting down and abandoning module MovieScene (358)
[2017.10.24-04.06.44:298][ 87]LogModuleManager: Shutting down and abandoning module Niagara (356)
[2017.10.24-04.06.44:298][ 87]LogModuleManager: Shutting down and abandoning module NiagaraEditor (355)
[2017.10.24-04.06.44:298][ 87]LogModuleManager: Shutting down and abandoning module StreamingPauseRendering (352)
[2017.10.24-04.06.44:298][ 87]LogModuleManager: Shutting down and abandoning module LauncherPlatform (350)
[2017.10.24-04.06.44:298][ 87]LogModuleManager: Shutting down and abandoning module AnalyticsET (348)
[2017.10.24-04.06.44:298][ 87]LogModuleManager: Shutting down and abandoning module PortalServices (346)
[2017.10.24-04.06.44:298][ 87]LogModuleManager: Shutting down and abandoning module PortalRpc (344)
[2017.10.24-04.06.44:298][ 87]LogModuleManager: Shutting down and abandoning module MessagingRpc (342)
[2017.10.24-04.06.44:298][ 87]LogModuleManager: Shutting down and abandoning module AIModule (340)
[2017.10.24-04.06.44:298][ 87]LogModuleManager: Shutting down and abandoning module GameplayDebugger (339)
[2017.10.24-04.06.44:298][ 87]LogModuleManager: Shutting down and abandoning module AITestSuite (337)
[2017.10.24-04.06.44:298][ 87]LogModuleManager: Shutting down and abandoning module ProfilerService (334)
[2017.10.24-04.06.44:403][ 87]LogModuleManager: Shutting down and abandoning module TaskGraph (332)
[2017.10.24-04.06.44:403][ 87]LogModuleManager: Shutting down and abandoning module SteamVRController (330)
[2017.10.24-04.06.44:403][ 87]LogModuleManager: Shutting down and abandoning module ProceduralMeshComponentEditor (328)
[2017.10.24-04.06.44:403][ 87]LogModuleManager: Shutting down and abandoning module ProceduralMeshComponent (326)
[2017.10.24-04.06.44:403][ 87]LogModuleManager: Shutting down and abandoning module OculusInput (324)
[2017.10.24-04.06.44:403][ 87]LogModuleManager: Shutting down and abandoning module MobilePatchingUtils (322)
[2017.10.24-04.06.44:403][ 87]LogModuleManager: Shutting down and abandoning module CustomMeshComponent (320)
[2017.10.24-04.06.44:403][ 87]LogModuleManager: Shutting down and abandoning module CableComponent (318)
[2017.10.24-04.06.44:403][ 87]LogModuleManager: Shutting down and abandoning module ArchVisCharacter (316)
[2017.10.24-04.06.44:403][ 87]LogModuleManager: Shutting down and abandoning module AndroidPermission (314)
[2017.10.24-04.06.44:403][ 87]LogModuleManager: Shutting down and abandoning module MediaPlayerEditor (310)
[2017.10.24-04.06.44:403][ 87]LogModuleManager: Shutting down and abandoning module HTML5Networking (308)
[2017.10.24-04.06.44:403][ 87]LogModuleManager: Shutting down and abandoning module AlembicImporter (306)
[2017.10.24-04.06.44:403][ 87]LogModuleManager: Shutting down and abandoning module AlembicLibrary (305)
[2017.10.24-04.06.44:403][ 87]LogModuleManager: Shutting down and abandoning module GeometryCache (304)
[2017.10.24-04.06.44:404][ 87]LogModuleManager: Shutting down and abandoning module GeometryCacheEd (303)
[2017.10.24-04.06.44:404][ 87]LogModuleManager: Shutting down and abandoning module SpeedTreeImporter (298)
[2017.10.24-04.06.44:404][ 87]LogModuleManager: Shutting down and abandoning module PluginBrowser (296)
[2017.10.24-04.06.44:404][ 87]LogModuleManager: Shutting down and abandoning module MobileLauncherProfileWizard (294)
[2017.10.24-04.06.44:404][ 87]LogModuleManager: Shutting down and abandoning module VisualStudioSourceCodeAccess (292)
[2017.10.24-04.06.44:404][ 87]LogModuleManager: Shutting down and abandoning module DesktopPlatform (291)
[2017.10.24-04.06.44:404][ 87]LogModuleManager: Shutting down and abandoning module UObjectPlugin (288)
[2017.10.24-04.06.44:404][ 87]LogModuleManager: Shutting down and abandoning module SubversionSourceControl (286)
[2017.10.24-04.06.44:404][ 87]LogModuleManager: Shutting down and abandoning module PerforceSourceControl (284)
[2017.10.24-04.06.44:404][ 87]LogModuleManager: Shutting down and abandoning module GitSourceControl (282)
[2017.10.24-04.06.44:404][ 87]LogModuleManager: Shutting down and abandoning module SourceControl (281)
[2017.10.24-04.06.44:404][ 87]LogModuleManager: Shutting down and abandoning module LightPropagationVolumeEditor (278)
[2017.10.24-04.06.44:404][ 87]LogModuleManager: Shutting down and abandoning module PaperTiledImporter (276)
[2017.10.24-04.06.44:404][ 87]LogModuleManager: Shutting down and abandoning module PaperSpriteSheetImporter (274)
[2017.10.24-04.06.44:404][ 87]LogModuleManager: Shutting down and abandoning module Paper2DEditor (272)
[2017.10.24-04.06.44:404][ 87]LogModuleManager: Shutting down and abandoning module MeshPaint (271)
[2017.10.24-04.06.44:404][ 87]LogModuleManager: Shutting down and abandoning module LevelEditor (269)
[2017.10.24-04.06.44:405][ 87]LogModuleManager: Shutting down and abandoning module PixelInspectorModule (268)
[2017.10.24-04.06.44:405][ 87]LogModuleManager: Shutting down and abandoning module MainFrame (266)
[2017.10.24-04.06.44:405][ 87]LogModuleManager: Shutting down and abandoning module HotReload (265)
[2017.10.24-04.06.44:405][ 87]LogModuleManager: Shutting down and abandoning module RuntimePhysXCooking (260)
[2017.10.24-04.06.44:405][ 87]LogModuleManager: Shutting down and abandoning module PhysXVehiclesEditor (258)
[2017.10.24-04.06.44:405][ 87]LogModuleManager: Shutting down and abandoning module PhysXVehicles (256)
[2017.10.24-04.06.44:405][ 87]LogModuleManager: Shutting down and abandoning module OculusEditor (254)
[2017.10.24-04.06.44:405][ 87]LogModuleManager: Shutting down and abandoning module LocationServicesBPLibrary (252)
[2017.10.24-04.06.44:405][ 87]LogModuleManager: Shutting down and abandoning module ImmediatePhysicsEditor (250)
[2017.10.24-04.06.44:405][ 87]LogModuleManager: Shutting down and abandoning module ImmediatePhysics (248)
[2017.10.24-04.06.44:405][ 87]LogModuleManager: Shutting down and abandoning module UdpMessaging (246)
[2017.10.24-04.06.44:506][ 87]LogModuleManager: Shutting down and abandoning module TcpMessaging (244)
[2017.10.24-04.06.44:607][ 87]LogModuleManager: Shutting down and abandoning module GameplayTagsEditor (242)
[2017.10.24-04.06.44:607][ 87]LogModuleManager: Shutting down and abandoning module FacialAnimationEditor (240)
[2017.10.24-04.06.44:607][ 87]LogModuleManager: Shutting down and abandoning module FacialAnimation (238)
[2017.10.24-04.06.44:607][ 87]LogModuleManager: Shutting down and abandoning module AssetManagerEditor (236)
[2017.10.24-04.06.44:608][ 87]LogModuleManager: Shutting down and abandoning module GraphEditor (235)
[2017.10.24-04.06.44:608][ 87]LogModuleManager: Shutting down and abandoning module ContentBrowser (233)
[2017.10.24-04.06.44:613][ 87]LogModuleManager: Shutting down and abandoning module LightPropagationVolumeRuntime (230)
[2017.10.24-04.06.44:613][ 87]LogModuleManager: Shutting down and abandoning module Paper2D (228)
[2017.10.24-04.06.44:613][ 87]LogModuleManager: Shutting down and abandoning module WindowsMoviePlayer (226)
[2017.10.24-04.06.44:613][ 87]LogModuleManager: Shutting down and abandoning module WmfMedia (224)
[2017.10.24-04.06.44:613][ 87]LogModuleManager: Shutting down and abandoning module PacketHandler (222)
[2017.10.24-04.06.44:613][ 87]LogModuleManager: Shutting down and abandoning module ClothingSystemEditor (220)
[2017.10.24-04.06.44:613][ 87]LogModuleManager: Shutting down and abandoning module ClothingSystemRuntime (218)
[2017.10.24-04.06.44:614][ 87]LogModuleManager: Shutting down and abandoning module Overlay (216)
[2017.10.24-04.06.44:614][ 87]LogModuleManager: Shutting down and abandoning module OverlayEditor (215)
[2017.10.24-04.06.44:614][ 87]LogModuleManager: Shutting down and abandoning module MediaAssets (212)
[2017.10.24-04.06.44:614][ 87]LogModuleManager: Shutting down and abandoning module VREditor (210)
[2017.10.24-04.06.44:614][ 87]LogModuleManager: Shutting down and abandoning module StringTableEditor (208)
[2017.10.24-04.06.44:614][ 87]LogModuleManager: Shutting down and abandoning module GameplayTasksEditor (206)
[2017.10.24-04.06.44:614][ 87]LogModuleManager: Shutting down and abandoning module BehaviorTreeEditor (204)
[2017.10.24-04.06.44:614][ 87]LogModuleManager: Shutting down and abandoning module FunctionalTesting (202)
[2017.10.24-04.06.44:614][ 87]LogModuleManager: Shutting down and abandoning module CollisionAnalyzer (200)
[2017.10.24-04.06.44:615][ 87]LogModuleManager: Shutting down and abandoning module WorkspaceMenuStructure (199)
[2017.10.24-04.06.44:615][ 87]LogModuleManager: Shutting down and abandoning module UMG (196)
[2017.10.24-04.06.44:615][ 87]LogModuleManager: Shutting down and abandoning module UMGEditor (195)
[2017.10.24-04.06.44:615][ 87]LogModuleManager: Shutting down and abandoning module Sequencer (194)
[2017.10.24-04.06.44:615][ 87]LogModuleManager: Shutting down and abandoning module MessageLog (191)
[2017.10.24-04.06.44:615][ 87]LogModuleManager: Shutting down and abandoning module SlateReflector (186)
[2017.10.24-04.06.44:616][ 87]LogModuleManager: Shutting down and abandoning module Slate (184)
[2017.10.24-04.06.44:616][ 87]LogModuleManager: Shutting down and abandoning module EditorStyle (182)
[2017.10.24-04.06.44:626][ 87]LogModuleManager: Shutting down and abandoning module MRMesh (180)
[2017.10.24-04.06.44:626][ 87]LogModuleManager: Shutting down and abandoning module SourceCodeAccess (178)
[2017.10.24-04.06.44:626][ 87]LogModuleManager: Shutting down and abandoning module HeadMountedDisplay (176)
[2017.10.24-04.06.44:626][ 87]LogModuleManager: Shutting down and abandoning module XAudio2 (174)
[2017.10.24-04.06.44:626][ 87]LogModuleManager: Shutting down and abandoning module Networking (172)
[2017.10.24-04.06.44:626][ 87]LogModuleManager: Shutting down and abandoning module Core (168)
[2017.10.24-04.06.44:626][ 87]LogModuleManager: Shutting down and abandoning module KismetCompiler (164)
[2017.10.24-04.06.44:626][ 87]LogModuleManager: Shutting down and abandoning module LevelSequence (162)
[2017.10.24-04.06.44:626][ 87]LogModuleManager: Shutting down and abandoning module MeshUtilities (160)
[2017.10.24-04.06.44:627][ 87]LogModuleManager: Shutting down and abandoning module MeshMergeUtilities (159)
[2017.10.24-04.06.44:627][ 87]LogModuleManager: Shutting down and abandoning module MeshReductionInterface (158)
[2017.10.24-04.06.44:627][ 87]LogModuleManager: Shutting down and abandoning module SimplygonSwarm (157)
[2017.10.24-04.06.44:627][ 87]LogModuleManager: Shutting down and abandoning module SimplygonMeshReduction (155)
[2017.10.24-04.06.44:627][ 87]LogModuleManager: Shutting down and abandoning module QuadricMeshReduction (153)
[2017.10.24-04.06.44:627][ 87]LogModuleManager: Shutting down and abandoning module MaterialBaking (149)
[2017.10.24-04.06.44:627][ 87]LogModuleManager: Shutting down and abandoning module DirectoryWatcher (146)
[2017.10.24-04.06.44:629][ 87]LogModuleManager: Shutting down and abandoning module DerivedDataCache (144)
[2017.10.24-04.06.44:707][ 87]LogDerivedDataCache: Shutdown
[2017.10.24-04.06.44:707][ 87]LogModuleManager: Shutting down and abandoning module TargetPlatform (142)
[2017.10.24-04.06.44:707][ 87]LogModuleManager: Shutting down and abandoning module VulkanShaderFormat (141)
[2017.10.24-04.06.44:707][ 87]LogModuleManager: Shutting down and abandoning module ShaderFormatVectorVM (139)
[2017.10.24-04.06.44:707][ 87]LogModuleManager: Shutting down and abandoning module ShaderFormatOpenGL (137)
[2017.10.24-04.06.44:707][ 87]LogModuleManager: Shutting down and abandoning module ShaderFormatD3D (135)
[2017.10.24-04.06.44:707][ 87]LogModuleManager: Shutting down and abandoning module MetalShaderFormat (133)
[2017.10.24-04.06.44:707][ 87]LogModuleManager: Shutting down and abandoning module TextureFormatUncompressed (131)
[2017.10.24-04.06.44:707][ 87]LogModuleManager: Shutting down and abandoning module TextureFormatPVR (129)
[2017.10.24-04.06.44:707][ 87]LogModuleManager: Shutting down and abandoning module TextureFormatDXT (127)
[2017.10.24-04.06.44:708][ 87]LogModuleManager: Shutting down and abandoning module TextureFormatIntelISPCTexComp (125)
[2017.10.24-04.06.44:708][ 87]LogModuleManager: Shutting down and abandoning module TextureFormatASTC (123)
[2017.10.24-04.06.44:708][ 87]LogModuleManager: Shutting down and abandoning module ImageWrapper (122)
[2017.10.24-04.06.44:708][ 87]LogModuleManager: Shutting down and abandoning module TextureFormatAndroid (119)
[2017.10.24-04.06.44:708][ 87]LogModuleManager: Shutting down and abandoning module AudioFormatOpus (117)
[2017.10.24-04.06.44:708][ 87]LogModuleManager: Shutting down and abandoning module AudioFormatOgg (115)
[2017.10.24-04.06.44:708][ 87]LogModuleManager: Shutting down and abandoning module AudioFormatADPCM (113)
[2017.10.24-04.06.44:708][ 87]LogModuleManager: Shutting down and abandoning module LinuxTargetPlatform (111)
[2017.10.24-04.06.44:708][ 87]LogModuleManager: Shutting down and abandoning module LinuxServerTargetPlatform (109)
[2017.10.24-04.06.44:708][ 87]LogModuleManager: Shutting down and abandoning module LinuxNoEditorTargetPlatform (107)
[2017.10.24-04.06.44:708][ 87]LogModuleManager: Shutting down and abandoning module LinuxClientTargetPlatform (105)
[2017.10.24-04.06.44:708][ 87]LogModuleManager: Shutting down and abandoning module TVOSTargetPlatform (103)
[2017.10.24-04.06.44:708][ 87]LogModuleManager: Shutting down and abandoning module Messaging (101)
[2017.10.24-04.06.44:708][ 87]LogModuleManager: Shutting down and abandoning module IOSTargetPlatform (99)
[2017.10.24-04.06.44:708][ 87]LogModuleManager: Shutting down and abandoning module HTML5TargetPlatform (97)
[2017.10.24-04.06.44:708][ 87]LogModuleManager: Shutting down and abandoning module Android_PVRTCTargetPlatform (95)
[2017.10.24-04.06.44:708][ 87]LogModuleManager: Shutting down and abandoning module Android_MultiTargetPlatform (93)
[2017.10.24-04.06.44:708][ 87]LogModuleManager: Shutting down and abandoning module Android_ETC2TargetPlatform (91)
[2017.10.24-04.06.44:708][ 87]LogModuleManager: Shutting down and abandoning module Android_ETC1TargetPlatform (89)
[2017.10.24-04.06.44:708][ 87]LogModuleManager: Shutting down and abandoning module Android_DXTTargetPlatform (87)
[2017.10.24-04.06.44:708][ 87]LogModuleManager: Shutting down and abandoning module Android_ATCTargetPlatform (85)
[2017.10.24-04.06.44:708][ 87]LogModuleManager: Shutting down and abandoning module Android_ASTCTargetPlatform (83)
[2017.10.24-04.06.44:708][ 87]LogModuleManager: Shutting down and abandoning module AndroidTargetPlatform (81)
[2017.10.24-04.06.44:708][ 87]LogModuleManager: Shutting down and abandoning module WindowsTargetPlatform (79)
[2017.10.24-04.06.44:708][ 87]LogModuleManager: Shutting down and abandoning module WindowsServerTargetPlatform (77)
[2017.10.24-04.06.44:708][ 87]LogModuleManager: Shutting down and abandoning module WindowsNoEditorTargetPlatform (75)
[2017.10.24-04.06.44:708][ 87]LogModuleManager: Shutting down and abandoning module WindowsClientTargetPlatform (73)
[2017.10.24-04.06.44:708][ 87]LogModuleManager: Shutting down and abandoning module MacTargetPlatform (71)
[2017.10.24-04.06.44:708][ 87]LogModuleManager: Shutting down and abandoning module MacServerTargetPlatform (69)
[2017.10.24-04.06.44:708][ 87]LogModuleManager: Shutting down and abandoning module MacNoEditorTargetPlatform (67)
[2017.10.24-04.06.44:708][ 87]LogModuleManager: Shutting down and abandoning module MacClientTargetPlatform (65)
[2017.10.24-04.06.44:708][ 87]LogModuleManager: Shutting down and abandoning module AllDesktopTargetPlatform (63)
[2017.10.24-04.06.44:708][ 87]LogModuleManager: Shutting down and abandoning module InputCore (60)
[2017.10.24-04.06.44:708][ 87]LogModuleManager: Shutting down and abandoning module Settings (58)
[2017.10.24-04.06.44:708][ 87]LogModuleManager: Shutting down and abandoning module PhysXCooking (56)
[2017.10.24-04.06.44:708][ 87]LogModuleManager: Shutting down and abandoning module SteamVR (54)
[2017.10.24-04.06.44:708][ 87]LogModuleManager: Shutting down and abandoning module OculusHMD (52)
[2017.10.24-04.06.44:708][ 87]LogModuleManager: Shutting down and abandoning module ExampleDeviceProfileSelector (50)
[2017.10.24-04.06.44:708][ 87]LogModuleManager: Shutting down and abandoning module OnlineBlueprintSupport (48)
[2017.10.24-04.06.44:708][ 87]LogModuleManager: Shutting down and abandoning module OnlineSubsystem (44)
[2017.10.24-04.06.44:708][ 87]LogOnline: Display: Unloading online subsystem: NULL
[2017.10.24-04.06.44:708][ 87]LogModuleManager: Shutting down and abandoning module XMPP (43)
[2017.10.24-04.06.44:708][ 87]LogModuleManager: Shutting down and abandoning module HTTP (41)
[2017.10.24-04.06.44:708][ 87]LogHttp: Display: Http module shutting down, but needs to wait on 1 outstanding Http requests:
[2017.10.24-04.06.44:708][ 87]LogHttp: Display: 	verb=[POST] url=[https://datarouter.ol.epicgames.com/datarouter/api/v1/public/data?SessionID=%7B2B91492F-4A17-93C6-65AC-3AA85355E0BF%7D&AppID=UEEditor.Rocket.Release&AppVersion=4.17.2-3658906%2B%2B%2BUE4%2BRelease-4.17&UserID=1ad8fa384572165b40d63c9dfcf7f7ee%7C698a553c169c4b35a76f7585e715ceaa%7Cb5d1b752-f003-4fee-8e6d-51a2964e2b50&AppEnvironment=datacollector-binary&UploadType=eteventstream] status=Processing
[2017.10.24-04.06.44:742][ 87]LogModuleManager: Shutting down and abandoning module SSL (40)
[2017.10.24-04.06.44:743][ 87]LogModuleManager: Shutting down and abandoning module AnimationModifiers (36)
[2017.10.24-04.06.44:743][ 87]LogModuleManager: Shutting down and abandoning module PropertyEditor (35)
[2017.10.24-04.06.44:743][ 87]LogModuleManager: Shutting down and abandoning module AudioEditor (32)
[2017.10.24-04.06.44:743][ 87]LogModuleManager: Shutting down and abandoning module TextureCompressor (30)
[2017.10.24-04.06.44:743][ 87]LogModuleManager: Shutting down and abandoning module ShaderCore (28)
[2017.10.24-04.06.44:743][ 87]LogModuleManager: Shutting down and abandoning module Landscape (26)
[2017.10.24-04.06.44:743][ 87]LogModuleManager: Shutting down and abandoning module SlateRHIRenderer (24)
[2017.10.24-04.06.44:744][ 87]LogModuleManager: Shutting down and abandoning module OpenGLDrv (22)
[2017.10.24-04.06.44:744][ 87]LogModuleManager: Shutting down and abandoning module D3D11RHI (20)
[2017.10.24-04.06.44:744][ 87]LogModuleManager: Shutting down and abandoning module AnimGraphRuntime (18)
[2017.10.24-04.06.44:744][ 87]LogModuleManager: Shutting down and abandoning module Renderer (16)
[2017.10.24-04.06.44:744][ 87]LogModuleManager: Shutting down and abandoning module Engine (14)
[2017.10.24-04.06.44:744][ 87]LogModuleManager: Shutting down and abandoning module CoreUObject (12)
[2017.10.24-04.06.44:744][ 87]LogModuleManager: Shutting down and abandoning module NetworkFile (10)
[2017.10.24-04.06.44:744][ 87]LogModuleManager: Shutting down and abandoning module CookedIterativeFile (8)
[2017.10.24-04.06.44:744][ 87]LogModuleManager: Shutting down and abandoning module StreamingFile (6)
[2017.10.24-04.06.44:744][ 87]LogModuleManager: Shutting down and abandoning module SandboxFile (4)
[2017.10.24-04.06.44:744][ 87]LogModuleManager: Shutting down and abandoning module PakFile (2)
[2017.10.24-04.06.44:746][ 87]LogExit: Exiting.
[2017.10.24-04.06.44:759][ 87]Log file closed, 10/23/17 21:06:44
