Log file open, 10/24/17 21:07:15
LogWindows: Failed to load 'aqProf.dll' (GetLastError=126)
LogWindows: File 'aqProf.dll' does not exist
LogWindows: Failed to load 'VSPerf140.dll' (GetLastError=126)
LogWindows: File 'VSPerf140.dll' does not exist
LogWindows: Failed to load 'VtuneApi.dll' (GetLastError=126)
LogWindows: File 'VtuneApi.dll' does not exist
LogWindows: Failed to load 'VtuneApi32e.dll' (GetLastError=126)
LogWindows: File 'VtuneApi32e.dll' does not exist
LogInit: Display: Running engine for game: PoC_Ellie
LogPlatformFile: Not using cached read wrapper
LogInit: Display: RandInit(30943205) SRandInit(30943205).
LogTaskGraph: Started task graph with 5 named threads and 14 total threads with 3 sets of task threads.
LogStats: Stats thread started at 0.197353
LogD3D11RHI: Aftermath initialized
LogPluginManager: Mounting plugin Paper2D
LogPluginManager: Mounting plugin LightPropagationVolume
LogPluginManager: Mounting plugin CodeLiteSourceCodeAccess
LogPluginManager: Mounting plugin GitSourceControl
LogPluginManager: Mounting plugin KDevelopSourceCodeAccess
LogPluginManager: Mounting plugin NullSourceCodeAccess
LogPluginManager: Mounting plugin PerforceSourceControl
LogPluginManager: Mounting plugin SubversionSourceControl
LogPluginManager: Mounting plugin UObjectPlugin
LogPluginManager: Mounting plugin VisualStudioSourceCodeAccess
LogPluginManager: Mounting plugin XCodeSourceCodeAccess
LogPluginManager: Mounting plugin AssetManagerEditor
LogPluginManager: Mounting plugin AudioCapture
LogPluginManager: Mounting plugin FacialAnimation
LogPluginManager: Mounting plugin GameplayTagsEditor
LogPluginManager: Mounting plugin MobileLauncherProfileWizard
LogPluginManager: Mounting plugin PluginBrowser
LogPluginManager: Mounting plugin SpeedTreeImporter
LogPluginManager: Mounting plugin AlembicImporter
LogPluginManager: Mounting plugin CharacterAI
LogPluginManager: Mounting plugin HTML5Networking
LogPluginManager: Mounting plugin AndroidMedia
LogPluginManager: Mounting plugin AvfMedia
LogPluginManager: Mounting plugin MediaPlayerEditor
LogPluginManager: Mounting plugin WmfMedia
LogPluginManager: Mounting plugin TcpMessaging
LogPluginManager: Mounting plugin UdpMessaging
LogPluginManager: Mounting plugin LevelSequenceEditor
LogPluginManager: Mounting plugin MatineeToLevelSequence
LogPluginManager: Mounting plugin OnlineSubsystemGooglePlay
LogPluginManager: Mounting plugin OnlineSubsystemIOS
LogPluginManager: Mounting plugin OnlineSubsystem
LogPluginManager: Mounting plugin OnlineSubsystemNull
LogPluginManager: Mounting plugin OnlineSubsystemUtils
LogPluginManager: Mounting plugin AndroidDeviceProfileSelector
LogPluginManager: Mounting plugin AndroidMoviePlayer
LogPluginManager: Mounting plugin AndroidPermission
LogPluginManager: Mounting plugin AppleMoviePlayer
LogPluginManager: Mounting plugin ArchVisCharacter
LogPluginManager: Mounting plugin CableComponent
LogPluginManager: Mounting plugin CustomMeshComponent
LogPluginManager: Mounting plugin ExampleDeviceProfileSelector
LogPluginManager: Mounting plugin GoogleCloudMessaging
LogPluginManager: Mounting plugin ImmediatePhysics
LogPluginManager: Mounting plugin IOSDeviceProfileSelector
LogPluginManager: Mounting plugin LinuxDeviceProfileSelector
LogPluginManager: Mounting plugin LocationServicesBPLibrary
LogPluginManager: Mounting plugin MobilePatchingUtils
LogPluginManager: Mounting plugin OculusVR
LogPluginManager: Mounting plugin PhysXVehicles
LogPluginManager: Mounting plugin ProceduralMeshComponent
LogPluginManager: Mounting plugin RuntimePhysXCooking
LogPluginManager: Mounting plugin SteamVR
LogPluginManager: Mounting plugin WindowsMoviePlayer
LogInit: Using libcurl 7.47.1
LogInit:  - built for x86_64-pc-win32
LogInit:  - supports SSL with OpenSSL/1.0.2g
LogInit:  - supports HTTP deflate (compression) using libz 1.2.8
LogInit:  - other features:
LogInit:      CURL_VERSION_SSL
LogInit:      CURL_VERSION_LIBZ
LogInit:      CURL_VERSION_IPV6
LogInit:      CURL_VERSION_ASYNCHDNS
LogInit:      CURL_VERSION_LARGEFILE
LogInit:      CURL_VERSION_IDN
LogInit:  CurlRequestOptions (configurable via config and command line):
LogInit:  - bVerifyPeer = false  - Libcurl will NOT verify peer certificate
LogInit:  - bUseHttpProxy = false  - Libcurl will NOT use HTTP proxy
LogInit:  - bDontReuseConnections = false  - Libcurl will reuse connections
LogInit:  - CertBundlePath = nullptr  - Libcurl will use whatever was configured at build time.
LogInit: Build: ++UE4+Release-4.17-CL-3658906
LogInit: Engine Version: 4.17.2-3658906+++UE4+Release-4.17
LogInit: Compatible Engine Version: 4.17.0-3573198+++UE4+Release-4.17
LogInit: Net CL: 3573198
LogDevObjectVersion: Number of dev versions registered: 16
LogDevObjectVersion:   Dev-Blueprints (B0D832E4-1F89-4F0D-ACCF-7EB736FD4AA2): 10
LogDevObjectVersion:   Dev-Build (E1C64328-A22C-4D53-A36C-8E866417BD8C): 0
LogDevObjectVersion:   Dev-Core (375EC13C-06E4-48FB-B500-84F0262A717E): 2
LogDevObjectVersion:   Dev-Editor (E4B068ED-F494-42E9-A231-DA0B2E46BB41): 20
LogDevObjectVersion:   Dev-Framework (CFFC743F-43B0-4480-9391-14DF171D2073): 28
LogDevObjectVersion:   Dev-Mobile (B02B49B5-BB20-44E9-A304-32B752E40360): 0
LogDevObjectVersion:   Dev-Networking (A4E4105C-59A1-49B5-A7C5-40C4547EDFEE): 0
LogDevObjectVersion:   Dev-Online (39C831C9-5AE6-47DC-9A44-9C173E1C8E7C): 0
LogDevObjectVersion:   Dev-Physics (78F01B33-EBEA-4F98-B9B4-84EACCB95AA2): 0
LogDevObjectVersion:   Dev-Platform (6631380F-2D4D-43E0-8009-CF276956A95A): 0
LogDevObjectVersion:   Dev-Rendering (12F88B9F-8875-4AFC-A67C-D90C383ABD29): 19
LogDevObjectVersion:   Dev-Sequencer (7B5AE74C-D270-4C10-A958-57980B212A5A): 4
LogDevObjectVersion:   Dev-VR (D7296918-1DD6-4BDD-9DE2-64A83CC13884): 0
LogDevObjectVersion:   Dev-LoadTimes (C2A15278-BFE7-4AFE-6C17-90FF531DF755): 1
LogDevObjectVersion:   Private-Geometry (6EACA3D4-40EC-4CC1-B786-8BED09428FC5): 1
LogDevObjectVersion:   Dev-AnimPhys (29E575DD-E0A3-4627-9D10-D276232CDCEA): 7
LogInit: Compiled (64-bit): Sep 22 2017 13:47:16
LogInit: Compiled with Visual C++: 19.00.24215.01
LogInit: Build Configuration: Development
LogInit: Branch Name: ++UE4+Release-4.17
LogInit: Command line:  
LogInit: Base directory: C:/Program Files/Epic Games/UE_4.17/Engine/Binaries/Win64/
LogInit: Installed Engine Build: 1
LogInit: Presizing for max 8388607 objects, including 0 objects not considered by GC, pre-allocating 0 bytes for permanent pool.
LogInit: Object subsystem initialized
[2017.10.25-04.07.16:388][  0]LogInit: Selected Device Profile: [Windows]
[2017.10.25-04.07.16:388][  0]LogInit: Applying CVar settings loaded from the selected device profile: [Windows]
[2017.10.25-04.07.16:415][  0]LogInit: Computer: DESKTOP-Q555RM9
[2017.10.25-04.07.16:415][  0]LogInit: User: PrimaryUser
[2017.10.25-04.07.16:415][  0]LogInit: CPU Page size=4096, Cores=4
[2017.10.25-04.07.16:415][  0]LogInit: High frequency timer resolution =3.222652 MHz
[2017.10.25-04.07.16:415][  0]LogMemory: Memory total: Physical=15.9GB (16GB approx)
[2017.10.25-04.07.16:415][  0]LogMemory: Platform Memory Stats for Windows
[2017.10.25-04.07.16:415][  0]LogMemory: Process Physical Memory: 277.70 MB used, 277.70 MB peak
[2017.10.25-04.07.16:415][  0]LogMemory: Process Virtual Memory: 274.07 MB used, 274.07 MB peak
[2017.10.25-04.07.16:415][  0]LogMemory: Physical Memory: 7174.55 MB used,  9147.54 MB free, 16322.09 MB total
[2017.10.25-04.07.16:415][  0]LogMemory: Virtual Memory: 668.78 MB used,  9147.54 MB free, 134217728.00 MB total
[2017.10.25-04.07.16:577][  0]LogInit: Using OS detected language (en-US).
[2017.10.25-04.07.16:577][  0]LogInit: Using OS detected locale (en-US).
[2017.10.25-04.07.16:635][  0]LogTextLocalizationManager: No specific localization for 'en-US' exists, so the 'en' localization will be used.
[2017.10.25-04.07.19:527][  0]LogD3D11RHI: D3D11 adapters:
[2017.10.25-04.07.19:580][  0]LogD3D11RHI:    0. 'NVIDIA GeForce GTX 980' (Feature Level 11_0)
[2017.10.25-04.07.19:580][  0]LogD3D11RHI:       4060/0/8161 MB DedicatedVideo/DedicatedSystem/SharedSystem, Outputs:1, VendorId:0x10de
[2017.10.25-04.07.19:582][  0]LogD3D11RHI:    1. 'Microsoft Basic Render Driver' (Feature Level 11_0)
[2017.10.25-04.07.19:582][  0]LogD3D11RHI:       0/0/8161 MB DedicatedVideo/DedicatedSystem/SharedSystem, Outputs:0, VendorId:0x1414
[2017.10.25-04.07.19:582][  0]LogD3D11RHI: Chosen D3D11 Adapter: 0
[2017.10.25-04.07.19:589][  0]LogD3D11RHI: Creating new Direct3DDevice
[2017.10.25-04.07.19:589][  0]LogD3D11RHI:     GPU DeviceId: 0x13c0 (for the marketing name, search the web for "GPU Device Id")
[2017.10.25-04.07.19:589][  0]LogWindows: EnumDisplayDevices:
[2017.10.25-04.07.19:589][  0]LogWindows:    0. 'NVIDIA GeForce GTX 980' (P:1 D:1)
[2017.10.25-04.07.19:589][  0]LogWindows:    1. 'NVIDIA GeForce GTX 980' (P:0 D:0)
[2017.10.25-04.07.19:589][  0]LogWindows:    2. 'NVIDIA GeForce GTX 980' (P:0 D:0)
[2017.10.25-04.07.19:589][  0]LogWindows:    3. 'NVIDIA GeForce GTX 980' (P:0 D:0)
[2017.10.25-04.07.19:589][  0]LogWindows: DebugString: FoundDriverCount:4 
[2017.10.25-04.07.19:589][  0]LogD3D11RHI:     Adapter Name: NVIDIA GeForce GTX 980
[2017.10.25-04.07.19:589][  0]LogD3D11RHI:   Driver Version: 388.00 (internal:23.21.13.8800, unified:388.00)
[2017.10.25-04.07.19:589][  0]LogD3D11RHI:      Driver Date: 10-12-2017
[2017.10.25-04.07.19:589][  0]LogRHI: Texture pool is 1361 MB (70% of 1945 MB)
[2017.10.25-04.07.19:613][  0]LogD3D11RHI: Async texture creation enabled
[2017.10.25-04.07.19:655][  0]LogD3D11RHI: GPU Timing Frequency: 1000.000000 (Debug: 2 1)
[2017.10.25-04.07.19:657][  0]LogShaderCompilers: Guid format shader working directory is -20 characters bigger than the processId version (../../../../../../Users/Primary User/Documents/Unreal Projects/PoC_Ellie/Intermediate/Shaders/WorkingDirectory/21000/).
[2017.10.25-04.07.19:657][  0]LogShaderCompilers: Cleaned the shader compiler working directory 'C:/Users/Primary User/AppData/Local/Temp/UnrealShaderWorkingDir/C75F2E974E27667FD31FFD90E14B64E7/'.
[2017.10.25-04.07.19:657][  0]LogShaderCompilers: Display: Using Local Shader Compiler.
[2017.10.25-04.07.21:373][  0]LogTemp: Display: Loaded TP AllDesktopTargetPlatform
[2017.10.25-04.07.21:416][  0]LogTemp: Display: Loaded TP MacClientTargetPlatform
[2017.10.25-04.07.21:461][  0]LogTemp: Display: Loaded TP MacNoEditorTargetPlatform
[2017.10.25-04.07.21:519][  0]LogTemp: Display: Loaded TP MacServerTargetPlatform
[2017.10.25-04.07.21:573][  0]LogTemp: Display: Loaded TP MacTargetPlatform
[2017.10.25-04.07.21:618][  0]LogTemp: Display: Loaded TP WindowsClientTargetPlatform
[2017.10.25-04.07.21:663][  0]LogTemp: Display: Loaded TP WindowsNoEditorTargetPlatform
[2017.10.25-04.07.21:707][  0]LogTemp: Display: Loaded TP WindowsServerTargetPlatform
[2017.10.25-04.07.21:745][  0]LogTemp: Display: Loaded TP WindowsTargetPlatform
[2017.10.25-04.07.21:795][  0]LogTemp: Display: Loaded TP AndroidTargetPlatform
[2017.10.25-04.07.21:838][  0]LogTemp: Display: Loaded TP Android_ASTCTargetPlatform
[2017.10.25-04.07.21:880][  0]LogTemp: Display: Loaded TP Android_ATCTargetPlatform
[2017.10.25-04.07.21:923][  0]LogTemp: Display: Loaded TP Android_DXTTargetPlatform
[2017.10.25-04.07.21:967][  0]LogTemp: Display: Loaded TP Android_ETC1TargetPlatform
[2017.10.25-04.07.22:009][  0]LogTemp: Display: Loaded TP Android_ETC2TargetPlatform
[2017.10.25-04.07.22:093][  0]LogTemp: Display: Loaded TP Android_MultiTargetPlatform
[2017.10.25-04.07.22:093][  0]LogTemp: Display: Loaded TP Android_PVRTCTargetPlatform
[2017.10.25-04.07.22:125][  0]LogTemp: Display: Loaded TP HTML5TargetPlatform
[2017.10.25-04.07.22:211][  0]LogTemp: Display: Loaded TP IOSTargetPlatform
[2017.10.25-04.07.22:236][  0]LogTemp: Display: Loaded TP TVOSTargetPlatform
[2017.10.25-04.07.22:278][  0]LogTemp: Display: Loaded TP LinuxClientTargetPlatform
[2017.10.25-04.07.22:321][  0]LogTemp: Display: Loaded TP LinuxNoEditorTargetPlatform
[2017.10.25-04.07.22:375][  0]LogTemp: Display: Loaded TP LinuxServerTargetPlatform
[2017.10.25-04.07.22:422][  0]LogTemp: Display: Loaded TP LinuxTargetPlatform
[2017.10.25-04.07.22:422][  0]LogTargetPlatformManager: Display: Building Assets For Windows
[2017.10.25-04.07.22:849][  0]LogDerivedDataCache: Display: Max Cache Size: 512 MB
[2017.10.25-04.07.23:174][  0]LogDerivedDataCache: Loaded boot cache 0.32s 93MB C:/Users/Primary User/AppData/Local/UnrealEngine/4.17/DerivedDataCache/Boot.ddc.
[2017.10.25-04.07.23:174][  0]LogDerivedDataCache: Display: Loaded Boot cache: C:/Users/Primary User/AppData/Local/UnrealEngine/4.17/DerivedDataCache/Boot.ddc
[2017.10.25-04.07.23:174][  0]LogDerivedDataCache: FDerivedDataBackendGraph:  Pak pak cache file ../../../../../../Users/Primary User/Documents/Unreal Projects/PoC_Ellie/DerivedDataCache/DDC.ddp not found, will not use a pak cache.
[2017.10.25-04.07.23:174][  0]LogDerivedDataCache: Unable to find inner node Pak for hierarchical cache Hierarchy.
[2017.10.25-04.07.23:174][  0]LogDerivedDataCache: FDerivedDataBackendGraph:  CompressedPak pak cache file ../../../../../../Users/Primary User/Documents/Unreal Projects/PoC_Ellie/DerivedDataCache/Compressed.ddp not found, will not use a pak cache.
[2017.10.25-04.07.23:174][  0]LogDerivedDataCache: Unable to find inner node CompressedPak for hierarchical cache Hierarchy.
[2017.10.25-04.07.23:190][  0]LogDerivedDataCache: Display: Pak cache opened for reading ../../../Engine/DerivedDataCache/Compressed.ddp.
[2017.10.25-04.07.23:202][  0]LogDerivedDataCache: Using Local data cache path C:/Users/Primary User/AppData/Local/UnrealEngine/Common/DerivedDataCache: Writable
[2017.10.25-04.07.23:212][  0]LogMaterial: Verifying Global Shaders for PCD3D_SM5
[2017.10.25-04.07.23:212][  0]LogSlate: Using Freetype 2.6.0
[2017.10.25-04.07.23:221][  0]LogSlate: SlateFontCache - WITH_FREETYPE: 1, WITH_HARFBUZZ: 1
[2017.10.25-04.07.23:221][  0]LogSlate: SlateFontCache - WITH_FREETYPE: 1, WITH_HARFBUZZ: 1
[2017.10.25-04.07.23:799][  0]LogAssetRegistry: FAssetRegistry took 0.0256 seconds to start up
[2017.10.25-04.07.23:904][  0]LogInit: Selected Device Profile: [Windows]
[2017.10.25-04.07.24:042][  0]LogContentStreaming: Texture pool size is 0.00 MB
[2017.10.25-04.07.24:304][  0]LogSimplygon: Simplygon DLL not present - disabling.
[2017.10.25-04.07.24:337][  0]LogMeshReduction: Using SimplygonSwarm for distributed automatic mesh merging
[2017.10.25-04.07.24:337][  0]LogMeshReduction: Using QuadricMeshReduction for automatic static mesh reduction
[2017.10.25-04.07.24:337][  0]LogMeshReduction: No automatic skeletal mesh reduction module available
[2017.10.25-04.07.24:337][  0]LogMeshReduction: No automatic mesh merging module available
[2017.10.25-04.07.24:337][  0]LogMeshMerging: No automatic mesh merging module available
[2017.10.25-04.07.24:741][  0]LogMeshUtilities: Finished distance field build in 0.0s - 15x15x8 distance field, 32 triangles, Range [1.0, 1.0], SnapGridPlaneMesh
[2017.10.25-04.07.24:741][  0]LogMeshUtilities: Finished distance field build in 0.0s - 14x8x8 distance field, 4528 triangles, Range [-0.1, 0.6], MatineeCam_SM
[2017.10.25-04.07.24:741][  0]LogMeshUtilities: Discarded distance field for S_1_Unit_Plane as mesh was not closed!  Assign a two-sided material to fix.
[2017.10.25-04.07.24:741][  0]LogMeshUtilities: Finished distance field build in 0.0s - 8x8x8 distance field, 32 triangles, Range [-0.4, 0.7], S_1_Unit_Plane
[2017.10.25-04.07.24:741][  0]LogMeshUtilities: Finished distance field build in 0.0s - 8x14x8 distance field, 6252 triangles, Range [-0.1, 0.6], SM_CineCam
[2017.10.25-04.07.24:741][  0]LogMeshUtilities: Finished distance field build in 0.0s - 8x8x8 distance field, 1672 triangles, Range [-0.1, 0.4], SM_RailRig_Mount
[2017.10.25-04.07.24:741][  0]LogMeshUtilities: Finished distance field build in 0.0s - 8x8x11 distance field, 1488 triangles, Range [-0.0, 0.4], SM_RailRig_Track
[2017.10.25-04.07.24:741][  0]LogNetVersion: PoC_Ellie , NetCL: 3573198, EngineNetVer: 2, GameNetVer: 0 (Checksum: 1185797616)
[2017.10.25-04.07.24:984][  0]LogMeshUtilities: Finished distance field build in 0.4s - 21x50x21 distance field, 916 triangles, Range [-0.1, 0.6], SM_CraneRig_Body
[2017.10.25-04.07.24:984][  0]LogMeshUtilities: Finished distance field build in 0.0s - 8x8x8 distance field, 835 triangles, Range [-0.1, 0.8], GearVRController
[2017.10.25-04.07.24:984][  0]LogPackageLocalizationCache: Processed 5 localized package path(s) for 2 prioritized culture(s) in 0.062765 seconds
[2017.10.25-04.07.24:993][  0]LogUObjectArray: 35825 objects as part of root set at end of initial load.
[2017.10.25-04.07.24:993][  0]LogUObjectAllocator: 7529112 out of 0 bytes used by permanent object pool.
[2017.10.25-04.07.24:993][  0]LogUObjectArray: CloseDisregardForGC: 0/0 objects in disregard for GC pool
[2017.10.25-04.07.25:063][  0]LogInit: WinSock: version 1.1 (2.2), MaxSocks=32767, MaxUdp=65467
[2017.10.25-04.07.29:430][  0]LogMeshUtilities: Finished distance field build in 2.3s - 48x48x48 distance field, 528 triangles, Range [-0.6, 1.0], Sphere
[2017.10.25-04.07.29:430][  0]LogMeshUtilities: Discarded distance field for SplineEditorMesh as mesh was not closed!  Assign a two-sided material to fix.
[2017.10.25-04.07.29:430][  0]LogMeshUtilities: Finished distance field build in 0.0s - 15x15x8 distance field, 60 triangles, Range [-0.2, 1.0], SplineEditorMesh
[2017.10.25-04.07.29:924][  0]LogTcpMessaging: Initializing TcpMessaging bridge
[2017.10.25-04.07.29:964][  0]LogUdpMessaging: Initializing bridge on interface 0.0.0.0:0 to multicast group 230.0.0.1:6666.
[2017.10.25-04.07.30:710][  0]LogMaterial: Uniform references updated for custom material expression Custom.
[2017.10.25-04.07.31:192][  0]SourceControl: Source control is disabled
[2017.10.25-04.07.32:451][  0]LogAndroidPermission: UAndroidPermissionCallbackProxy::GetInstance
[2017.10.25-04.07.32:715][  0]LogOcInput: OculusInput pre-init called
[2017.10.25-04.07.33:001][  0]LogEngine: Initializing Engine...
[2017.10.25-04.07.33:003][  0]LogHMD: Failed to initialize OpenVR with code 110
[2017.10.25-04.07.33:253][  0]LogStats: UGameplayTagsManager::ConstructGameplayTagTree: Construct from data asset -  0.000 s
[2017.10.25-04.07.33:253][  0]LogStats: UGameplayTagsManager::ConstructGameplayTagTree: GameplayTagTreeChangedEvent.Broadcast -  0.000 s
[2017.10.25-04.07.33:393][  0]LogAIModule: Creating AISystem for world Untitled
[2017.10.25-04.07.33:405][  0]LogInit: XAudio2 using 'Speakers (Realtek High Definition Audio)' : 2 channels at 48 kHz using 32 bits per sample (channel mask 0x3)
[2017.10.25-04.07.33:435][  0]LogInit: FAudioDevice initialized.
[2017.10.25-04.07.33:525][  0]LogDerivedDataCache: Saved boot cache 0.09s 93MB C:/Users/Primary User/AppData/Local/UnrealEngine/4.17/DerivedDataCache/Boot.ddc.
[2017.10.25-04.07.33:540][  0]LogInit: Texture streaming: Enabled
[2017.10.25-04.07.33:671][  0]LogEngineSessionManager: EngineSessionManager initialized
[2017.10.25-04.07.33:941][  0]LogInit: Transaction tracking system initialized
[2017.10.25-04.07.34:260][  0]LogMeshUtilities: Finished distance field build in 6.8s - 64x64x64 distance field, 3968 triangles, Range [-0.1, 1.0], EditorSkySphere
[2017.10.25-04.07.34:261][  0]LogMeshUtilities: Finished distance field build in 0.0s - 9x8x9 distance field, 192 triangles, Range [-0.2, 0.6], Cylinder
[2017.10.25-04.07.34:261][  0]LogMeshUtilities: Finished distance field build in 0.0s - 8x8x8 distance field, 180 triangles, Range [-0.4, 0.8], JointSphere
[2017.10.25-04.07.34:261][  0]LogMeshUtilities: Finished distance field build in 0.0s - 8x8x8 distance field, 40 triangles, Range [-0.5, 0.6], LineSegmentCylinder
[2017.10.25-04.07.34:261][  0]LogMeshUtilities: Finished distance field build in 0.0s - 8x8x8 distance field, 5818 triangles, Range [-0.0, 0.7], GenericHMD
[2017.10.25-04.07.34:261][  0]LogMeshUtilities: Discarded distance field for LaserPointerMesh as mesh was not closed!  Assign a two-sided material to fix.
[2017.10.25-04.07.34:261][  0]LogMeshUtilities: Finished distance field build in 0.0s - 8x8x8 distance field, 1024 triangles, Range [-0.5, 0.6], LaserPointerMesh
[2017.10.25-04.07.34:261][  0]LogMeshUtilities: Discarded distance field for LaserPointerMesh_End as mesh was not closed!  Assign a two-sided material to fix.
[2017.10.25-04.07.34:261][  0]LogMeshUtilities: Finished distance field build in 0.0s - 8x8x8 distance field, 1084 triangles, Range [-0.5, 0.6], LaserPointerMesh_End
[2017.10.25-04.07.34:261][  0]LogMeshUtilities: Discarded distance field for LaserPointerMesh_Start as mesh was not closed!  Assign a two-sided material to fix.
[2017.10.25-04.07.34:261][  0]LogMeshUtilities: Finished distance field build in 0.0s - 8x8x8 distance field, 1084 triangles, Range [-0.5, 0.6], LaserPointerMesh_Start
[2017.10.25-04.07.34:261][  0]BlueprintLog: New page: Editor Load
[2017.10.25-04.07.35:045][  0]LogMeshUtilities: Finished distance field build in 0.1s - 25x15x8 distance field, 196 triangles, Range [0.0, 0.7], TeleportDirectionMesh
[2017.10.25-04.07.35:045][  0]LogMeshUtilities: Finished distance field build in 0.0s - 8x8x8 distance field, 440 triangles, Range [-0.0, 0.4], SM_Dialog_Close
[2017.10.25-04.07.35:045][  0]LogMeshUtilities: Finished distance field build in 0.0s - 8x8x8 distance field, 240 triangles, Range [-0.0, 0.4], SM_Dialog_Move
[2017.10.25-04.07.35:045][  0]LogMeshUtilities: Discarded distance field for SM_ContentWindow_01 as mesh was not closed!  Assign a two-sided material to fix.
[2017.10.25-04.07.35:045][  0]LogMeshUtilities: Finished distance field build in 0.0s - 8x15x15 distance field, 670 triangles, Range [-0.1, 1.0], SM_ContentWindow_01
[2017.10.25-04.07.35:045][  0]LogMeshUtilities: Finished distance field build in 0.0s - 8x8x8 distance field, 1728 triangles, Range [1.0, 1.0], SM_Radial_Disk
[2017.10.25-04.07.35:046][  0]LogMeshUtilities: Finished distance field build in 0.0s - 8x8x8 distance field, 744 triangles, Range [1.0, 1.0], SM_Radial_Pointer
[2017.10.25-04.07.35:046][  0]LogMeshUtilities: Finished distance field build in 0.0s - 15x15x8 distance field, 32 triangles, Range [1.0, 1.0], PlaneMesh
[2017.10.25-04.07.35:046][  0]LogMeshUtilities: Finished distance field build in 0.0s - 8x8x8 distance field, 12554 triangles, Range [-0.1, 1.0], OculusControllerMesh
[2017.10.25-04.07.35:046][  0]LogMeshUtilities: Finished distance field build in 0.0s - 8x8x8 distance field, 17326 triangles, Range [-0.1, 0.6], VivePreControllerMesh
[2017.10.25-04.07.35:046][  0]LogMeshUtilities: Finished distance field build in 0.4s - 15x30x30 distance field, 254 triangles, Range [-0.2, 1.0], CursorPointer
[2017.10.25-04.07.35:046][  0]LogMeshUtilities: Finished distance field build in 0.0s - 8x8x8 distance field, 528 triangles, Range [-0.4, 0.9], HoverMesh
[2017.10.25-04.07.35:261][  0]LocalizationService: Localization service is disabled
[2017.10.25-04.07.36:085][  0]LogMeshUtilities: Finished distance field build in 0.9s - 28x28x38 distance field, 448 triangles, Range [-0.5, 0.6], EditorCylinder
[2017.10.25-04.07.36:085][  0]LogMeshUtilities: Finished distance field build in 0.3s - 8x38x38 distance field, 32 triangles, Range [-0.1, 1.0], EditorPlane
[2017.10.25-04.07.36:088][  0]LogConsoleResponse: Display: 
[2017.10.25-04.07.36:309][  0]LogCook: Display: Max memory allowance for cook 16384mb min free memory 0mb
[2017.10.25-04.07.36:309][  0]LogCook: Display: Mobile HDR setting 1
[2017.10.25-04.07.36:310][  0]LogGameplayTags: Display: UGameplayTagsManager::DoneAddingNativeTags. DelegateIsBound: 0
[2017.10.25-04.07.37:528][  0]LogFileCache: Scanning file cache for directory 'C:/Users/Primary User/Documents/Unreal Projects/PoC_Ellie/Content/' took 0.02s
[2017.10.25-04.07.37:579][  0]Cmd: MAP LOAD FILE="../../../../../../Users/Primary User/Documents/Unreal Projects/PoC_Ellie/Content/ThirdPersonBP/Maps/ThirdPersonExampleMap.umap" TEMPLATE=0 SHOWPROGRESS=1 FEATURELEVEL=3
[2017.10.25-04.07.37:579][  0]LightingResults: New page: Lighting Build
[2017.10.25-04.07.37:626][  0]MapCheck: New page: Map Check
[2017.10.25-04.07.37:626][  0]LightingResults: New page: Lighting Build
[2017.10.25-04.07.38:419][  0]LogAIModule: Creating AISystem for world ThirdPersonExampleMap
[2017.10.25-04.07.38:430][  0]LogEditorServer: Finished looking for orphan Actors (0.000 secs)
[2017.10.25-04.07.38:463][  0]Cmd: MAP CHECKDEP NOCLEARLOG
[2017.10.25-04.07.38:532][  0]MapCheck: Map check complete: 0 Error(s), 0 Warning(s), took 68.468ms to complete.
[2017.10.25-04.07.38:532][  0]LogFileHelpers: Loading map 'ThirdPersonExampleMap' took 0.953
[2017.10.25-04.07.38:764][  0]LogCollectionManager: Loaded 0 collections in 0.001999 seconds
[2017.10.25-04.07.38:844][  0]LogFileCache: Scanning file cache for directory 'C:/Users/Primary User/Documents/Unreal Projects/PoC_Ellie/Saved/Collections/' took 0.01s
[2017.10.25-04.07.38:845][  0]LogFileCache: Scanning file cache for directory 'C:/Users/Primary User/Documents/Unreal Projects/PoC_Ellie/Content/Developers/PrimaryUser/Collections/' took 0.01s
[2017.10.25-04.07.38:845][  0]LogFileCache: Scanning file cache for directory 'C:/Users/Primary User/Documents/Unreal Projects/PoC_Ellie/Content/Collections/' took 0.01s
[2017.10.25-04.07.38:845][  0]LogCollectionManager: Rebuilt the GUID cache for 0 collections in 0.000001 seconds
[2017.10.25-04.07.38:856][  0]LogContentBrowser: Native class hierarchy populated in 0.0108 seconds. Added 2387 classes and 502 folders.
[2017.10.25-04.07.38:926][  0]LogContentBrowser: Native class hierarchy updated for 'WidgetCarousel' in 0.0006 seconds. Added 0 classes and 0 folders.
[2017.10.25-04.07.39:323][  0]LogMeshUtilities: Finished distance field build in 3.2s - 48x48x48 distance field, 3968 triangles, Range [-0.6, 1.0], EditorSphere
[2017.10.25-04.07.39:323][  0]LogMeshUtilities: Finished distance field build in 0.1s - 15x15x15 distance field, 12 triangles, Range [-0.7, 1.0], 1M_Cube
[2017.10.25-04.07.39:323][  0]LogContentBrowser: Native class hierarchy updated for 'AddContentDialog' in 0.0008 seconds. Added 0 classes and 0 folders.
[2017.10.25-04.07.40:737][  0]LogMeshUtilities: Finished distance field build in 0.1s - 15x15x15 distance field, 204 triangles, Range [-0.7, 0.5], 1M_Cube_Chamfer
[2017.10.25-04.07.40:737][  0]LogSlate: Took 0.006367 seconds to synchronously load lazily loaded font '../../../Engine/Content/Slate/Fonts/Roboto-Regular.ttf' (155K)
[2017.10.25-04.07.40:747][  0]LogSlate: Took 0.006197 seconds to synchronously load lazily loaded font '../../../Engine/Content/Slate/Fonts/Roboto-Bold.ttf' (160K)
[2017.10.25-04.07.40:756][  0]LogSlate: Took 0.006981 seconds to synchronously load lazily loaded font '../../../Engine/Content/Editor/Slate/Fonts/FontAwesome.ttf' (139K)
[2017.10.25-04.07.40:908][  0]LogTemp: Executing iPhonePackager certificates Engine -bundlename com.YourCompany.PoCEllie
[2017.10.25-04.07.40:908][  0]LogTemp: CWD: C:\Program Files\Epic Games\UE_4.17\Engine\Binaries\DotNET\IOS
[2017.10.25-04.07.40:908][  0]LogTemp: Initial Dir: C:\Program Files\Epic Games\UE_4.17
[2017.10.25-04.07.40:908][  0]LogTemp: Env CWD: C:\Program Files\Epic Games\UE_4.17\Engine\Binaries\DotNET\IOS
[2017.10.25-04.07.40:908][  0]LogTemp: BranchPath = DESKTOP-Q555RM9/C/Program Files/Epic Games/UE_4.17/Engine/Binaries --- GameBranchPath = DESKTOP-Q555RM9/C/Program Files/Epic Games/UE_4.17/Engine/Binaries
[2017.10.25-04.07.40:908][  0]LogTemp: IPP ERROR: Could not find provision directory 'C:\Users\Primary User\AppData\Local/Apple Computer/MobileDevice/Provisioning Profiles/'.
[2017.10.25-04.07.40:908][  0]LogRenderer: Reallocating scene render targets to support 1164x656 Format 10 NumSamples 1 (Frame:1).
[2017.10.25-04.07.41:144][  0]LogContentBrowser: Native class hierarchy updated for 'HierarchicalLODOutliner' in 0.0010 seconds. Added 1 classes and 2 folders.
[2017.10.25-04.07.41:144][  0]LogLoad: (Engine Initialization) Total time: 26.85 seconds
[2017.10.25-04.07.41:144][  0]LogLoad: (Engine Initialization) Total Blueprint compile time: 0.00 seconds
[2017.10.25-04.07.41:144][  0]LogExternalProfiler: No external profilers were discovered.  External profiling features will not be available.
[2017.10.25-04.07.41:518][  0]SourceControl: On branch KeeganD
[2017.10.25-04.07.41:518][  0]SourceControl: Your branch is up-to-date with 'origin/KeeganD'.
[2017.10.25-04.07.41:518][  0]SourceControl: Changes not staged for commit:
[2017.10.25-04.07.41:518][  0]SourceControl:   (use "git add <file>..." to update what will be committed)
[2017.10.25-04.07.41:518][  0]SourceControl:   (use "git checkout -- <file>..." to discard changes in working directory)
[2017.10.25-04.07.41:518][  0]SourceControl: 	modified:   Config/DefaultEditor.ini
[2017.10.25-04.07.41:518][  0]SourceControl: 	modified:   Config/DefaultEngine.ini
[2017.10.25-04.07.41:518][  0]SourceControl: 	modified:   Intermediate/CachedAssetRegistry.bin
[2017.10.25-04.07.41:518][  0]SourceControl: 	modified:   Intermediate/Config/CoalescedSourceConfigs/Engine.ini
[2017.10.25-04.07.41:518][  0]SourceControl: 	modified:   Saved/AutoScreenshot.png
[2017.10.25-04.07.41:518][  0]SourceControl: 	modified:   Saved/Autosaves/PackageRestoreData.json
[2017.10.25-04.07.41:518][  0]SourceControl: 	modified:   Saved/Config/Windows/Editor.ini
[2017.10.25-04.07.41:518][  0]SourceControl: 	modified:   Saved/Config/Windows/EditorPerProjectUserSettings.ini
[2017.10.25-04.07.41:518][  0]SourceControl: 	modified:   Saved/Logs/PoC_Ellie.log
[2017.10.25-04.07.41:518][  0]SourceControl: Untracked files:
[2017.10.25-04.07.41:519][  0]SourceControl:   (use "git add <file>..." to include in what will be committed)
[2017.10.25-04.07.41:519][  0]SourceControl: 	Saved/Backup/M_Shader_SimpleTranslucent_2017-10-24-21-07-13.uasset
[2017.10.25-04.07.41:519][  0]SourceControl: 	Saved/Config/CrashReportClient/UE4CC-Windows-D9CFE3C54EFD245E62D75B924EEAC7D2/
[2017.10.25-04.07.41:519][  0]SourceControl: 	Saved/Logs/PoC_Ellie_2.log
[2017.10.25-04.07.41:519][  0]SourceControl: no changes added to commit (use "git add" and/or "git commit -a")
[2017.10.25-04.07.41:519][  0]LogContentStreaming: Texture pool size now 1000 MB
[2017.10.25-04.07.41:646][  0]LogSlate: Took 0.006628 seconds to synchronously load lazily loaded font '../../../Engine/Content/Slate/Fonts/Roboto-Light.ttf' (159K)
[2017.10.25-04.07.42:154][  2]LogAssetRegistry: Asset discovery search completed in 18.3771 seconds
[2017.10.25-04.07.42:157][  2]LogCollectionManager: Rebuilt the object cache for 0 collections in 0.000001 seconds (found 0 objects)
[2017.10.25-04.07.42:157][  2]LogCollectionManager: Fixed up redirectors for 0 collections in 0.000055 seconds (updated 0 objects)
[2017.10.25-04.07.44:151][  8]LogMeshUtilities: Finished distance field build in 4.5s - 64x64x64 distance field, 128 triangles, Range [-0.0, 0.5], TemplateFloor
[2017.10.25-04.07.45:484][ 12]LogMeshUtilities: Finished distance field build in 1.6s - 64x43x38 distance field, 28 triangles, Range [-0.2, 0.5], LeftArm_StaticMesh
[2017.10.25-04.07.46:151][ 14]LogMeshUtilities: Finished distance field build in 0.7s - 45x30x29 distance field, 120 triangles, Range [-0.3, 1.0], Linear_Stair_StaticMesh
[2017.10.25-04.07.47:484][ 18]LogMeshUtilities: Finished distance field build in 1.3s - 30x62x45 distance field, 20 triangles, Range [-0.3, 0.6], Ramp_StaticMesh
[2017.10.25-04.07.49:150][ 23]LogMeshUtilities: Finished distance field build in 1.6s - 64x43x38 distance field, 28 triangles, Range [-0.2, 0.4], RightArm_StaticMesh
[2017.10.25-04.07.50:817][ 28]LogMeshUtilities: Finished distance field build in 1.5s - 64x37x39 distance field, 28 triangles, Range [-0.3, 0.5], Bump_StaticMesh
[2017.10.25-04.07.55:484][ 42]LogMeshUtilities: Finished distance field build in 4.9s - 64x64x64 distance field, 3968 triangles, Range [-0.1, 1.0], SM_SkySphere
[2017.10.25-04.07.55:484][ 42]LogMeshUtilities: Discarded distance field for Plane as mesh was not closed!  Assign a two-sided material to fix.
[2017.10.25-04.07.55:484][ 42]LogMeshUtilities: Finished distance field build in 0.0s - 15x15x8 distance field, 2 triangles, Range [-0.2, 1.0], Plane
[2017.10.25-04.07.55:828][ 44]LogMeshUtilities: Finished distance field build in 0.4s - 30x30x29 distance field, 284 triangles, Range [-0.4, 1.0], Cone
